INFO - 2023-08-12 00:01:26 --> Session: Class initialized using 'CodeIgniter\Session\Handlers\FileHandler' driver.
WARNING - 2023-08-12 00:01:26 --> [DEPRECATED] Creation of dynamic property App\Controllers\Data::$ModelData is deprecated in APPPATH\Controllers\Data.php on line 12.
 1 SYSTEMPATH\CodeIgniter.php(904): App\Controllers\Data->__construct()
 2 SYSTEMPATH\CodeIgniter.php(488): CodeIgniter\CodeIgniter->createController()
 3 SYSTEMPATH\CodeIgniter.php(366): CodeIgniter\CodeIgniter->handleRequest(null, Object(Config\Cache), false)
 4 FCPATH\index.php(67): CodeIgniter\CodeIgniter->run()
WARNING - 2023-08-12 00:01:30 --> [DEPRECATED] Creation of dynamic property App\Controllers\Data::$ModelData is deprecated in APPPATH\Controllers\Data.php on line 12.
 1 SYSTEMPATH\CodeIgniter.php(904): App\Controllers\Data->__construct()
 2 SYSTEMPATH\CodeIgniter.php(488): CodeIgniter\CodeIgniter->createController()
 3 SYSTEMPATH\CodeIgniter.php(366): CodeIgniter\CodeIgniter->handleRequest(null, Object(Config\Cache), false)
 4 FCPATH\index.php(67): CodeIgniter\CodeIgniter->run()
ERROR - 2023-08-12 00:01:30 --> mysqli_sql_exception: Unknown column 'nama_pegawai' in 'where clause' in C:\wamp64\www\sculing\system\Database\MySQLi\Connection.php:295
Stack trace:
#0 C:\wamp64\www\sculing\system\Database\MySQLi\Connection.php(295): mysqli->query('SELECT COUNT(id...', 0)
#1 C:\wamp64\www\sculing\system\Database\BaseConnection.php(692): CodeIgniter\Database\MySQLi\Connection->execute('SELECT COUNT(id...')
#2 C:\wamp64\www\sculing\system\Database\BaseConnection.php(606): CodeIgniter\Database\BaseConnection->simpleQuery('SELECT COUNT(id...')
#3 C:\wamp64\www\sculing\app\Models\ModelData.php(82): CodeIgniter\Database\BaseConnection->query('SELECT COUNT(id...')
#4 C:\wamp64\www\sculing\app\Controllers\Data.php(38): App\Models\ModelData->jumlah_filter()
#5 C:\wamp64\www\sculing\system\CodeIgniter.php(932): App\Controllers\Data->dataPenempatan()
#6 C:\wamp64\www\sculing\system\CodeIgniter.php(497): CodeIgniter\CodeIgniter->runController(Object(App\Controllers\Data))
#7 C:\wamp64\www\sculing\system\CodeIgniter.php(366): CodeIgniter\CodeIgniter->handleRequest(NULL, Object(Config\Cache), false)
#8 C:\wamp64\www\sculing\index.php(67): CodeIgniter\CodeIgniter->run()
#9 {main}
CRITICAL - 2023-08-12 00:01:30 --> Unknown column 'nama_pegawai' in 'where clause'
in SYSTEMPATH\Database\MySQLi\Connection.php on line 295.
 1 SYSTEMPATH\Database\MySQLi\Connection.php(295): mysqli->query('SELECT COUNT(id_penempatan) as jml FROM tbl_penempatan WHERE id_penempatan != \'\' AND (nama_pegawai LIKE \'%%\' OR nip LIKE \'%%\' OR unit_now LIKE \'%%\' OR tmt LIKE \'%%\')', 0)
 2 SYSTEMPATH\Database\BaseConnection.php(692): CodeIgniter\Database\MySQLi\Connection->execute('SELECT COUNT(id_penempatan) as jml FROM tbl_penempatan WHERE id_penempatan != \'\' AND (nama_pegawai LIKE \'%%\' OR nip LIKE \'%%\' OR unit_now LIKE \'%%\' OR tmt LIKE \'%%\')')
 3 SYSTEMPATH\Database\BaseConnection.php(606): CodeIgniter\Database\BaseConnection->simpleQuery('SELECT COUNT(id_penempatan) as jml FROM tbl_penempatan WHERE id_penempatan != \'\' AND (nama_pegawai LIKE \'%%\' OR nip LIKE \'%%\' OR unit_now LIKE \'%%\' OR tmt LIKE \'%%\')')
 4 APPPATH\Models\ModelData.php(82): CodeIgniter\Database\BaseConnection->query('SELECT COUNT(id_penempatan) as jml FROM tbl_penempatan WHERE id_penempatan != \'\' AND (nama_pegawai LIKE \'%%\' OR nip LIKE \'%%\' OR unit_now LIKE \'%%\' OR tmt LIKE \'%%\')')
 5 APPPATH\Controllers\Data.php(38): App\Models\ModelData->jumlah_filter()
 6 SYSTEMPATH\CodeIgniter.php(932): App\Controllers\Data->dataPenempatan()
 7 SYSTEMPATH\CodeIgniter.php(497): CodeIgniter\CodeIgniter->runController(Object(App\Controllers\Data))
 8 SYSTEMPATH\CodeIgniter.php(366): CodeIgniter\CodeIgniter->handleRequest(null, Object(Config\Cache), false)
 9 FCPATH\index.php(67): CodeIgniter\CodeIgniter->run()
INFO - 2023-08-12 00:02:50 --> Session: Class initialized using 'CodeIgniter\Session\Handlers\FileHandler' driver.
WARNING - 2023-08-12 00:02:50 --> [DEPRECATED] Creation of dynamic property App\Controllers\Data::$ModelData is deprecated in APPPATH\Controllers\Data.php on line 12.
 1 SYSTEMPATH\CodeIgniter.php(904): App\Controllers\Data->__construct()
 2 SYSTEMPATH\CodeIgniter.php(488): CodeIgniter\CodeIgniter->createController()
 3 SYSTEMPATH\CodeIgniter.php(366): CodeIgniter\CodeIgniter->handleRequest(null, Object(Config\Cache), false)
 4 FCPATH\index.php(67): CodeIgniter\CodeIgniter->run()
WARNING - 2023-08-12 00:02:51 --> [DEPRECATED] Creation of dynamic property App\Controllers\Data::$ModelData is deprecated in APPPATH\Controllers\Data.php on line 12.
 1 SYSTEMPATH\CodeIgniter.php(904): App\Controllers\Data->__construct()
 2 SYSTEMPATH\CodeIgniter.php(488): CodeIgniter\CodeIgniter->createController()
 3 SYSTEMPATH\CodeIgniter.php(366): CodeIgniter\CodeIgniter->handleRequest(null, Object(Config\Cache), false)
 4 FCPATH\index.php(67): CodeIgniter\CodeIgniter->run()
INFO - 2023-08-12 00:03:59 --> Session: Class initialized using 'CodeIgniter\Session\Handlers\FileHandler' driver.
WARNING - 2023-08-12 00:03:59 --> [DEPRECATED] Creation of dynamic property App\Controllers\Data::$ModelData is deprecated in APPPATH\Controllers\Data.php on line 12.
 1 SYSTEMPATH\CodeIgniter.php(904): App\Controllers\Data->__construct()
 2 SYSTEMPATH\CodeIgniter.php(488): CodeIgniter\CodeIgniter->createController()
 3 SYSTEMPATH\CodeIgniter.php(366): CodeIgniter\CodeIgniter->handleRequest(null, Object(Config\Cache), false)
 4 FCPATH\index.php(67): CodeIgniter\CodeIgniter->run()
WARNING - 2023-08-12 00:04:00 --> [DEPRECATED] Creation of dynamic property App\Controllers\Data::$ModelData is deprecated in APPPATH\Controllers\Data.php on line 12.
 1 SYSTEMPATH\CodeIgniter.php(904): App\Controllers\Data->__construct()
 2 SYSTEMPATH\CodeIgniter.php(488): CodeIgniter\CodeIgniter->createController()
 3 SYSTEMPATH\CodeIgniter.php(366): CodeIgniter\CodeIgniter->handleRequest(null, Object(Config\Cache), false)
 4 FCPATH\index.php(67): CodeIgniter\CodeIgniter->run()
INFO - 2023-08-12 00:05:00 --> Session: Class initialized using 'CodeIgniter\Session\Handlers\FileHandler' driver.
WARNING - 2023-08-12 00:05:00 --> [DEPRECATED] Creation of dynamic property App\Controllers\Data::$ModelData is deprecated in APPPATH\Controllers\Data.php on line 12.
 1 SYSTEMPATH\CodeIgniter.php(904): App\Controllers\Data->__construct()
 2 SYSTEMPATH\CodeIgniter.php(488): CodeIgniter\CodeIgniter->createController()
 3 SYSTEMPATH\CodeIgniter.php(366): CodeIgniter\CodeIgniter->handleRequest(null, Object(Config\Cache), false)
 4 FCPATH\index.php(67): CodeIgniter\CodeIgniter->run()
WARNING - 2023-08-12 00:05:01 --> [DEPRECATED] Creation of dynamic property App\Controllers\Data::$ModelData is deprecated in APPPATH\Controllers\Data.php on line 12.
 1 SYSTEMPATH\CodeIgniter.php(904): App\Controllers\Data->__construct()
 2 SYSTEMPATH\CodeIgniter.php(488): CodeIgniter\CodeIgniter->createController()
 3 SYSTEMPATH\CodeIgniter.php(366): CodeIgniter\CodeIgniter->handleRequest(null, Object(Config\Cache), false)
 4 FCPATH\index.php(67): CodeIgniter\CodeIgniter->run()
ERROR - 2023-08-12 00:05:01 --> mysqli_sql_exception: Unknown column 'nama_pegawai' in 'where clause' in C:\wamp64\www\sculing\system\Database\MySQLi\Connection.php:295
Stack trace:
#0 C:\wamp64\www\sculing\system\Database\MySQLi\Connection.php(295): mysqli->query('SELECT COUNT(id...', 0)
#1 C:\wamp64\www\sculing\system\Database\BaseConnection.php(692): CodeIgniter\Database\MySQLi\Connection->execute('SELECT COUNT(id...')
#2 C:\wamp64\www\sculing\system\Database\BaseConnection.php(606): CodeIgniter\Database\BaseConnection->simpleQuery('SELECT COUNT(id...')
#3 C:\wamp64\www\sculing\app\Models\ModelData.php(82): CodeIgniter\Database\BaseConnection->query('SELECT COUNT(id...')
#4 C:\wamp64\www\sculing\app\Controllers\Data.php(38): App\Models\ModelData->jumlah_filter()
#5 C:\wamp64\www\sculing\system\CodeIgniter.php(932): App\Controllers\Data->dataPenempatan()
#6 C:\wamp64\www\sculing\system\CodeIgniter.php(497): CodeIgniter\CodeIgniter->runController(Object(App\Controllers\Data))
#7 C:\wamp64\www\sculing\system\CodeIgniter.php(366): CodeIgniter\CodeIgniter->handleRequest(NULL, Object(Config\Cache), false)
#8 C:\wamp64\www\sculing\index.php(67): CodeIgniter\CodeIgniter->run()
#9 {main}
CRITICAL - 2023-08-12 00:05:01 --> Unknown column 'nama_pegawai' in 'where clause'
in SYSTEMPATH\Database\MySQLi\Connection.php on line 295.
 1 SYSTEMPATH\Database\MySQLi\Connection.php(295): mysqli->query('SELECT COUNT(id_penempatan) as jml FROM tbl_penempatan WHERE id_penempatan != \'\' AND (nama_pegawai LIKE \'%%\' OR nip LIKE \'%%\' OR unit_now LIKE \'%%\' OR tmt LIKE \'%%\')', 0)
 2 SYSTEMPATH\Database\BaseConnection.php(692): CodeIgniter\Database\MySQLi\Connection->execute('SELECT COUNT(id_penempatan) as jml FROM tbl_penempatan WHERE id_penempatan != \'\' AND (nama_pegawai LIKE \'%%\' OR nip LIKE \'%%\' OR unit_now LIKE \'%%\' OR tmt LIKE \'%%\')')
 3 SYSTEMPATH\Database\BaseConnection.php(606): CodeIgniter\Database\BaseConnection->simpleQuery('SELECT COUNT(id_penempatan) as jml FROM tbl_penempatan WHERE id_penempatan != \'\' AND (nama_pegawai LIKE \'%%\' OR nip LIKE \'%%\' OR unit_now LIKE \'%%\' OR tmt LIKE \'%%\')')
 4 APPPATH\Models\ModelData.php(82): CodeIgniter\Database\BaseConnection->query('SELECT COUNT(id_penempatan) as jml FROM tbl_penempatan WHERE id_penempatan != \'\' AND (nama_pegawai LIKE \'%%\' OR nip LIKE \'%%\' OR unit_now LIKE \'%%\' OR tmt LIKE \'%%\')')
 5 APPPATH\Controllers\Data.php(38): App\Models\ModelData->jumlah_filter()
 6 SYSTEMPATH\CodeIgniter.php(932): App\Controllers\Data->dataPenempatan()
 7 SYSTEMPATH\CodeIgniter.php(497): CodeIgniter\CodeIgniter->runController(Object(App\Controllers\Data))
 8 SYSTEMPATH\CodeIgniter.php(366): CodeIgniter\CodeIgniter->handleRequest(null, Object(Config\Cache), false)
 9 FCPATH\index.php(67): CodeIgniter\CodeIgniter->run()
INFO - 2023-08-12 00:05:23 --> Session: Class initialized using 'CodeIgniter\Session\Handlers\FileHandler' driver.
WARNING - 2023-08-12 00:05:23 --> [DEPRECATED] Creation of dynamic property App\Controllers\Data::$ModelData is deprecated in APPPATH\Controllers\Data.php on line 12.
 1 SYSTEMPATH\CodeIgniter.php(904): App\Controllers\Data->__construct()
 2 SYSTEMPATH\CodeIgniter.php(488): CodeIgniter\CodeIgniter->createController()
 3 SYSTEMPATH\CodeIgniter.php(366): CodeIgniter\CodeIgniter->handleRequest(null, Object(Config\Cache), false)
 4 FCPATH\index.php(67): CodeIgniter\CodeIgniter->run()
WARNING - 2023-08-12 00:05:24 --> [DEPRECATED] Creation of dynamic property App\Controllers\Data::$ModelData is deprecated in APPPATH\Controllers\Data.php on line 12.
 1 SYSTEMPATH\CodeIgniter.php(904): App\Controllers\Data->__construct()
 2 SYSTEMPATH\CodeIgniter.php(488): CodeIgniter\CodeIgniter->createController()
 3 SYSTEMPATH\CodeIgniter.php(366): CodeIgniter\CodeIgniter->handleRequest(null, Object(Config\Cache), false)
 4 FCPATH\index.php(67): CodeIgniter\CodeIgniter->run()
INFO - 2023-08-12 00:06:00 --> Session: Class initialized using 'CodeIgniter\Session\Handlers\FileHandler' driver.
WARNING - 2023-08-12 00:06:00 --> [DEPRECATED] Creation of dynamic property App\Controllers\Data::$ModelData is deprecated in APPPATH\Controllers\Data.php on line 12.
 1 SYSTEMPATH\CodeIgniter.php(904): App\Controllers\Data->__construct()
 2 SYSTEMPATH\CodeIgniter.php(488): CodeIgniter\CodeIgniter->createController()
 3 SYSTEMPATH\CodeIgniter.php(366): CodeIgniter\CodeIgniter->handleRequest(null, Object(Config\Cache), false)
 4 FCPATH\index.php(67): CodeIgniter\CodeIgniter->run()
WARNING - 2023-08-12 00:06:01 --> [DEPRECATED] Creation of dynamic property App\Controllers\Data::$ModelData is deprecated in APPPATH\Controllers\Data.php on line 12.
 1 SYSTEMPATH\CodeIgniter.php(904): App\Controllers\Data->__construct()
 2 SYSTEMPATH\CodeIgniter.php(488): CodeIgniter\CodeIgniter->createController()
 3 SYSTEMPATH\CodeIgniter.php(366): CodeIgniter\CodeIgniter->handleRequest(null, Object(Config\Cache), false)
 4 FCPATH\index.php(67): CodeIgniter\CodeIgniter->run()
INFO - 2023-08-12 00:06:15 --> Session: Class initialized using 'CodeIgniter\Session\Handlers\FileHandler' driver.
WARNING - 2023-08-12 00:06:15 --> [DEPRECATED] Creation of dynamic property App\Controllers\Data::$ModelData is deprecated in APPPATH\Controllers\Data.php on line 12.
 1 SYSTEMPATH\CodeIgniter.php(904): App\Controllers\Data->__construct()
 2 SYSTEMPATH\CodeIgniter.php(488): CodeIgniter\CodeIgniter->createController()
 3 SYSTEMPATH\CodeIgniter.php(366): CodeIgniter\CodeIgniter->handleRequest(null, Object(Config\Cache), false)
 4 FCPATH\index.php(67): CodeIgniter\CodeIgniter->run()
WARNING - 2023-08-12 00:06:16 --> [DEPRECATED] Creation of dynamic property App\Controllers\Data::$ModelData is deprecated in APPPATH\Controllers\Data.php on line 12.
 1 SYSTEMPATH\CodeIgniter.php(904): App\Controllers\Data->__construct()
 2 SYSTEMPATH\CodeIgniter.php(488): CodeIgniter\CodeIgniter->createController()
 3 SYSTEMPATH\CodeIgniter.php(366): CodeIgniter\CodeIgniter->handleRequest(null, Object(Config\Cache), false)
 4 FCPATH\index.php(67): CodeIgniter\CodeIgniter->run()
INFO - 2023-08-12 00:06:40 --> Session: Class initialized using 'CodeIgniter\Session\Handlers\FileHandler' driver.
WARNING - 2023-08-12 00:06:40 --> [DEPRECATED] Creation of dynamic property App\Controllers\Data::$ModelData is deprecated in APPPATH\Controllers\Data.php on line 12.
 1 SYSTEMPATH\CodeIgniter.php(904): App\Controllers\Data->__construct()
 2 SYSTEMPATH\CodeIgniter.php(488): CodeIgniter\CodeIgniter->createController()
 3 SYSTEMPATH\CodeIgniter.php(366): CodeIgniter\CodeIgniter->handleRequest(null, Object(Config\Cache), false)
 4 FCPATH\index.php(67): CodeIgniter\CodeIgniter->run()
WARNING - 2023-08-12 00:06:40 --> [DEPRECATED] Creation of dynamic property App\Controllers\Data::$ModelData is deprecated in APPPATH\Controllers\Data.php on line 12.
 1 SYSTEMPATH\CodeIgniter.php(904): App\Controllers\Data->__construct()
 2 SYSTEMPATH\CodeIgniter.php(488): CodeIgniter\CodeIgniter->createController()
 3 SYSTEMPATH\CodeIgniter.php(366): CodeIgniter\CodeIgniter->handleRequest(null, Object(Config\Cache), false)
 4 FCPATH\index.php(67): CodeIgniter\CodeIgniter->run()
INFO - 2023-08-12 00:06:56 --> Session: Class initialized using 'CodeIgniter\Session\Handlers\FileHandler' driver.
WARNING - 2023-08-12 00:06:56 --> [DEPRECATED] Creation of dynamic property App\Controllers\Data::$ModelData is deprecated in APPPATH\Controllers\Data.php on line 12.
 1 SYSTEMPATH\CodeIgniter.php(904): App\Controllers\Data->__construct()
 2 SYSTEMPATH\CodeIgniter.php(488): CodeIgniter\CodeIgniter->createController()
 3 SYSTEMPATH\CodeIgniter.php(366): CodeIgniter\CodeIgniter->handleRequest(null, Object(Config\Cache), false)
 4 FCPATH\index.php(67): CodeIgniter\CodeIgniter->run()
WARNING - 2023-08-12 00:06:57 --> [DEPRECATED] Creation of dynamic property App\Controllers\Data::$ModelData is deprecated in APPPATH\Controllers\Data.php on line 12.
 1 SYSTEMPATH\CodeIgniter.php(904): App\Controllers\Data->__construct()
 2 SYSTEMPATH\CodeIgniter.php(488): CodeIgniter\CodeIgniter->createController()
 3 SYSTEMPATH\CodeIgniter.php(366): CodeIgniter\CodeIgniter->handleRequest(null, Object(Config\Cache), false)
 4 FCPATH\index.php(67): CodeIgniter\CodeIgniter->run()
INFO - 2023-08-12 00:08:04 --> Session: Class initialized using 'CodeIgniter\Session\Handlers\FileHandler' driver.
WARNING - 2023-08-12 00:08:04 --> [DEPRECATED] Creation of dynamic property App\Controllers\Data::$ModelData is deprecated in APPPATH\Controllers\Data.php on line 12.
 1 SYSTEMPATH\CodeIgniter.php(904): App\Controllers\Data->__construct()
 2 SYSTEMPATH\CodeIgniter.php(488): CodeIgniter\CodeIgniter->createController()
 3 SYSTEMPATH\CodeIgniter.php(366): CodeIgniter\CodeIgniter->handleRequest(null, Object(Config\Cache), false)
 4 FCPATH\index.php(67): CodeIgniter\CodeIgniter->run()
WARNING - 2023-08-12 00:08:05 --> [DEPRECATED] Creation of dynamic property App\Controllers\Data::$ModelData is deprecated in APPPATH\Controllers\Data.php on line 12.
 1 SYSTEMPATH\CodeIgniter.php(904): App\Controllers\Data->__construct()
 2 SYSTEMPATH\CodeIgniter.php(488): CodeIgniter\CodeIgniter->createController()
 3 SYSTEMPATH\CodeIgniter.php(366): CodeIgniter\CodeIgniter->handleRequest(null, Object(Config\Cache), false)
 4 FCPATH\index.php(67): CodeIgniter\CodeIgniter->run()
INFO - 2023-08-12 00:08:57 --> Session: Class initialized using 'CodeIgniter\Session\Handlers\FileHandler' driver.
WARNING - 2023-08-12 00:08:57 --> [DEPRECATED] Creation of dynamic property App\Controllers\Data::$ModelData is deprecated in APPPATH\Controllers\Data.php on line 12.
 1 SYSTEMPATH\CodeIgniter.php(904): App\Controllers\Data->__construct()
 2 SYSTEMPATH\CodeIgniter.php(488): CodeIgniter\CodeIgniter->createController()
 3 SYSTEMPATH\CodeIgniter.php(366): CodeIgniter\CodeIgniter->handleRequest(null, Object(Config\Cache), false)
 4 FCPATH\index.php(67): CodeIgniter\CodeIgniter->run()
WARNING - 2023-08-12 00:08:58 --> [DEPRECATED] Creation of dynamic property App\Controllers\Data::$ModelData is deprecated in APPPATH\Controllers\Data.php on line 12.
 1 SYSTEMPATH\CodeIgniter.php(904): App\Controllers\Data->__construct()
 2 SYSTEMPATH\CodeIgniter.php(488): CodeIgniter\CodeIgniter->createController()
 3 SYSTEMPATH\CodeIgniter.php(366): CodeIgniter\CodeIgniter->handleRequest(null, Object(Config\Cache), false)
 4 FCPATH\index.php(67): CodeIgniter\CodeIgniter->run()
ERROR - 2023-08-12 00:08:58 --> mysqli_sql_exception: Unknown column 'nama_pegawai' in 'where clause' in C:\wamp64\www\sculing\system\Database\MySQLi\Connection.php:295
Stack trace:
#0 C:\wamp64\www\sculing\system\Database\MySQLi\Connection.php(295): mysqli->query('SELECT COUNT(id...', 0)
#1 C:\wamp64\www\sculing\system\Database\BaseConnection.php(692): CodeIgniter\Database\MySQLi\Connection->execute('SELECT COUNT(id...')
#2 C:\wamp64\www\sculing\system\Database\BaseConnection.php(606): CodeIgniter\Database\BaseConnection->simpleQuery('SELECT COUNT(id...')
#3 C:\wamp64\www\sculing\app\Models\ModelData.php(82): CodeIgniter\Database\BaseConnection->query('SELECT COUNT(id...')
#4 C:\wamp64\www\sculing\app\Controllers\Data.php(38): App\Models\ModelData->jumlah_filter()
#5 C:\wamp64\www\sculing\system\CodeIgniter.php(932): App\Controllers\Data->dataPenempatan()
#6 C:\wamp64\www\sculing\system\CodeIgniter.php(497): CodeIgniter\CodeIgniter->runController(Object(App\Controllers\Data))
#7 C:\wamp64\www\sculing\system\CodeIgniter.php(366): CodeIgniter\CodeIgniter->handleRequest(NULL, Object(Config\Cache), false)
#8 C:\wamp64\www\sculing\index.php(67): CodeIgniter\CodeIgniter->run()
#9 {main}
CRITICAL - 2023-08-12 00:08:58 --> Unknown column 'nama_pegawai' in 'where clause'
in SYSTEMPATH\Database\MySQLi\Connection.php on line 295.
 1 SYSTEMPATH\Database\MySQLi\Connection.php(295): mysqli->query('SELECT COUNT(id_penempatan) as jml FROM tbl_penempatan WHERE id_penempatan != \'\' AND (nama_pegawai LIKE \'%%\' OR  nip LIKE \'%%\' OR unit_now LIKE \'%%\' OR tmt LIKE \'%%\')', 0)
 2 SYSTEMPATH\Database\BaseConnection.php(692): CodeIgniter\Database\MySQLi\Connection->execute('SELECT COUNT(id_penempatan) as jml FROM tbl_penempatan WHERE id_penempatan != \'\' AND (nama_pegawai LIKE \'%%\' OR  nip LIKE \'%%\' OR unit_now LIKE \'%%\' OR tmt LIKE \'%%\')')
 3 SYSTEMPATH\Database\BaseConnection.php(606): CodeIgniter\Database\BaseConnection->simpleQuery('SELECT COUNT(id_penempatan) as jml FROM tbl_penempatan WHERE id_penempatan != \'\' AND (nama_pegawai LIKE \'%%\' OR  nip LIKE \'%%\' OR unit_now LIKE \'%%\' OR tmt LIKE \'%%\')')
 4 APPPATH\Models\ModelData.php(82): CodeIgniter\Database\BaseConnection->query('SELECT COUNT(id_penempatan) as jml FROM tbl_penempatan WHERE id_penempatan != \'\' AND (nama_pegawai LIKE \'%%\' OR  nip LIKE \'%%\' OR unit_now LIKE \'%%\' OR tmt LIKE \'%%\')')
 5 APPPATH\Controllers\Data.php(38): App\Models\ModelData->jumlah_filter()
 6 SYSTEMPATH\CodeIgniter.php(932): App\Controllers\Data->dataPenempatan()
 7 SYSTEMPATH\CodeIgniter.php(497): CodeIgniter\CodeIgniter->runController(Object(App\Controllers\Data))
 8 SYSTEMPATH\CodeIgniter.php(366): CodeIgniter\CodeIgniter->handleRequest(null, Object(Config\Cache), false)
 9 FCPATH\index.php(67): CodeIgniter\CodeIgniter->run()
INFO - 2023-08-12 00:09:26 --> Session: Class initialized using 'CodeIgniter\Session\Handlers\FileHandler' driver.
WARNING - 2023-08-12 00:09:26 --> [DEPRECATED] Creation of dynamic property App\Controllers\Data::$ModelData is deprecated in APPPATH\Controllers\Data.php on line 12.
 1 SYSTEMPATH\CodeIgniter.php(904): App\Controllers\Data->__construct()
 2 SYSTEMPATH\CodeIgniter.php(488): CodeIgniter\CodeIgniter->createController()
 3 SYSTEMPATH\CodeIgniter.php(366): CodeIgniter\CodeIgniter->handleRequest(null, Object(Config\Cache), false)
 4 FCPATH\index.php(67): CodeIgniter\CodeIgniter->run()
WARNING - 2023-08-12 00:09:27 --> [DEPRECATED] Creation of dynamic property App\Controllers\Data::$ModelData is deprecated in APPPATH\Controllers\Data.php on line 12.
 1 SYSTEMPATH\CodeIgniter.php(904): App\Controllers\Data->__construct()
 2 SYSTEMPATH\CodeIgniter.php(488): CodeIgniter\CodeIgniter->createController()
 3 SYSTEMPATH\CodeIgniter.php(366): CodeIgniter\CodeIgniter->handleRequest(null, Object(Config\Cache), false)
 4 FCPATH\index.php(67): CodeIgniter\CodeIgniter->run()
ERROR - 2023-08-12 00:09:27 --> mysqli_sql_exception: Unknown column 'tbl_pegawai.nama_pegawai' in 'where clause' in C:\wamp64\www\sculing\system\Database\MySQLi\Connection.php:295
Stack trace:
#0 C:\wamp64\www\sculing\system\Database\MySQLi\Connection.php(295): mysqli->query('SELECT COUNT(id...', 0)
#1 C:\wamp64\www\sculing\system\Database\BaseConnection.php(692): CodeIgniter\Database\MySQLi\Connection->execute('SELECT COUNT(id...')
#2 C:\wamp64\www\sculing\system\Database\BaseConnection.php(606): CodeIgniter\Database\BaseConnection->simpleQuery('SELECT COUNT(id...')
#3 C:\wamp64\www\sculing\app\Models\ModelData.php(82): CodeIgniter\Database\BaseConnection->query('SELECT COUNT(id...')
#4 C:\wamp64\www\sculing\app\Controllers\Data.php(38): App\Models\ModelData->jumlah_filter()
#5 C:\wamp64\www\sculing\system\CodeIgniter.php(932): App\Controllers\Data->dataPenempatan()
#6 C:\wamp64\www\sculing\system\CodeIgniter.php(497): CodeIgniter\CodeIgniter->runController(Object(App\Controllers\Data))
#7 C:\wamp64\www\sculing\system\CodeIgniter.php(366): CodeIgniter\CodeIgniter->handleRequest(NULL, Object(Config\Cache), false)
#8 C:\wamp64\www\sculing\index.php(67): CodeIgniter\CodeIgniter->run()
#9 {main}
CRITICAL - 2023-08-12 00:09:27 --> Unknown column 'tbl_pegawai.nama_pegawai' in 'where clause'
in SYSTEMPATH\Database\MySQLi\Connection.php on line 295.
 1 SYSTEMPATH\Database\MySQLi\Connection.php(295): mysqli->query('SELECT COUNT(id_penempatan) as jml FROM tbl_penempatan WHERE id_penempatan != \'\' AND (tbl_pegawai.nama_pegawai LIKE \'%%\' OR  nip LIKE \'%%\' OR unit_now LIKE \'%%\' OR tmt LIKE \'%%\')', 0)
 2 SYSTEMPATH\Database\BaseConnection.php(692): CodeIgniter\Database\MySQLi\Connection->execute('SELECT COUNT(id_penempatan) as jml FROM tbl_penempatan WHERE id_penempatan != \'\' AND (tbl_pegawai.nama_pegawai LIKE \'%%\' OR  nip LIKE \'%%\' OR unit_now LIKE \'%%\' OR tmt LIKE \'%%\')')
 3 SYSTEMPATH\Database\BaseConnection.php(606): CodeIgniter\Database\BaseConnection->simpleQuery('SELECT COUNT(id_penempatan) as jml FROM tbl_penempatan WHERE id_penempatan != \'\' AND (tbl_pegawai.nama_pegawai LIKE \'%%\' OR  nip LIKE \'%%\' OR unit_now LIKE \'%%\' OR tmt LIKE \'%%\')')
 4 APPPATH\Models\ModelData.php(82): CodeIgniter\Database\BaseConnection->query('SELECT COUNT(id_penempatan) as jml FROM tbl_penempatan WHERE id_penempatan != \'\' AND (tbl_pegawai.nama_pegawai LIKE \'%%\' OR  nip LIKE \'%%\' OR unit_now LIKE \'%%\' OR tmt LIKE \'%%\')')
 5 APPPATH\Controllers\Data.php(38): App\Models\ModelData->jumlah_filter()
 6 SYSTEMPATH\CodeIgniter.php(932): App\Controllers\Data->dataPenempatan()
 7 SYSTEMPATH\CodeIgniter.php(497): CodeIgniter\CodeIgniter->runController(Object(App\Controllers\Data))
 8 SYSTEMPATH\CodeIgniter.php(366): CodeIgniter\CodeIgniter->handleRequest(null, Object(Config\Cache), false)
 9 FCPATH\index.php(67): CodeIgniter\CodeIgniter->run()
INFO - 2023-08-12 00:09:39 --> Session: Class initialized using 'CodeIgniter\Session\Handlers\FileHandler' driver.
WARNING - 2023-08-12 00:09:39 --> [DEPRECATED] Creation of dynamic property App\Controllers\Data::$ModelData is deprecated in APPPATH\Controllers\Data.php on line 12.
 1 SYSTEMPATH\CodeIgniter.php(904): App\Controllers\Data->__construct()
 2 SYSTEMPATH\CodeIgniter.php(488): CodeIgniter\CodeIgniter->createController()
 3 SYSTEMPATH\CodeIgniter.php(366): CodeIgniter\CodeIgniter->handleRequest(null, Object(Config\Cache), false)
 4 FCPATH\index.php(67): CodeIgniter\CodeIgniter->run()
WARNING - 2023-08-12 00:09:40 --> [DEPRECATED] Creation of dynamic property App\Controllers\Data::$ModelData is deprecated in APPPATH\Controllers\Data.php on line 12.
 1 SYSTEMPATH\CodeIgniter.php(904): App\Controllers\Data->__construct()
 2 SYSTEMPATH\CodeIgniter.php(488): CodeIgniter\CodeIgniter->createController()
 3 SYSTEMPATH\CodeIgniter.php(366): CodeIgniter\CodeIgniter->handleRequest(null, Object(Config\Cache), false)
 4 FCPATH\index.php(67): CodeIgniter\CodeIgniter->run()
INFO - 2023-08-12 00:09:59 --> Session: Class initialized using 'CodeIgniter\Session\Handlers\FileHandler' driver.
WARNING - 2023-08-12 00:09:59 --> [DEPRECATED] Creation of dynamic property App\Controllers\Data::$ModelData is deprecated in APPPATH\Controllers\Data.php on line 12.
 1 SYSTEMPATH\CodeIgniter.php(904): App\Controllers\Data->__construct()
 2 SYSTEMPATH\CodeIgniter.php(488): CodeIgniter\CodeIgniter->createController()
 3 SYSTEMPATH\CodeIgniter.php(366): CodeIgniter\CodeIgniter->handleRequest(null, Object(Config\Cache), false)
 4 FCPATH\index.php(67): CodeIgniter\CodeIgniter->run()
WARNING - 2023-08-12 00:10:00 --> [DEPRECATED] Creation of dynamic property App\Controllers\Data::$ModelData is deprecated in APPPATH\Controllers\Data.php on line 12.
 1 SYSTEMPATH\CodeIgniter.php(904): App\Controllers\Data->__construct()
 2 SYSTEMPATH\CodeIgniter.php(488): CodeIgniter\CodeIgniter->createController()
 3 SYSTEMPATH\CodeIgniter.php(366): CodeIgniter\CodeIgniter->handleRequest(null, Object(Config\Cache), false)
 4 FCPATH\index.php(67): CodeIgniter\CodeIgniter->run()
INFO - 2023-08-12 00:10:02 --> Session: Class initialized using 'CodeIgniter\Session\Handlers\FileHandler' driver.
WARNING - 2023-08-12 00:10:02 --> [DEPRECATED] Creation of dynamic property App\Controllers\Data::$ModelData is deprecated in APPPATH\Controllers\Data.php on line 12.
 1 SYSTEMPATH\CodeIgniter.php(904): App\Controllers\Data->__construct()
 2 SYSTEMPATH\CodeIgniter.php(488): CodeIgniter\CodeIgniter->createController()
 3 SYSTEMPATH\CodeIgniter.php(366): CodeIgniter\CodeIgniter->handleRequest(null, Object(Config\Cache), false)
 4 FCPATH\index.php(67): CodeIgniter\CodeIgniter->run()
INFO - 2023-08-12 00:10:03 --> Session: Class initialized using 'CodeIgniter\Session\Handlers\FileHandler' driver.
WARNING - 2023-08-12 00:10:03 --> [DEPRECATED] Creation of dynamic property App\Controllers\Data::$ModelData is deprecated in APPPATH\Controllers\Data.php on line 12.
 1 SYSTEMPATH\CodeIgniter.php(904): App\Controllers\Data->__construct()
 2 SYSTEMPATH\CodeIgniter.php(488): CodeIgniter\CodeIgniter->createController()
 3 SYSTEMPATH\CodeIgniter.php(366): CodeIgniter\CodeIgniter->handleRequest(null, Object(Config\Cache), false)
 4 FCPATH\index.php(67): CodeIgniter\CodeIgniter->run()
INFO - 2023-08-12 00:10:04 --> Session: Class initialized using 'CodeIgniter\Session\Handlers\FileHandler' driver.
WARNING - 2023-08-12 00:10:04 --> [DEPRECATED] Creation of dynamic property App\Controllers\Data::$ModelData is deprecated in APPPATH\Controllers\Data.php on line 12.
 1 SYSTEMPATH\CodeIgniter.php(904): App\Controllers\Data->__construct()
 2 SYSTEMPATH\CodeIgniter.php(488): CodeIgniter\CodeIgniter->createController()
 3 SYSTEMPATH\CodeIgniter.php(366): CodeIgniter\CodeIgniter->handleRequest(null, Object(Config\Cache), false)
 4 FCPATH\index.php(67): CodeIgniter\CodeIgniter->run()
INFO - 2023-08-12 00:10:06 --> Session: Class initialized using 'CodeIgniter\Session\Handlers\FileHandler' driver.
WARNING - 2023-08-12 00:10:06 --> [DEPRECATED] Creation of dynamic property App\Controllers\Data::$ModelData is deprecated in APPPATH\Controllers\Data.php on line 12.
 1 SYSTEMPATH\CodeIgniter.php(904): App\Controllers\Data->__construct()
 2 SYSTEMPATH\CodeIgniter.php(488): CodeIgniter\CodeIgniter->createController()
 3 SYSTEMPATH\CodeIgniter.php(366): CodeIgniter\CodeIgniter->handleRequest(null, Object(Config\Cache), false)
 4 FCPATH\index.php(67): CodeIgniter\CodeIgniter->run()
WARNING - 2023-08-12 00:10:07 --> [DEPRECATED] Creation of dynamic property App\Controllers\Data::$ModelData is deprecated in APPPATH\Controllers\Data.php on line 12.
 1 SYSTEMPATH\CodeIgniter.php(904): App\Controllers\Data->__construct()
 2 SYSTEMPATH\CodeIgniter.php(488): CodeIgniter\CodeIgniter->createController()
 3 SYSTEMPATH\CodeIgniter.php(366): CodeIgniter\CodeIgniter->handleRequest(null, Object(Config\Cache), false)
 4 FCPATH\index.php(67): CodeIgniter\CodeIgniter->run()
INFO - 2023-08-12 00:10:21 --> Session: Class initialized using 'CodeIgniter\Session\Handlers\FileHandler' driver.
WARNING - 2023-08-12 00:10:21 --> [DEPRECATED] Creation of dynamic property App\Controllers\Data::$ModelData is deprecated in APPPATH\Controllers\Data.php on line 12.
 1 SYSTEMPATH\CodeIgniter.php(904): App\Controllers\Data->__construct()
 2 SYSTEMPATH\CodeIgniter.php(488): CodeIgniter\CodeIgniter->createController()
 3 SYSTEMPATH\CodeIgniter.php(366): CodeIgniter\CodeIgniter->handleRequest(null, Object(Config\Cache), false)
 4 FCPATH\index.php(67): CodeIgniter\CodeIgniter->run()
WARNING - 2023-08-12 00:10:22 --> [DEPRECATED] Creation of dynamic property App\Controllers\Data::$ModelData is deprecated in APPPATH\Controllers\Data.php on line 12.
 1 SYSTEMPATH\CodeIgniter.php(904): App\Controllers\Data->__construct()
 2 SYSTEMPATH\CodeIgniter.php(488): CodeIgniter\CodeIgniter->createController()
 3 SYSTEMPATH\CodeIgniter.php(366): CodeIgniter\CodeIgniter->handleRequest(null, Object(Config\Cache), false)
 4 FCPATH\index.php(67): CodeIgniter\CodeIgniter->run()
INFO - 2023-08-12 00:10:33 --> Session: Class initialized using 'CodeIgniter\Session\Handlers\FileHandler' driver.
WARNING - 2023-08-12 00:10:33 --> [DEPRECATED] Creation of dynamic property App\Controllers\Data::$ModelData is deprecated in APPPATH\Controllers\Data.php on line 12.
 1 SYSTEMPATH\CodeIgniter.php(904): App\Controllers\Data->__construct()
 2 SYSTEMPATH\CodeIgniter.php(488): CodeIgniter\CodeIgniter->createController()
 3 SYSTEMPATH\CodeIgniter.php(366): CodeIgniter\CodeIgniter->handleRequest(null, Object(Config\Cache), false)
 4 FCPATH\index.php(67): CodeIgniter\CodeIgniter->run()
WARNING - 2023-08-12 00:10:34 --> [DEPRECATED] Creation of dynamic property App\Controllers\Data::$ModelData is deprecated in APPPATH\Controllers\Data.php on line 12.
 1 SYSTEMPATH\CodeIgniter.php(904): App\Controllers\Data->__construct()
 2 SYSTEMPATH\CodeIgniter.php(488): CodeIgniter\CodeIgniter->createController()
 3 SYSTEMPATH\CodeIgniter.php(366): CodeIgniter\CodeIgniter->handleRequest(null, Object(Config\Cache), false)
 4 FCPATH\index.php(67): CodeIgniter\CodeIgniter->run()
INFO - 2023-08-12 00:11:54 --> Session: Class initialized using 'CodeIgniter\Session\Handlers\FileHandler' driver.
WARNING - 2023-08-12 00:11:54 --> [DEPRECATED] Creation of dynamic property App\Controllers\Data::$ModelData is deprecated in APPPATH\Controllers\Data.php on line 12.
 1 SYSTEMPATH\CodeIgniter.php(904): App\Controllers\Data->__construct()
 2 SYSTEMPATH\CodeIgniter.php(488): CodeIgniter\CodeIgniter->createController()
 3 SYSTEMPATH\CodeIgniter.php(366): CodeIgniter\CodeIgniter->handleRequest(null, Object(Config\Cache), false)
 4 FCPATH\index.php(67): CodeIgniter\CodeIgniter->run()
WARNING - 2023-08-12 00:11:55 --> [DEPRECATED] Creation of dynamic property App\Controllers\Data::$ModelData is deprecated in APPPATH\Controllers\Data.php on line 12.
 1 SYSTEMPATH\CodeIgniter.php(904): App\Controllers\Data->__construct()
 2 SYSTEMPATH\CodeIgniter.php(488): CodeIgniter\CodeIgniter->createController()
 3 SYSTEMPATH\CodeIgniter.php(366): CodeIgniter\CodeIgniter->handleRequest(null, Object(Config\Cache), false)
 4 FCPATH\index.php(67): CodeIgniter\CodeIgniter->run()
INFO - 2023-08-12 00:12:01 --> Session: Class initialized using 'CodeIgniter\Session\Handlers\FileHandler' driver.
WARNING - 2023-08-12 00:12:01 --> [DEPRECATED] Creation of dynamic property App\Controllers\First::$ModelPegawai is deprecated in APPPATH\Controllers\First.php on line 13.
 1 SYSTEMPATH\CodeIgniter.php(904): App\Controllers\First->__construct()
 2 SYSTEMPATH\CodeIgniter.php(488): CodeIgniter\CodeIgniter->createController()
 3 SYSTEMPATH\CodeIgniter.php(366): CodeIgniter\CodeIgniter->handleRequest(null, Object(Config\Cache), false)
 4 FCPATH\index.php(67): CodeIgniter\CodeIgniter->run()
WARNING - 2023-08-12 00:12:01 --> [DEPRECATED] Creation of dynamic property App\Controllers\First::$ModelFirst is deprecated in APPPATH\Controllers\First.php on line 14.
 1 SYSTEMPATH\CodeIgniter.php(904): App\Controllers\First->__construct()
 2 SYSTEMPATH\CodeIgniter.php(488): CodeIgniter\CodeIgniter->createController()
 3 SYSTEMPATH\CodeIgniter.php(366): CodeIgniter\CodeIgniter->handleRequest(null, Object(Config\Cache), false)
 4 FCPATH\index.php(67): CodeIgniter\CodeIgniter->run()
WARNING - 2023-08-12 00:12:02 --> [DEPRECATED] Creation of dynamic property App\Controllers\First::$ModelPegawai is deprecated in APPPATH\Controllers\First.php on line 13.
 1 SYSTEMPATH\CodeIgniter.php(904): App\Controllers\First->__construct()
 2 SYSTEMPATH\CodeIgniter.php(488): CodeIgniter\CodeIgniter->createController()
 3 SYSTEMPATH\CodeIgniter.php(366): CodeIgniter\CodeIgniter->handleRequest(null, Object(Config\Cache), false)
 4 FCPATH\index.php(67): CodeIgniter\CodeIgniter->run()
WARNING - 2023-08-12 00:12:02 --> [DEPRECATED] Creation of dynamic property App\Controllers\First::$ModelFirst is deprecated in APPPATH\Controllers\First.php on line 14.
 1 SYSTEMPATH\CodeIgniter.php(904): App\Controllers\First->__construct()
 2 SYSTEMPATH\CodeIgniter.php(488): CodeIgniter\CodeIgniter->createController()
 3 SYSTEMPATH\CodeIgniter.php(366): CodeIgniter\CodeIgniter->handleRequest(null, Object(Config\Cache), false)
 4 FCPATH\index.php(67): CodeIgniter\CodeIgniter->run()
INFO - 2023-08-12 00:12:02 --> Session: Class initialized using 'CodeIgniter\Session\Handlers\FileHandler' driver.
WARNING - 2023-08-12 00:12:02 --> [DEPRECATED] Creation of dynamic property App\Controllers\Rolling::$ModelPegawai is deprecated in APPPATH\Controllers\Rolling.php on line 13.
 1 SYSTEMPATH\CodeIgniter.php(904): App\Controllers\Rolling->__construct()
 2 SYSTEMPATH\CodeIgniter.php(488): CodeIgniter\CodeIgniter->createController()
 3 SYSTEMPATH\CodeIgniter.php(366): CodeIgniter\CodeIgniter->handleRequest(null, Object(Config\Cache), false)
 4 FCPATH\index.php(67): CodeIgniter\CodeIgniter->run()
WARNING - 2023-08-12 00:12:02 --> [DEPRECATED] Creation of dynamic property App\Controllers\Rolling::$ModelRolling is deprecated in APPPATH\Controllers\Rolling.php on line 14.
 1 SYSTEMPATH\CodeIgniter.php(904): App\Controllers\Rolling->__construct()
 2 SYSTEMPATH\CodeIgniter.php(488): CodeIgniter\CodeIgniter->createController()
 3 SYSTEMPATH\CodeIgniter.php(366): CodeIgniter\CodeIgniter->handleRequest(null, Object(Config\Cache), false)
 4 FCPATH\index.php(67): CodeIgniter\CodeIgniter->run()
WARNING - 2023-08-12 00:12:03 --> [DEPRECATED] Creation of dynamic property App\Controllers\Rolling::$ModelPegawai is deprecated in APPPATH\Controllers\Rolling.php on line 13.
 1 SYSTEMPATH\CodeIgniter.php(904): App\Controllers\Rolling->__construct()
 2 SYSTEMPATH\CodeIgniter.php(488): CodeIgniter\CodeIgniter->createController()
 3 SYSTEMPATH\CodeIgniter.php(366): CodeIgniter\CodeIgniter->handleRequest(null, Object(Config\Cache), false)
 4 FCPATH\index.php(67): CodeIgniter\CodeIgniter->run()
WARNING - 2023-08-12 00:12:03 --> [DEPRECATED] Creation of dynamic property App\Controllers\Rolling::$ModelRolling is deprecated in APPPATH\Controllers\Rolling.php on line 14.
 1 SYSTEMPATH\CodeIgniter.php(904): App\Controllers\Rolling->__construct()
 2 SYSTEMPATH\CodeIgniter.php(488): CodeIgniter\CodeIgniter->createController()
 3 SYSTEMPATH\CodeIgniter.php(366): CodeIgniter\CodeIgniter->handleRequest(null, Object(Config\Cache), false)
 4 FCPATH\index.php(67): CodeIgniter\CodeIgniter->run()
INFO - 2023-08-12 00:12:05 --> Session: Class initialized using 'CodeIgniter\Session\Handlers\FileHandler' driver.
WARNING - 2023-08-12 00:12:05 --> [DEPRECATED] Creation of dynamic property App\Controllers\First::$ModelPegawai is deprecated in APPPATH\Controllers\First.php on line 13.
 1 SYSTEMPATH\CodeIgniter.php(904): App\Controllers\First->__construct()
 2 SYSTEMPATH\CodeIgniter.php(488): CodeIgniter\CodeIgniter->createController()
 3 SYSTEMPATH\CodeIgniter.php(366): CodeIgniter\CodeIgniter->handleRequest(null, Object(Config\Cache), false)
 4 FCPATH\index.php(67): CodeIgniter\CodeIgniter->run()
WARNING - 2023-08-12 00:12:05 --> [DEPRECATED] Creation of dynamic property App\Controllers\First::$ModelFirst is deprecated in APPPATH\Controllers\First.php on line 14.
 1 SYSTEMPATH\CodeIgniter.php(904): App\Controllers\First->__construct()
 2 SYSTEMPATH\CodeIgniter.php(488): CodeIgniter\CodeIgniter->createController()
 3 SYSTEMPATH\CodeIgniter.php(366): CodeIgniter\CodeIgniter->handleRequest(null, Object(Config\Cache), false)
 4 FCPATH\index.php(67): CodeIgniter\CodeIgniter->run()
WARNING - 2023-08-12 00:12:05 --> [DEPRECATED] Creation of dynamic property App\Controllers\First::$ModelPegawai is deprecated in APPPATH\Controllers\First.php on line 13.
 1 SYSTEMPATH\CodeIgniter.php(904): App\Controllers\First->__construct()
 2 SYSTEMPATH\CodeIgniter.php(488): CodeIgniter\CodeIgniter->createController()
 3 SYSTEMPATH\CodeIgniter.php(366): CodeIgniter\CodeIgniter->handleRequest(null, Object(Config\Cache), false)
 4 FCPATH\index.php(67): CodeIgniter\CodeIgniter->run()
WARNING - 2023-08-12 00:12:05 --> [DEPRECATED] Creation of dynamic property App\Controllers\First::$ModelFirst is deprecated in APPPATH\Controllers\First.php on line 14.
 1 SYSTEMPATH\CodeIgniter.php(904): App\Controllers\First->__construct()
 2 SYSTEMPATH\CodeIgniter.php(488): CodeIgniter\CodeIgniter->createController()
 3 SYSTEMPATH\CodeIgniter.php(366): CodeIgniter\CodeIgniter->handleRequest(null, Object(Config\Cache), false)
 4 FCPATH\index.php(67): CodeIgniter\CodeIgniter->run()
INFO - 2023-08-12 00:12:06 --> Session: Class initialized using 'CodeIgniter\Session\Handlers\FileHandler' driver.
WARNING - 2023-08-12 00:12:06 --> [DEPRECATED] Creation of dynamic property App\Controllers\Rolling::$ModelPegawai is deprecated in APPPATH\Controllers\Rolling.php on line 13.
 1 SYSTEMPATH\CodeIgniter.php(904): App\Controllers\Rolling->__construct()
 2 SYSTEMPATH\CodeIgniter.php(488): CodeIgniter\CodeIgniter->createController()
 3 SYSTEMPATH\CodeIgniter.php(366): CodeIgniter\CodeIgniter->handleRequest(null, Object(Config\Cache), false)
 4 FCPATH\index.php(67): CodeIgniter\CodeIgniter->run()
WARNING - 2023-08-12 00:12:06 --> [DEPRECATED] Creation of dynamic property App\Controllers\Rolling::$ModelRolling is deprecated in APPPATH\Controllers\Rolling.php on line 14.
 1 SYSTEMPATH\CodeIgniter.php(904): App\Controllers\Rolling->__construct()
 2 SYSTEMPATH\CodeIgniter.php(488): CodeIgniter\CodeIgniter->createController()
 3 SYSTEMPATH\CodeIgniter.php(366): CodeIgniter\CodeIgniter->handleRequest(null, Object(Config\Cache), false)
 4 FCPATH\index.php(67): CodeIgniter\CodeIgniter->run()
WARNING - 2023-08-12 00:12:07 --> [DEPRECATED] Creation of dynamic property App\Controllers\Rolling::$ModelPegawai is deprecated in APPPATH\Controllers\Rolling.php on line 13.
 1 SYSTEMPATH\CodeIgniter.php(904): App\Controllers\Rolling->__construct()
 2 SYSTEMPATH\CodeIgniter.php(488): CodeIgniter\CodeIgniter->createController()
 3 SYSTEMPATH\CodeIgniter.php(366): CodeIgniter\CodeIgniter->handleRequest(null, Object(Config\Cache), false)
 4 FCPATH\index.php(67): CodeIgniter\CodeIgniter->run()
WARNING - 2023-08-12 00:12:07 --> [DEPRECATED] Creation of dynamic property App\Controllers\Rolling::$ModelRolling is deprecated in APPPATH\Controllers\Rolling.php on line 14.
 1 SYSTEMPATH\CodeIgniter.php(904): App\Controllers\Rolling->__construct()
 2 SYSTEMPATH\CodeIgniter.php(488): CodeIgniter\CodeIgniter->createController()
 3 SYSTEMPATH\CodeIgniter.php(366): CodeIgniter\CodeIgniter->handleRequest(null, Object(Config\Cache), false)
 4 FCPATH\index.php(67): CodeIgniter\CodeIgniter->run()
INFO - 2023-08-12 00:12:09 --> Session: Class initialized using 'CodeIgniter\Session\Handlers\FileHandler' driver.
WARNING - 2023-08-12 00:12:09 --> [DEPRECATED] Creation of dynamic property App\Controllers\Data::$ModelData is deprecated in APPPATH\Controllers\Data.php on line 12.
 1 SYSTEMPATH\CodeIgniter.php(904): App\Controllers\Data->__construct()
 2 SYSTEMPATH\CodeIgniter.php(488): CodeIgniter\CodeIgniter->createController()
 3 SYSTEMPATH\CodeIgniter.php(366): CodeIgniter\CodeIgniter->handleRequest(null, Object(Config\Cache), false)
 4 FCPATH\index.php(67): CodeIgniter\CodeIgniter->run()
WARNING - 2023-08-12 00:12:10 --> [DEPRECATED] Creation of dynamic property App\Controllers\Data::$ModelData is deprecated in APPPATH\Controllers\Data.php on line 12.
 1 SYSTEMPATH\CodeIgniter.php(904): App\Controllers\Data->__construct()
 2 SYSTEMPATH\CodeIgniter.php(488): CodeIgniter\CodeIgniter->createController()
 3 SYSTEMPATH\CodeIgniter.php(366): CodeIgniter\CodeIgniter->handleRequest(null, Object(Config\Cache), false)
 4 FCPATH\index.php(67): CodeIgniter\CodeIgniter->run()
INFO - 2023-08-12 00:12:54 --> Session: Class initialized using 'CodeIgniter\Session\Handlers\FileHandler' driver.
WARNING - 2023-08-12 00:12:54 --> [DEPRECATED] Creation of dynamic property App\Controllers\Data::$ModelData is deprecated in APPPATH\Controllers\Data.php on line 12.
 1 SYSTEMPATH\CodeIgniter.php(904): App\Controllers\Data->__construct()
 2 SYSTEMPATH\CodeIgniter.php(488): CodeIgniter\CodeIgniter->createController()
 3 SYSTEMPATH\CodeIgniter.php(366): CodeIgniter\CodeIgniter->handleRequest(null, Object(Config\Cache), false)
 4 FCPATH\index.php(67): CodeIgniter\CodeIgniter->run()
WARNING - 2023-08-12 00:12:55 --> [DEPRECATED] Creation of dynamic property App\Controllers\Data::$ModelData is deprecated in APPPATH\Controllers\Data.php on line 12.
 1 SYSTEMPATH\CodeIgniter.php(904): App\Controllers\Data->__construct()
 2 SYSTEMPATH\CodeIgniter.php(488): CodeIgniter\CodeIgniter->createController()
 3 SYSTEMPATH\CodeIgniter.php(366): CodeIgniter\CodeIgniter->handleRequest(null, Object(Config\Cache), false)
 4 FCPATH\index.php(67): CodeIgniter\CodeIgniter->run()
INFO - 2023-08-12 00:13:14 --> Session: Class initialized using 'CodeIgniter\Session\Handlers\FileHandler' driver.
WARNING - 2023-08-12 00:13:14 --> [DEPRECATED] Creation of dynamic property App\Controllers\Data::$ModelData is deprecated in APPPATH\Controllers\Data.php on line 12.
 1 SYSTEMPATH\CodeIgniter.php(904): App\Controllers\Data->__construct()
 2 SYSTEMPATH\CodeIgniter.php(488): CodeIgniter\CodeIgniter->createController()
 3 SYSTEMPATH\CodeIgniter.php(366): CodeIgniter\CodeIgniter->handleRequest(null, Object(Config\Cache), false)
 4 FCPATH\index.php(67): CodeIgniter\CodeIgniter->run()
WARNING - 2023-08-12 00:13:14 --> [DEPRECATED] Creation of dynamic property App\Controllers\Data::$ModelData is deprecated in APPPATH\Controllers\Data.php on line 12.
 1 SYSTEMPATH\CodeIgniter.php(904): App\Controllers\Data->__construct()
 2 SYSTEMPATH\CodeIgniter.php(488): CodeIgniter\CodeIgniter->createController()
 3 SYSTEMPATH\CodeIgniter.php(366): CodeIgniter\CodeIgniter->handleRequest(null, Object(Config\Cache), false)
 4 FCPATH\index.php(67): CodeIgniter\CodeIgniter->run()
INFO - 2023-08-12 00:13:43 --> Session: Class initialized using 'CodeIgniter\Session\Handlers\FileHandler' driver.
WARNING - 2023-08-12 00:13:43 --> [DEPRECATED] Creation of dynamic property App\Controllers\Data::$ModelData is deprecated in APPPATH\Controllers\Data.php on line 12.
 1 SYSTEMPATH\CodeIgniter.php(904): App\Controllers\Data->__construct()
 2 SYSTEMPATH\CodeIgniter.php(488): CodeIgniter\CodeIgniter->createController()
 3 SYSTEMPATH\CodeIgniter.php(366): CodeIgniter\CodeIgniter->handleRequest(null, Object(Config\Cache), false)
 4 FCPATH\index.php(67): CodeIgniter\CodeIgniter->run()
WARNING - 2023-08-12 00:13:43 --> [DEPRECATED] Creation of dynamic property App\Controllers\Data::$ModelData is deprecated in APPPATH\Controllers\Data.php on line 12.
 1 SYSTEMPATH\CodeIgniter.php(904): App\Controllers\Data->__construct()
 2 SYSTEMPATH\CodeIgniter.php(488): CodeIgniter\CodeIgniter->createController()
 3 SYSTEMPATH\CodeIgniter.php(366): CodeIgniter\CodeIgniter->handleRequest(null, Object(Config\Cache), false)
 4 FCPATH\index.php(67): CodeIgniter\CodeIgniter->run()
INFO - 2023-08-12 00:13:55 --> Session: Class initialized using 'CodeIgniter\Session\Handlers\FileHandler' driver.
WARNING - 2023-08-12 00:13:55 --> [DEPRECATED] Creation of dynamic property App\Controllers\Data::$ModelData is deprecated in APPPATH\Controllers\Data.php on line 12.
 1 SYSTEMPATH\CodeIgniter.php(904): App\Controllers\Data->__construct()
 2 SYSTEMPATH\CodeIgniter.php(488): CodeIgniter\CodeIgniter->createController()
 3 SYSTEMPATH\CodeIgniter.php(366): CodeIgniter\CodeIgniter->handleRequest(null, Object(Config\Cache), false)
 4 FCPATH\index.php(67): CodeIgniter\CodeIgniter->run()
WARNING - 2023-08-12 00:13:56 --> [DEPRECATED] Creation of dynamic property App\Controllers\Data::$ModelData is deprecated in APPPATH\Controllers\Data.php on line 12.
 1 SYSTEMPATH\CodeIgniter.php(904): App\Controllers\Data->__construct()
 2 SYSTEMPATH\CodeIgniter.php(488): CodeIgniter\CodeIgniter->createController()
 3 SYSTEMPATH\CodeIgniter.php(366): CodeIgniter\CodeIgniter->handleRequest(null, Object(Config\Cache), false)
 4 FCPATH\index.php(67): CodeIgniter\CodeIgniter->run()
INFO - 2023-08-12 00:14:35 --> Session: Class initialized using 'CodeIgniter\Session\Handlers\FileHandler' driver.
WARNING - 2023-08-12 00:14:35 --> [DEPRECATED] Creation of dynamic property App\Controllers\Data::$ModelData is deprecated in APPPATH\Controllers\Data.php on line 12.
 1 SYSTEMPATH\CodeIgniter.php(904): App\Controllers\Data->__construct()
 2 SYSTEMPATH\CodeIgniter.php(488): CodeIgniter\CodeIgniter->createController()
 3 SYSTEMPATH\CodeIgniter.php(366): CodeIgniter\CodeIgniter->handleRequest(null, Object(Config\Cache), false)
 4 FCPATH\index.php(67): CodeIgniter\CodeIgniter->run()
WARNING - 2023-08-12 00:14:35 --> [DEPRECATED] Creation of dynamic property App\Controllers\Data::$ModelData is deprecated in APPPATH\Controllers\Data.php on line 12.
 1 SYSTEMPATH\CodeIgniter.php(904): App\Controllers\Data->__construct()
 2 SYSTEMPATH\CodeIgniter.php(488): CodeIgniter\CodeIgniter->createController()
 3 SYSTEMPATH\CodeIgniter.php(366): CodeIgniter\CodeIgniter->handleRequest(null, Object(Config\Cache), false)
 4 FCPATH\index.php(67): CodeIgniter\CodeIgniter->run()
INFO - 2023-08-12 00:15:08 --> Session: Class initialized using 'CodeIgniter\Session\Handlers\FileHandler' driver.
WARNING - 2023-08-12 00:15:08 --> [DEPRECATED] Creation of dynamic property App\Controllers\Data::$ModelData is deprecated in APPPATH\Controllers\Data.php on line 12.
 1 SYSTEMPATH\CodeIgniter.php(904): App\Controllers\Data->__construct()
 2 SYSTEMPATH\CodeIgniter.php(488): CodeIgniter\CodeIgniter->createController()
 3 SYSTEMPATH\CodeIgniter.php(366): CodeIgniter\CodeIgniter->handleRequest(null, Object(Config\Cache), false)
 4 FCPATH\index.php(67): CodeIgniter\CodeIgniter->run()
INFO - 2023-08-12 00:15:08 --> Session: Class initialized using 'CodeIgniter\Session\Handlers\FileHandler' driver.
WARNING - 2023-08-12 00:15:08 --> [DEPRECATED] Creation of dynamic property App\Controllers\Data::$ModelData is deprecated in APPPATH\Controllers\Data.php on line 12.
 1 SYSTEMPATH\CodeIgniter.php(904): App\Controllers\Data->__construct()
 2 SYSTEMPATH\CodeIgniter.php(488): CodeIgniter\CodeIgniter->createController()
 3 SYSTEMPATH\CodeIgniter.php(366): CodeIgniter\CodeIgniter->handleRequest(null, Object(Config\Cache), false)
 4 FCPATH\index.php(67): CodeIgniter\CodeIgniter->run()
INFO - 2023-08-12 00:15:10 --> Session: Class initialized using 'CodeIgniter\Session\Handlers\FileHandler' driver.
WARNING - 2023-08-12 00:15:10 --> [DEPRECATED] Creation of dynamic property App\Controllers\Data::$ModelData is deprecated in APPPATH\Controllers\Data.php on line 12.
 1 SYSTEMPATH\CodeIgniter.php(904): App\Controllers\Data->__construct()
 2 SYSTEMPATH\CodeIgniter.php(488): CodeIgniter\CodeIgniter->createController()
 3 SYSTEMPATH\CodeIgniter.php(366): CodeIgniter\CodeIgniter->handleRequest(null, Object(Config\Cache), false)
 4 FCPATH\index.php(67): CodeIgniter\CodeIgniter->run()
WARNING - 2023-08-12 00:15:11 --> [DEPRECATED] Creation of dynamic property App\Controllers\Data::$ModelData is deprecated in APPPATH\Controllers\Data.php on line 12.
 1 SYSTEMPATH\CodeIgniter.php(904): App\Controllers\Data->__construct()
 2 SYSTEMPATH\CodeIgniter.php(488): CodeIgniter\CodeIgniter->createController()
 3 SYSTEMPATH\CodeIgniter.php(366): CodeIgniter\CodeIgniter->handleRequest(null, Object(Config\Cache), false)
 4 FCPATH\index.php(67): CodeIgniter\CodeIgniter->run()
INFO - 2023-08-12 00:15:48 --> Session: Class initialized using 'CodeIgniter\Session\Handlers\FileHandler' driver.
WARNING - 2023-08-12 00:15:48 --> [DEPRECATED] Creation of dynamic property App\Controllers\Data::$ModelData is deprecated in APPPATH\Controllers\Data.php on line 12.
 1 SYSTEMPATH\CodeIgniter.php(904): App\Controllers\Data->__construct()
 2 SYSTEMPATH\CodeIgniter.php(488): CodeIgniter\CodeIgniter->createController()
 3 SYSTEMPATH\CodeIgniter.php(366): CodeIgniter\CodeIgniter->handleRequest(null, Object(Config\Cache), false)
 4 FCPATH\index.php(67): CodeIgniter\CodeIgniter->run()
WARNING - 2023-08-12 00:15:49 --> [DEPRECATED] Creation of dynamic property App\Controllers\Data::$ModelData is deprecated in APPPATH\Controllers\Data.php on line 12.
 1 SYSTEMPATH\CodeIgniter.php(904): App\Controllers\Data->__construct()
 2 SYSTEMPATH\CodeIgniter.php(488): CodeIgniter\CodeIgniter->createController()
 3 SYSTEMPATH\CodeIgniter.php(366): CodeIgniter\CodeIgniter->handleRequest(null, Object(Config\Cache), false)
 4 FCPATH\index.php(67): CodeIgniter\CodeIgniter->run()
INFO - 2023-08-12 00:15:54 --> Session: Class initialized using 'CodeIgniter\Session\Handlers\FileHandler' driver.
WARNING - 2023-08-12 00:15:54 --> [DEPRECATED] Creation of dynamic property App\Controllers\Data::$ModelData is deprecated in APPPATH\Controllers\Data.php on line 12.
 1 SYSTEMPATH\CodeIgniter.php(904): App\Controllers\Data->__construct()
 2 SYSTEMPATH\CodeIgniter.php(488): CodeIgniter\CodeIgniter->createController()
 3 SYSTEMPATH\CodeIgniter.php(366): CodeIgniter\CodeIgniter->handleRequest(null, Object(Config\Cache), false)
 4 FCPATH\index.php(67): CodeIgniter\CodeIgniter->run()
WARNING - 2023-08-12 00:15:54 --> [DEPRECATED] Creation of dynamic property App\Controllers\Data::$ModelData is deprecated in APPPATH\Controllers\Data.php on line 12.
 1 SYSTEMPATH\CodeIgniter.php(904): App\Controllers\Data->__construct()
 2 SYSTEMPATH\CodeIgniter.php(488): CodeIgniter\CodeIgniter->createController()
 3 SYSTEMPATH\CodeIgniter.php(366): CodeIgniter\CodeIgniter->handleRequest(null, Object(Config\Cache), false)
 4 FCPATH\index.php(67): CodeIgniter\CodeIgniter->run()
INFO - 2023-08-12 00:18:16 --> Session: Class initialized using 'CodeIgniter\Session\Handlers\FileHandler' driver.
WARNING - 2023-08-12 00:18:16 --> [DEPRECATED] Creation of dynamic property App\Controllers\Data::$ModelData is deprecated in APPPATH\Controllers\Data.php on line 12.
 1 SYSTEMPATH\CodeIgniter.php(904): App\Controllers\Data->__construct()
 2 SYSTEMPATH\CodeIgniter.php(488): CodeIgniter\CodeIgniter->createController()
 3 SYSTEMPATH\CodeIgniter.php(366): CodeIgniter\CodeIgniter->handleRequest(null, Object(Config\Cache), false)
 4 FCPATH\index.php(67): CodeIgniter\CodeIgniter->run()
WARNING - 2023-08-12 00:18:17 --> [DEPRECATED] Creation of dynamic property App\Controllers\Data::$ModelData is deprecated in APPPATH\Controllers\Data.php on line 12.
 1 SYSTEMPATH\CodeIgniter.php(904): App\Controllers\Data->__construct()
 2 SYSTEMPATH\CodeIgniter.php(488): CodeIgniter\CodeIgniter->createController()
 3 SYSTEMPATH\CodeIgniter.php(366): CodeIgniter\CodeIgniter->handleRequest(null, Object(Config\Cache), false)
 4 FCPATH\index.php(67): CodeIgniter\CodeIgniter->run()
CRITICAL - 2023-08-12 00:18:17 --> Undefined property: stdClass::$id_penempatan
in APPPATH\Controllers\Data.php on line 46.
 1 APPPATH\Controllers\Data.php(46): CodeIgniter\Debug\Exceptions->errorHandler(2, 'Undefined property: stdClass::$id_penempatan', 'C:\\wamp64\\www\\sculing\\app\\Controllers\\Data.php', 46)
 2 SYSTEMPATH\CodeIgniter.php(932): App\Controllers\Data->dataPenempatan()
 3 SYSTEMPATH\CodeIgniter.php(497): CodeIgniter\CodeIgniter->runController(Object(App\Controllers\Data))
 4 SYSTEMPATH\CodeIgniter.php(366): CodeIgniter\CodeIgniter->handleRequest(null, Object(Config\Cache), false)
 5 FCPATH\index.php(67): CodeIgniter\CodeIgniter->run()
INFO - 2023-08-12 00:18:28 --> Session: Class initialized using 'CodeIgniter\Session\Handlers\FileHandler' driver.
WARNING - 2023-08-12 00:18:28 --> [DEPRECATED] Creation of dynamic property App\Controllers\Data::$ModelData is deprecated in APPPATH\Controllers\Data.php on line 12.
 1 SYSTEMPATH\CodeIgniter.php(904): App\Controllers\Data->__construct()
 2 SYSTEMPATH\CodeIgniter.php(488): CodeIgniter\CodeIgniter->createController()
 3 SYSTEMPATH\CodeIgniter.php(366): CodeIgniter\CodeIgniter->handleRequest(null, Object(Config\Cache), false)
 4 FCPATH\index.php(67): CodeIgniter\CodeIgniter->run()
WARNING - 2023-08-12 00:18:28 --> [DEPRECATED] Creation of dynamic property App\Controllers\Data::$ModelData is deprecated in APPPATH\Controllers\Data.php on line 12.
 1 SYSTEMPATH\CodeIgniter.php(904): App\Controllers\Data->__construct()
 2 SYSTEMPATH\CodeIgniter.php(488): CodeIgniter\CodeIgniter->createController()
 3 SYSTEMPATH\CodeIgniter.php(366): CodeIgniter\CodeIgniter->handleRequest(null, Object(Config\Cache), false)
 4 FCPATH\index.php(67): CodeIgniter\CodeIgniter->run()
CRITICAL - 2023-08-12 00:18:29 --> Undefined property: stdClass::$id_penempatan
in APPPATH\Controllers\Data.php on line 46.
 1 APPPATH\Controllers\Data.php(46): CodeIgniter\Debug\Exceptions->errorHandler(2, 'Undefined property: stdClass::$id_penempatan', 'C:\\wamp64\\www\\sculing\\app\\Controllers\\Data.php', 46)
 2 SYSTEMPATH\CodeIgniter.php(932): App\Controllers\Data->dataPenempatan()
 3 SYSTEMPATH\CodeIgniter.php(497): CodeIgniter\CodeIgniter->runController(Object(App\Controllers\Data))
 4 SYSTEMPATH\CodeIgniter.php(366): CodeIgniter\CodeIgniter->handleRequest(null, Object(Config\Cache), false)
 5 FCPATH\index.php(67): CodeIgniter\CodeIgniter->run()
INFO - 2023-08-12 00:18:34 --> Session: Class initialized using 'CodeIgniter\Session\Handlers\FileHandler' driver.
WARNING - 2023-08-12 00:18:34 --> [DEPRECATED] Creation of dynamic property App\Controllers\Data::$ModelData is deprecated in APPPATH\Controllers\Data.php on line 12.
 1 SYSTEMPATH\CodeIgniter.php(904): App\Controllers\Data->__construct()
 2 SYSTEMPATH\CodeIgniter.php(488): CodeIgniter\CodeIgniter->createController()
 3 SYSTEMPATH\CodeIgniter.php(366): CodeIgniter\CodeIgniter->handleRequest(null, Object(Config\Cache), false)
 4 FCPATH\index.php(67): CodeIgniter\CodeIgniter->run()
WARNING - 2023-08-12 00:18:36 --> [DEPRECATED] Creation of dynamic property App\Controllers\Data::$ModelData is deprecated in APPPATH\Controllers\Data.php on line 12.
 1 SYSTEMPATH\CodeIgniter.php(904): App\Controllers\Data->__construct()
 2 SYSTEMPATH\CodeIgniter.php(488): CodeIgniter\CodeIgniter->createController()
 3 SYSTEMPATH\CodeIgniter.php(366): CodeIgniter\CodeIgniter->handleRequest(null, Object(Config\Cache), false)
 4 FCPATH\index.php(67): CodeIgniter\CodeIgniter->run()
CRITICAL - 2023-08-12 00:18:36 --> Undefined property: stdClass::$id_penempatan
in APPPATH\Controllers\Data.php on line 46.
 1 APPPATH\Controllers\Data.php(46): CodeIgniter\Debug\Exceptions->errorHandler(2, 'Undefined property: stdClass::$id_penempatan', 'C:\\wamp64\\www\\sculing\\app\\Controllers\\Data.php', 46)
 2 SYSTEMPATH\CodeIgniter.php(932): App\Controllers\Data->dataPenempatan()
 3 SYSTEMPATH\CodeIgniter.php(497): CodeIgniter\CodeIgniter->runController(Object(App\Controllers\Data))
 4 SYSTEMPATH\CodeIgniter.php(366): CodeIgniter\CodeIgniter->handleRequest(null, Object(Config\Cache), false)
 5 FCPATH\index.php(67): CodeIgniter\CodeIgniter->run()
INFO - 2023-08-12 00:18:58 --> Session: Class initialized using 'CodeIgniter\Session\Handlers\FileHandler' driver.
WARNING - 2023-08-12 00:18:58 --> [DEPRECATED] Creation of dynamic property App\Controllers\Data::$ModelData is deprecated in APPPATH\Controllers\Data.php on line 12.
 1 SYSTEMPATH\CodeIgniter.php(904): App\Controllers\Data->__construct()
 2 SYSTEMPATH\CodeIgniter.php(488): CodeIgniter\CodeIgniter->createController()
 3 SYSTEMPATH\CodeIgniter.php(366): CodeIgniter\CodeIgniter->handleRequest(null, Object(Config\Cache), false)
 4 FCPATH\index.php(67): CodeIgniter\CodeIgniter->run()
WARNING - 2023-08-12 00:18:58 --> [DEPRECATED] Creation of dynamic property App\Controllers\Data::$ModelData is deprecated in APPPATH\Controllers\Data.php on line 12.
 1 SYSTEMPATH\CodeIgniter.php(904): App\Controllers\Data->__construct()
 2 SYSTEMPATH\CodeIgniter.php(488): CodeIgniter\CodeIgniter->createController()
 3 SYSTEMPATH\CodeIgniter.php(366): CodeIgniter\CodeIgniter->handleRequest(null, Object(Config\Cache), false)
 4 FCPATH\index.php(67): CodeIgniter\CodeIgniter->run()
INFO - 2023-08-12 00:20:01 --> Session: Class initialized using 'CodeIgniter\Session\Handlers\FileHandler' driver.
WARNING - 2023-08-12 00:20:01 --> [DEPRECATED] Creation of dynamic property App\Controllers\Data::$ModelData is deprecated in APPPATH\Controllers\Data.php on line 12.
 1 SYSTEMPATH\CodeIgniter.php(904): App\Controllers\Data->__construct()
 2 SYSTEMPATH\CodeIgniter.php(488): CodeIgniter\CodeIgniter->createController()
 3 SYSTEMPATH\CodeIgniter.php(366): CodeIgniter\CodeIgniter->handleRequest(null, Object(Config\Cache), false)
 4 FCPATH\index.php(67): CodeIgniter\CodeIgniter->run()
WARNING - 2023-08-12 00:20:02 --> [DEPRECATED] Creation of dynamic property App\Controllers\Data::$ModelData is deprecated in APPPATH\Controllers\Data.php on line 12.
 1 SYSTEMPATH\CodeIgniter.php(904): App\Controllers\Data->__construct()
 2 SYSTEMPATH\CodeIgniter.php(488): CodeIgniter\CodeIgniter->createController()
 3 SYSTEMPATH\CodeIgniter.php(366): CodeIgniter\CodeIgniter->handleRequest(null, Object(Config\Cache), false)
 4 FCPATH\index.php(67): CodeIgniter\CodeIgniter->run()
INFO - 2023-08-12 00:20:29 --> Session: Class initialized using 'CodeIgniter\Session\Handlers\FileHandler' driver.
WARNING - 2023-08-12 00:20:29 --> [DEPRECATED] Creation of dynamic property App\Controllers\Data::$ModelData is deprecated in APPPATH\Controllers\Data.php on line 12.
 1 SYSTEMPATH\CodeIgniter.php(904): App\Controllers\Data->__construct()
 2 SYSTEMPATH\CodeIgniter.php(488): CodeIgniter\CodeIgniter->createController()
 3 SYSTEMPATH\CodeIgniter.php(366): CodeIgniter\CodeIgniter->handleRequest(null, Object(Config\Cache), false)
 4 FCPATH\index.php(67): CodeIgniter\CodeIgniter->run()
WARNING - 2023-08-12 00:20:31 --> [DEPRECATED] Creation of dynamic property App\Controllers\Data::$ModelData is deprecated in APPPATH\Controllers\Data.php on line 12.
 1 SYSTEMPATH\CodeIgniter.php(904): App\Controllers\Data->__construct()
 2 SYSTEMPATH\CodeIgniter.php(488): CodeIgniter\CodeIgniter->createController()
 3 SYSTEMPATH\CodeIgniter.php(366): CodeIgniter\CodeIgniter->handleRequest(null, Object(Config\Cache), false)
 4 FCPATH\index.php(67): CodeIgniter\CodeIgniter->run()
INFO - 2023-08-12 00:26:07 --> Session: Class initialized using 'CodeIgniter\Session\Handlers\FileHandler' driver.
WARNING - 2023-08-12 00:26:07 --> [DEPRECATED] Creation of dynamic property App\Controllers\Data::$ModelData is deprecated in APPPATH\Controllers\Data.php on line 12.
 1 SYSTEMPATH\CodeIgniter.php(904): App\Controllers\Data->__construct()
 2 SYSTEMPATH\CodeIgniter.php(488): CodeIgniter\CodeIgniter->createController()
 3 SYSTEMPATH\CodeIgniter.php(366): CodeIgniter\CodeIgniter->handleRequest(null, Object(Config\Cache), false)
 4 FCPATH\index.php(67): CodeIgniter\CodeIgniter->run()
WARNING - 2023-08-12 00:26:09 --> [DEPRECATED] Creation of dynamic property App\Controllers\Data::$ModelData is deprecated in APPPATH\Controllers\Data.php on line 12.
 1 SYSTEMPATH\CodeIgniter.php(904): App\Controllers\Data->__construct()
 2 SYSTEMPATH\CodeIgniter.php(488): CodeIgniter\CodeIgniter->createController()
 3 SYSTEMPATH\CodeIgniter.php(366): CodeIgniter\CodeIgniter->handleRequest(null, Object(Config\Cache), false)
 4 FCPATH\index.php(67): CodeIgniter\CodeIgniter->run()
INFO - 2023-08-12 00:26:41 --> Session: Class initialized using 'CodeIgniter\Session\Handlers\FileHandler' driver.
WARNING - 2023-08-12 00:26:41 --> [DEPRECATED] Creation of dynamic property App\Controllers\Data::$ModelData is deprecated in APPPATH\Controllers\Data.php on line 12.
 1 SYSTEMPATH\CodeIgniter.php(904): App\Controllers\Data->__construct()
 2 SYSTEMPATH\CodeIgniter.php(488): CodeIgniter\CodeIgniter->createController()
 3 SYSTEMPATH\CodeIgniter.php(366): CodeIgniter\CodeIgniter->handleRequest(null, Object(Config\Cache), false)
 4 FCPATH\index.php(67): CodeIgniter\CodeIgniter->run()
WARNING - 2023-08-12 00:26:41 --> [DEPRECATED] Creation of dynamic property App\Controllers\Data::$ModelData is deprecated in APPPATH\Controllers\Data.php on line 12.
 1 SYSTEMPATH\CodeIgniter.php(904): App\Controllers\Data->__construct()
 2 SYSTEMPATH\CodeIgniter.php(488): CodeIgniter\CodeIgniter->createController()
 3 SYSTEMPATH\CodeIgniter.php(366): CodeIgniter\CodeIgniter->handleRequest(null, Object(Config\Cache), false)
 4 FCPATH\index.php(67): CodeIgniter\CodeIgniter->run()
INFO - 2023-08-12 00:26:44 --> Session: Class initialized using 'CodeIgniter\Session\Handlers\FileHandler' driver.
WARNING - 2023-08-12 00:26:44 --> [DEPRECATED] Creation of dynamic property App\Controllers\Data::$ModelData is deprecated in APPPATH\Controllers\Data.php on line 12.
 1 SYSTEMPATH\CodeIgniter.php(904): App\Controllers\Data->__construct()
 2 SYSTEMPATH\CodeIgniter.php(488): CodeIgniter\CodeIgniter->createController()
 3 SYSTEMPATH\CodeIgniter.php(366): CodeIgniter\CodeIgniter->handleRequest(null, Object(Config\Cache), false)
 4 FCPATH\index.php(67): CodeIgniter\CodeIgniter->run()
WARNING - 2023-08-12 00:26:45 --> [DEPRECATED] Creation of dynamic property App\Controllers\Data::$ModelData is deprecated in APPPATH\Controllers\Data.php on line 12.
 1 SYSTEMPATH\CodeIgniter.php(904): App\Controllers\Data->__construct()
 2 SYSTEMPATH\CodeIgniter.php(488): CodeIgniter\CodeIgniter->createController()
 3 SYSTEMPATH\CodeIgniter.php(366): CodeIgniter\CodeIgniter->handleRequest(null, Object(Config\Cache), false)
 4 FCPATH\index.php(67): CodeIgniter\CodeIgniter->run()
INFO - 2023-08-12 00:27:55 --> Session: Class initialized using 'CodeIgniter\Session\Handlers\FileHandler' driver.
WARNING - 2023-08-12 00:27:55 --> [DEPRECATED] Creation of dynamic property App\Controllers\Data::$ModelData is deprecated in APPPATH\Controllers\Data.php on line 12.
 1 SYSTEMPATH\CodeIgniter.php(904): App\Controllers\Data->__construct()
 2 SYSTEMPATH\CodeIgniter.php(488): CodeIgniter\CodeIgniter->createController()
 3 SYSTEMPATH\CodeIgniter.php(366): CodeIgniter\CodeIgniter->handleRequest(null, Object(Config\Cache), false)
 4 FCPATH\index.php(67): CodeIgniter\CodeIgniter->run()
WARNING - 2023-08-12 00:27:56 --> [DEPRECATED] Creation of dynamic property App\Controllers\Data::$ModelData is deprecated in APPPATH\Controllers\Data.php on line 12.
 1 SYSTEMPATH\CodeIgniter.php(904): App\Controllers\Data->__construct()
 2 SYSTEMPATH\CodeIgniter.php(488): CodeIgniter\CodeIgniter->createController()
 3 SYSTEMPATH\CodeIgniter.php(366): CodeIgniter\CodeIgniter->handleRequest(null, Object(Config\Cache), false)
 4 FCPATH\index.php(67): CodeIgniter\CodeIgniter->run()
INFO - 2023-08-12 00:28:23 --> Session: Class initialized using 'CodeIgniter\Session\Handlers\FileHandler' driver.
WARNING - 2023-08-12 00:28:23 --> [DEPRECATED] Creation of dynamic property App\Controllers\Data::$ModelData is deprecated in APPPATH\Controllers\Data.php on line 12.
 1 SYSTEMPATH\CodeIgniter.php(904): App\Controllers\Data->__construct()
 2 SYSTEMPATH\CodeIgniter.php(488): CodeIgniter\CodeIgniter->createController()
 3 SYSTEMPATH\CodeIgniter.php(366): CodeIgniter\CodeIgniter->handleRequest(null, Object(Config\Cache), false)
 4 FCPATH\index.php(67): CodeIgniter\CodeIgniter->run()
WARNING - 2023-08-12 00:28:24 --> [DEPRECATED] Creation of dynamic property App\Controllers\Data::$ModelData is deprecated in APPPATH\Controllers\Data.php on line 12.
 1 SYSTEMPATH\CodeIgniter.php(904): App\Controllers\Data->__construct()
 2 SYSTEMPATH\CodeIgniter.php(488): CodeIgniter\CodeIgniter->createController()
 3 SYSTEMPATH\CodeIgniter.php(366): CodeIgniter\CodeIgniter->handleRequest(null, Object(Config\Cache), false)
 4 FCPATH\index.php(67): CodeIgniter\CodeIgniter->run()
INFO - 2023-08-12 00:28:42 --> Session: Class initialized using 'CodeIgniter\Session\Handlers\FileHandler' driver.
WARNING - 2023-08-12 00:28:42 --> [DEPRECATED] Creation of dynamic property App\Controllers\Data::$ModelData is deprecated in APPPATH\Controllers\Data.php on line 12.
 1 SYSTEMPATH\CodeIgniter.php(904): App\Controllers\Data->__construct()
 2 SYSTEMPATH\CodeIgniter.php(488): CodeIgniter\CodeIgniter->createController()
 3 SYSTEMPATH\CodeIgniter.php(366): CodeIgniter\CodeIgniter->handleRequest(null, Object(Config\Cache), false)
 4 FCPATH\index.php(67): CodeIgniter\CodeIgniter->run()
WARNING - 2023-08-12 00:28:42 --> [DEPRECATED] Creation of dynamic property App\Controllers\Data::$ModelData is deprecated in APPPATH\Controllers\Data.php on line 12.
 1 SYSTEMPATH\CodeIgniter.php(904): App\Controllers\Data->__construct()
 2 SYSTEMPATH\CodeIgniter.php(488): CodeIgniter\CodeIgniter->createController()
 3 SYSTEMPATH\CodeIgniter.php(366): CodeIgniter\CodeIgniter->handleRequest(null, Object(Config\Cache), false)
 4 FCPATH\index.php(67): CodeIgniter\CodeIgniter->run()
INFO - 2023-08-12 00:29:23 --> Session: Class initialized using 'CodeIgniter\Session\Handlers\FileHandler' driver.
WARNING - 2023-08-12 00:29:23 --> [DEPRECATED] Creation of dynamic property App\Controllers\Data::$ModelData is deprecated in APPPATH\Controllers\Data.php on line 12.
 1 SYSTEMPATH\CodeIgniter.php(904): App\Controllers\Data->__construct()
 2 SYSTEMPATH\CodeIgniter.php(488): CodeIgniter\CodeIgniter->createController()
 3 SYSTEMPATH\CodeIgniter.php(366): CodeIgniter\CodeIgniter->handleRequest(null, Object(Config\Cache), false)
 4 FCPATH\index.php(67): CodeIgniter\CodeIgniter->run()
WARNING - 2023-08-12 00:29:23 --> [DEPRECATED] Creation of dynamic property App\Controllers\Data::$ModelData is deprecated in APPPATH\Controllers\Data.php on line 12.
 1 SYSTEMPATH\CodeIgniter.php(904): App\Controllers\Data->__construct()
 2 SYSTEMPATH\CodeIgniter.php(488): CodeIgniter\CodeIgniter->createController()
 3 SYSTEMPATH\CodeIgniter.php(366): CodeIgniter\CodeIgniter->handleRequest(null, Object(Config\Cache), false)
 4 FCPATH\index.php(67): CodeIgniter\CodeIgniter->run()
