INFO - 2023-08-27 02:12:05 --> Session: Class initialized using 'CodeIgniter\Session\Handlers\FileHandler' driver.
INFO - 2023-08-27 02:12:05 --> Session: Class initialized using 'CodeIgniter\Session\Handlers\FileHandler' driver.
WARNING - 2023-08-27 02:12:05 --> [DEPRECATED] Creation of dynamic property App\Controllers\Auth::$ModelAuth is deprecated in APPPATH\Controllers\Auth.php on line 14.
 1 SYSTEMPATH\CodeIgniter.php(904): App\Controllers\Auth->__construct()
 2 SYSTEMPATH\CodeIgniter.php(488): CodeIgniter\CodeIgniter->createController()
 3 SYSTEMPATH\CodeIgniter.php(366): CodeIgniter\CodeIgniter->handleRequest(null, Object(Config\Cache), false)
 4 FCPATH\index.php(67): CodeIgniter\CodeIgniter->run()
WARNING - 2023-08-27 02:12:10 --> [DEPRECATED] Creation of dynamic property App\Controllers\Auth::$ModelAuth is deprecated in APPPATH\Controllers\Auth.php on line 14.
 1 SYSTEMPATH\CodeIgniter.php(904): App\Controllers\Auth->__construct()
 2 SYSTEMPATH\CodeIgniter.php(488): CodeIgniter\CodeIgniter->createController()
 3 SYSTEMPATH\CodeIgniter.php(366): CodeIgniter\CodeIgniter->handleRequest(null, Object(Config\Cache), false)
 4 FCPATH\index.php(67): CodeIgniter\CodeIgniter->run()
INFO - 2023-08-27 02:12:10 --> Session: Class initialized using 'CodeIgniter\Session\Handlers\FileHandler' driver.
INFO - 2023-08-27 02:12:10 --> Session: Class initialized using 'CodeIgniter\Session\Handlers\FileHandler' driver.
INFO - 2023-08-27 02:12:21 --> Session: Class initialized using 'CodeIgniter\Session\Handlers\FileHandler' driver.
WARNING - 2023-08-27 02:12:21 --> [DEPRECATED] Creation of dynamic property App\Controllers\Data::$ModelData is deprecated in APPPATH\Controllers\Data.php on line 18.
 1 SYSTEMPATH\CodeIgniter.php(904): App\Controllers\Data->__construct()
 2 SYSTEMPATH\CodeIgniter.php(488): CodeIgniter\CodeIgniter->createController()
 3 SYSTEMPATH\CodeIgniter.php(366): CodeIgniter\CodeIgniter->handleRequest(null, Object(Config\Cache), false)
 4 FCPATH\index.php(67): CodeIgniter\CodeIgniter->run()
WARNING - 2023-08-27 02:12:21 --> [DEPRECATED] Creation of dynamic property App\Controllers\Data::$ModelDataSkill is deprecated in APPPATH\Controllers\Data.php on line 19.
 1 SYSTEMPATH\CodeIgniter.php(904): App\Controllers\Data->__construct()
 2 SYSTEMPATH\CodeIgniter.php(488): CodeIgniter\CodeIgniter->createController()
 3 SYSTEMPATH\CodeIgniter.php(366): CodeIgniter\CodeIgniter->handleRequest(null, Object(Config\Cache), false)
 4 FCPATH\index.php(67): CodeIgniter\CodeIgniter->run()
WARNING - 2023-08-27 02:12:21 --> [DEPRECATED] Creation of dynamic property App\Controllers\Data::$ModelPegawai is deprecated in APPPATH\Controllers\Data.php on line 20.
 1 SYSTEMPATH\CodeIgniter.php(904): App\Controllers\Data->__construct()
 2 SYSTEMPATH\CodeIgniter.php(488): CodeIgniter\CodeIgniter->createController()
 3 SYSTEMPATH\CodeIgniter.php(366): CodeIgniter\CodeIgniter->handleRequest(null, Object(Config\Cache), false)
 4 FCPATH\index.php(67): CodeIgniter\CodeIgniter->run()
WARNING - 2023-08-27 02:12:21 --> [DEPRECATED] Creation of dynamic property App\Controllers\Data::$ModelUnit is deprecated in APPPATH\Controllers\Data.php on line 21.
 1 SYSTEMPATH\CodeIgniter.php(904): App\Controllers\Data->__construct()
 2 SYSTEMPATH\CodeIgniter.php(488): CodeIgniter\CodeIgniter->createController()
 3 SYSTEMPATH\CodeIgniter.php(366): CodeIgniter\CodeIgniter->handleRequest(null, Object(Config\Cache), false)
 4 FCPATH\index.php(67): CodeIgniter\CodeIgniter->run()
WARNING - 2023-08-27 02:12:21 --> [DEPRECATED] Creation of dynamic property App\Controllers\Data::$ModelDataDetail is deprecated in APPPATH\Controllers\Data.php on line 22.
 1 SYSTEMPATH\CodeIgniter.php(904): App\Controllers\Data->__construct()
 2 SYSTEMPATH\CodeIgniter.php(488): CodeIgniter\CodeIgniter->createController()
 3 SYSTEMPATH\CodeIgniter.php(366): CodeIgniter\CodeIgniter->handleRequest(null, Object(Config\Cache), false)
 4 FCPATH\index.php(67): CodeIgniter\CodeIgniter->run()
WARNING - 2023-08-27 02:12:21 --> [DEPRECATED] Creation of dynamic property App\Controllers\Data::$ModelSkill is deprecated in APPPATH\Controllers\Data.php on line 23.
 1 SYSTEMPATH\CodeIgniter.php(904): App\Controllers\Data->__construct()
 2 SYSTEMPATH\CodeIgniter.php(488): CodeIgniter\CodeIgniter->createController()
 3 SYSTEMPATH\CodeIgniter.php(366): CodeIgniter\CodeIgniter->handleRequest(null, Object(Config\Cache), false)
 4 FCPATH\index.php(67): CodeIgniter\CodeIgniter->run()
WARNING - 2023-08-27 02:12:21 --> [DEPRECATED] Creation of dynamic property App\Controllers\Data::$ModelData is deprecated in APPPATH\Controllers\Data.php on line 18.
 1 SYSTEMPATH\CodeIgniter.php(904): App\Controllers\Data->__construct()
 2 SYSTEMPATH\CodeIgniter.php(488): CodeIgniter\CodeIgniter->createController()
 3 SYSTEMPATH\CodeIgniter.php(366): CodeIgniter\CodeIgniter->handleRequest(null, Object(Config\Cache), false)
 4 FCPATH\index.php(67): CodeIgniter\CodeIgniter->run()
WARNING - 2023-08-27 02:12:21 --> [DEPRECATED] Creation of dynamic property App\Controllers\Data::$ModelDataSkill is deprecated in APPPATH\Controllers\Data.php on line 19.
 1 SYSTEMPATH\CodeIgniter.php(904): App\Controllers\Data->__construct()
 2 SYSTEMPATH\CodeIgniter.php(488): CodeIgniter\CodeIgniter->createController()
 3 SYSTEMPATH\CodeIgniter.php(366): CodeIgniter\CodeIgniter->handleRequest(null, Object(Config\Cache), false)
 4 FCPATH\index.php(67): CodeIgniter\CodeIgniter->run()
WARNING - 2023-08-27 02:12:21 --> [DEPRECATED] Creation of dynamic property App\Controllers\Data::$ModelPegawai is deprecated in APPPATH\Controllers\Data.php on line 20.
 1 SYSTEMPATH\CodeIgniter.php(904): App\Controllers\Data->__construct()
 2 SYSTEMPATH\CodeIgniter.php(488): CodeIgniter\CodeIgniter->createController()
 3 SYSTEMPATH\CodeIgniter.php(366): CodeIgniter\CodeIgniter->handleRequest(null, Object(Config\Cache), false)
 4 FCPATH\index.php(67): CodeIgniter\CodeIgniter->run()
WARNING - 2023-08-27 02:12:21 --> [DEPRECATED] Creation of dynamic property App\Controllers\Data::$ModelUnit is deprecated in APPPATH\Controllers\Data.php on line 21.
 1 SYSTEMPATH\CodeIgniter.php(904): App\Controllers\Data->__construct()
 2 SYSTEMPATH\CodeIgniter.php(488): CodeIgniter\CodeIgniter->createController()
 3 SYSTEMPATH\CodeIgniter.php(366): CodeIgniter\CodeIgniter->handleRequest(null, Object(Config\Cache), false)
 4 FCPATH\index.php(67): CodeIgniter\CodeIgniter->run()
WARNING - 2023-08-27 02:12:21 --> [DEPRECATED] Creation of dynamic property App\Controllers\Data::$ModelDataDetail is deprecated in APPPATH\Controllers\Data.php on line 22.
 1 SYSTEMPATH\CodeIgniter.php(904): App\Controllers\Data->__construct()
 2 SYSTEMPATH\CodeIgniter.php(488): CodeIgniter\CodeIgniter->createController()
 3 SYSTEMPATH\CodeIgniter.php(366): CodeIgniter\CodeIgniter->handleRequest(null, Object(Config\Cache), false)
 4 FCPATH\index.php(67): CodeIgniter\CodeIgniter->run()
WARNING - 2023-08-27 02:12:21 --> [DEPRECATED] Creation of dynamic property App\Controllers\Data::$ModelSkill is deprecated in APPPATH\Controllers\Data.php on line 23.
 1 SYSTEMPATH\CodeIgniter.php(904): App\Controllers\Data->__construct()
 2 SYSTEMPATH\CodeIgniter.php(488): CodeIgniter\CodeIgniter->createController()
 3 SYSTEMPATH\CodeIgniter.php(366): CodeIgniter\CodeIgniter->handleRequest(null, Object(Config\Cache), false)
 4 FCPATH\index.php(67): CodeIgniter\CodeIgniter->run()
WARNING - 2023-08-27 02:12:22 --> [DEPRECATED] Creation of dynamic property App\Controllers\Data::$ModelData is deprecated in APPPATH\Controllers\Data.php on line 18.
 1 SYSTEMPATH\CodeIgniter.php(904): App\Controllers\Data->__construct()
 2 SYSTEMPATH\CodeIgniter.php(488): CodeIgniter\CodeIgniter->createController()
 3 SYSTEMPATH\CodeIgniter.php(366): CodeIgniter\CodeIgniter->handleRequest(null, Object(Config\Cache), false)
 4 FCPATH\index.php(67): CodeIgniter\CodeIgniter->run()
WARNING - 2023-08-27 02:12:22 --> [DEPRECATED] Creation of dynamic property App\Controllers\Data::$ModelDataSkill is deprecated in APPPATH\Controllers\Data.php on line 19.
 1 SYSTEMPATH\CodeIgniter.php(904): App\Controllers\Data->__construct()
 2 SYSTEMPATH\CodeIgniter.php(488): CodeIgniter\CodeIgniter->createController()
 3 SYSTEMPATH\CodeIgniter.php(366): CodeIgniter\CodeIgniter->handleRequest(null, Object(Config\Cache), false)
 4 FCPATH\index.php(67): CodeIgniter\CodeIgniter->run()
WARNING - 2023-08-27 02:12:22 --> [DEPRECATED] Creation of dynamic property App\Controllers\Data::$ModelPegawai is deprecated in APPPATH\Controllers\Data.php on line 20.
 1 SYSTEMPATH\CodeIgniter.php(904): App\Controllers\Data->__construct()
 2 SYSTEMPATH\CodeIgniter.php(488): CodeIgniter\CodeIgniter->createController()
 3 SYSTEMPATH\CodeIgniter.php(366): CodeIgniter\CodeIgniter->handleRequest(null, Object(Config\Cache), false)
 4 FCPATH\index.php(67): CodeIgniter\CodeIgniter->run()
WARNING - 2023-08-27 02:12:22 --> [DEPRECATED] Creation of dynamic property App\Controllers\Data::$ModelUnit is deprecated in APPPATH\Controllers\Data.php on line 21.
 1 SYSTEMPATH\CodeIgniter.php(904): App\Controllers\Data->__construct()
 2 SYSTEMPATH\CodeIgniter.php(488): CodeIgniter\CodeIgniter->createController()
 3 SYSTEMPATH\CodeIgniter.php(366): CodeIgniter\CodeIgniter->handleRequest(null, Object(Config\Cache), false)
 4 FCPATH\index.php(67): CodeIgniter\CodeIgniter->run()
WARNING - 2023-08-27 02:12:22 --> [DEPRECATED] Creation of dynamic property App\Controllers\Data::$ModelDataDetail is deprecated in APPPATH\Controllers\Data.php on line 22.
 1 SYSTEMPATH\CodeIgniter.php(904): App\Controllers\Data->__construct()
 2 SYSTEMPATH\CodeIgniter.php(488): CodeIgniter\CodeIgniter->createController()
 3 SYSTEMPATH\CodeIgniter.php(366): CodeIgniter\CodeIgniter->handleRequest(null, Object(Config\Cache), false)
 4 FCPATH\index.php(67): CodeIgniter\CodeIgniter->run()
WARNING - 2023-08-27 02:12:22 --> [DEPRECATED] Creation of dynamic property App\Controllers\Data::$ModelSkill is deprecated in APPPATH\Controllers\Data.php on line 23.
 1 SYSTEMPATH\CodeIgniter.php(904): App\Controllers\Data->__construct()
 2 SYSTEMPATH\CodeIgniter.php(488): CodeIgniter\CodeIgniter->createController()
 3 SYSTEMPATH\CodeIgniter.php(366): CodeIgniter\CodeIgniter->handleRequest(null, Object(Config\Cache), false)
 4 FCPATH\index.php(67): CodeIgniter\CodeIgniter->run()
WARNING - 2023-08-27 02:12:22 --> [DEPRECATED] Creation of dynamic property App\Controllers\Data::$ModelData is deprecated in APPPATH\Controllers\Data.php on line 18.
 1 SYSTEMPATH\CodeIgniter.php(904): App\Controllers\Data->__construct()
 2 SYSTEMPATH\CodeIgniter.php(488): CodeIgniter\CodeIgniter->createController()
 3 SYSTEMPATH\CodeIgniter.php(366): CodeIgniter\CodeIgniter->handleRequest(null, Object(Config\Cache), false)
 4 FCPATH\index.php(67): CodeIgniter\CodeIgniter->run()
WARNING - 2023-08-27 02:12:22 --> [DEPRECATED] Creation of dynamic property App\Controllers\Data::$ModelDataSkill is deprecated in APPPATH\Controllers\Data.php on line 19.
 1 SYSTEMPATH\CodeIgniter.php(904): App\Controllers\Data->__construct()
 2 SYSTEMPATH\CodeIgniter.php(488): CodeIgniter\CodeIgniter->createController()
 3 SYSTEMPATH\CodeIgniter.php(366): CodeIgniter\CodeIgniter->handleRequest(null, Object(Config\Cache), false)
 4 FCPATH\index.php(67): CodeIgniter\CodeIgniter->run()
WARNING - 2023-08-27 02:12:22 --> [DEPRECATED] Creation of dynamic property App\Controllers\Data::$ModelPegawai is deprecated in APPPATH\Controllers\Data.php on line 20.
 1 SYSTEMPATH\CodeIgniter.php(904): App\Controllers\Data->__construct()
 2 SYSTEMPATH\CodeIgniter.php(488): CodeIgniter\CodeIgniter->createController()
 3 SYSTEMPATH\CodeIgniter.php(366): CodeIgniter\CodeIgniter->handleRequest(null, Object(Config\Cache), false)
 4 FCPATH\index.php(67): CodeIgniter\CodeIgniter->run()
WARNING - 2023-08-27 02:12:22 --> [DEPRECATED] Creation of dynamic property App\Controllers\Data::$ModelUnit is deprecated in APPPATH\Controllers\Data.php on line 21.
 1 SYSTEMPATH\CodeIgniter.php(904): App\Controllers\Data->__construct()
 2 SYSTEMPATH\CodeIgniter.php(488): CodeIgniter\CodeIgniter->createController()
 3 SYSTEMPATH\CodeIgniter.php(366): CodeIgniter\CodeIgniter->handleRequest(null, Object(Config\Cache), false)
 4 FCPATH\index.php(67): CodeIgniter\CodeIgniter->run()
WARNING - 2023-08-27 02:12:22 --> [DEPRECATED] Creation of dynamic property App\Controllers\Data::$ModelDataDetail is deprecated in APPPATH\Controllers\Data.php on line 22.
 1 SYSTEMPATH\CodeIgniter.php(904): App\Controllers\Data->__construct()
 2 SYSTEMPATH\CodeIgniter.php(488): CodeIgniter\CodeIgniter->createController()
 3 SYSTEMPATH\CodeIgniter.php(366): CodeIgniter\CodeIgniter->handleRequest(null, Object(Config\Cache), false)
 4 FCPATH\index.php(67): CodeIgniter\CodeIgniter->run()
WARNING - 2023-08-27 02:12:22 --> [DEPRECATED] Creation of dynamic property App\Controllers\Data::$ModelSkill is deprecated in APPPATH\Controllers\Data.php on line 23.
 1 SYSTEMPATH\CodeIgniter.php(904): App\Controllers\Data->__construct()
 2 SYSTEMPATH\CodeIgniter.php(488): CodeIgniter\CodeIgniter->createController()
 3 SYSTEMPATH\CodeIgniter.php(366): CodeIgniter\CodeIgniter->handleRequest(null, Object(Config\Cache), false)
 4 FCPATH\index.php(67): CodeIgniter\CodeIgniter->run()
INFO - 2023-08-27 02:12:50 --> Session: Class initialized using 'CodeIgniter\Session\Handlers\FileHandler' driver.
WARNING - 2023-08-27 02:12:50 --> [DEPRECATED] Creation of dynamic property App\Controllers\Data::$ModelData is deprecated in APPPATH\Controllers\Data.php on line 18.
 1 SYSTEMPATH\CodeIgniter.php(904): App\Controllers\Data->__construct()
 2 SYSTEMPATH\CodeIgniter.php(488): CodeIgniter\CodeIgniter->createController()
 3 SYSTEMPATH\CodeIgniter.php(366): CodeIgniter\CodeIgniter->handleRequest(null, Object(Config\Cache), false)
 4 FCPATH\index.php(67): CodeIgniter\CodeIgniter->run()
WARNING - 2023-08-27 02:12:50 --> [DEPRECATED] Creation of dynamic property App\Controllers\Data::$ModelDataSkill is deprecated in APPPATH\Controllers\Data.php on line 19.
 1 SYSTEMPATH\CodeIgniter.php(904): App\Controllers\Data->__construct()
 2 SYSTEMPATH\CodeIgniter.php(488): CodeIgniter\CodeIgniter->createController()
 3 SYSTEMPATH\CodeIgniter.php(366): CodeIgniter\CodeIgniter->handleRequest(null, Object(Config\Cache), false)
 4 FCPATH\index.php(67): CodeIgniter\CodeIgniter->run()
WARNING - 2023-08-27 02:12:50 --> [DEPRECATED] Creation of dynamic property App\Controllers\Data::$ModelPegawai is deprecated in APPPATH\Controllers\Data.php on line 20.
 1 SYSTEMPATH\CodeIgniter.php(904): App\Controllers\Data->__construct()
 2 SYSTEMPATH\CodeIgniter.php(488): CodeIgniter\CodeIgniter->createController()
 3 SYSTEMPATH\CodeIgniter.php(366): CodeIgniter\CodeIgniter->handleRequest(null, Object(Config\Cache), false)
 4 FCPATH\index.php(67): CodeIgniter\CodeIgniter->run()
WARNING - 2023-08-27 02:12:50 --> [DEPRECATED] Creation of dynamic property App\Controllers\Data::$ModelUnit is deprecated in APPPATH\Controllers\Data.php on line 21.
 1 SYSTEMPATH\CodeIgniter.php(904): App\Controllers\Data->__construct()
 2 SYSTEMPATH\CodeIgniter.php(488): CodeIgniter\CodeIgniter->createController()
 3 SYSTEMPATH\CodeIgniter.php(366): CodeIgniter\CodeIgniter->handleRequest(null, Object(Config\Cache), false)
 4 FCPATH\index.php(67): CodeIgniter\CodeIgniter->run()
WARNING - 2023-08-27 02:12:50 --> [DEPRECATED] Creation of dynamic property App\Controllers\Data::$ModelDataDetail is deprecated in APPPATH\Controllers\Data.php on line 22.
 1 SYSTEMPATH\CodeIgniter.php(904): App\Controllers\Data->__construct()
 2 SYSTEMPATH\CodeIgniter.php(488): CodeIgniter\CodeIgniter->createController()
 3 SYSTEMPATH\CodeIgniter.php(366): CodeIgniter\CodeIgniter->handleRequest(null, Object(Config\Cache), false)
 4 FCPATH\index.php(67): CodeIgniter\CodeIgniter->run()
WARNING - 2023-08-27 02:12:50 --> [DEPRECATED] Creation of dynamic property App\Controllers\Data::$ModelSkill is deprecated in APPPATH\Controllers\Data.php on line 23.
 1 SYSTEMPATH\CodeIgniter.php(904): App\Controllers\Data->__construct()
 2 SYSTEMPATH\CodeIgniter.php(488): CodeIgniter\CodeIgniter->createController()
 3 SYSTEMPATH\CodeIgniter.php(366): CodeIgniter\CodeIgniter->handleRequest(null, Object(Config\Cache), false)
 4 FCPATH\index.php(67): CodeIgniter\CodeIgniter->run()
WARNING - 2023-08-27 02:12:50 --> [DEPRECATED] Creation of dynamic property App\Controllers\Data::$ModelData is deprecated in APPPATH\Controllers\Data.php on line 18.
 1 SYSTEMPATH\CodeIgniter.php(904): App\Controllers\Data->__construct()
 2 SYSTEMPATH\CodeIgniter.php(488): CodeIgniter\CodeIgniter->createController()
 3 SYSTEMPATH\CodeIgniter.php(366): CodeIgniter\CodeIgniter->handleRequest(null, Object(Config\Cache), false)
 4 FCPATH\index.php(67): CodeIgniter\CodeIgniter->run()
WARNING - 2023-08-27 02:12:50 --> [DEPRECATED] Creation of dynamic property App\Controllers\Data::$ModelDataSkill is deprecated in APPPATH\Controllers\Data.php on line 19.
 1 SYSTEMPATH\CodeIgniter.php(904): App\Controllers\Data->__construct()
 2 SYSTEMPATH\CodeIgniter.php(488): CodeIgniter\CodeIgniter->createController()
 3 SYSTEMPATH\CodeIgniter.php(366): CodeIgniter\CodeIgniter->handleRequest(null, Object(Config\Cache), false)
 4 FCPATH\index.php(67): CodeIgniter\CodeIgniter->run()
WARNING - 2023-08-27 02:12:50 --> [DEPRECATED] Creation of dynamic property App\Controllers\Data::$ModelPegawai is deprecated in APPPATH\Controllers\Data.php on line 20.
 1 SYSTEMPATH\CodeIgniter.php(904): App\Controllers\Data->__construct()
 2 SYSTEMPATH\CodeIgniter.php(488): CodeIgniter\CodeIgniter->createController()
 3 SYSTEMPATH\CodeIgniter.php(366): CodeIgniter\CodeIgniter->handleRequest(null, Object(Config\Cache), false)
 4 FCPATH\index.php(67): CodeIgniter\CodeIgniter->run()
WARNING - 2023-08-27 02:12:50 --> [DEPRECATED] Creation of dynamic property App\Controllers\Data::$ModelUnit is deprecated in APPPATH\Controllers\Data.php on line 21.
 1 SYSTEMPATH\CodeIgniter.php(904): App\Controllers\Data->__construct()
 2 SYSTEMPATH\CodeIgniter.php(488): CodeIgniter\CodeIgniter->createController()
 3 SYSTEMPATH\CodeIgniter.php(366): CodeIgniter\CodeIgniter->handleRequest(null, Object(Config\Cache), false)
 4 FCPATH\index.php(67): CodeIgniter\CodeIgniter->run()
WARNING - 2023-08-27 02:12:50 --> [DEPRECATED] Creation of dynamic property App\Controllers\Data::$ModelDataDetail is deprecated in APPPATH\Controllers\Data.php on line 22.
 1 SYSTEMPATH\CodeIgniter.php(904): App\Controllers\Data->__construct()
 2 SYSTEMPATH\CodeIgniter.php(488): CodeIgniter\CodeIgniter->createController()
 3 SYSTEMPATH\CodeIgniter.php(366): CodeIgniter\CodeIgniter->handleRequest(null, Object(Config\Cache), false)
 4 FCPATH\index.php(67): CodeIgniter\CodeIgniter->run()
WARNING - 2023-08-27 02:12:50 --> [DEPRECATED] Creation of dynamic property App\Controllers\Data::$ModelSkill is deprecated in APPPATH\Controllers\Data.php on line 23.
 1 SYSTEMPATH\CodeIgniter.php(904): App\Controllers\Data->__construct()
 2 SYSTEMPATH\CodeIgniter.php(488): CodeIgniter\CodeIgniter->createController()
 3 SYSTEMPATH\CodeIgniter.php(366): CodeIgniter\CodeIgniter->handleRequest(null, Object(Config\Cache), false)
 4 FCPATH\index.php(67): CodeIgniter\CodeIgniter->run()
WARNING - 2023-08-27 02:12:50 --> [DEPRECATED] Creation of dynamic property App\Controllers\Data::$ModelData is deprecated in APPPATH\Controllers\Data.php on line 18.
 1 SYSTEMPATH\CodeIgniter.php(904): App\Controllers\Data->__construct()
 2 SYSTEMPATH\CodeIgniter.php(488): CodeIgniter\CodeIgniter->createController()
 3 SYSTEMPATH\CodeIgniter.php(366): CodeIgniter\CodeIgniter->handleRequest(null, Object(Config\Cache), false)
 4 FCPATH\index.php(67): CodeIgniter\CodeIgniter->run()
WARNING - 2023-08-27 02:12:50 --> [DEPRECATED] Creation of dynamic property App\Controllers\Data::$ModelDataSkill is deprecated in APPPATH\Controllers\Data.php on line 19.
 1 SYSTEMPATH\CodeIgniter.php(904): App\Controllers\Data->__construct()
 2 SYSTEMPATH\CodeIgniter.php(488): CodeIgniter\CodeIgniter->createController()
 3 SYSTEMPATH\CodeIgniter.php(366): CodeIgniter\CodeIgniter->handleRequest(null, Object(Config\Cache), false)
 4 FCPATH\index.php(67): CodeIgniter\CodeIgniter->run()
WARNING - 2023-08-27 02:12:50 --> [DEPRECATED] Creation of dynamic property App\Controllers\Data::$ModelPegawai is deprecated in APPPATH\Controllers\Data.php on line 20.
 1 SYSTEMPATH\CodeIgniter.php(904): App\Controllers\Data->__construct()
 2 SYSTEMPATH\CodeIgniter.php(488): CodeIgniter\CodeIgniter->createController()
 3 SYSTEMPATH\CodeIgniter.php(366): CodeIgniter\CodeIgniter->handleRequest(null, Object(Config\Cache), false)
 4 FCPATH\index.php(67): CodeIgniter\CodeIgniter->run()
WARNING - 2023-08-27 02:12:50 --> [DEPRECATED] Creation of dynamic property App\Controllers\Data::$ModelUnit is deprecated in APPPATH\Controllers\Data.php on line 21.
 1 SYSTEMPATH\CodeIgniter.php(904): App\Controllers\Data->__construct()
 2 SYSTEMPATH\CodeIgniter.php(488): CodeIgniter\CodeIgniter->createController()
 3 SYSTEMPATH\CodeIgniter.php(366): CodeIgniter\CodeIgniter->handleRequest(null, Object(Config\Cache), false)
 4 FCPATH\index.php(67): CodeIgniter\CodeIgniter->run()
WARNING - 2023-08-27 02:12:50 --> [DEPRECATED] Creation of dynamic property App\Controllers\Data::$ModelDataDetail is deprecated in APPPATH\Controllers\Data.php on line 22.
 1 SYSTEMPATH\CodeIgniter.php(904): App\Controllers\Data->__construct()
 2 SYSTEMPATH\CodeIgniter.php(488): CodeIgniter\CodeIgniter->createController()
 3 SYSTEMPATH\CodeIgniter.php(366): CodeIgniter\CodeIgniter->handleRequest(null, Object(Config\Cache), false)
 4 FCPATH\index.php(67): CodeIgniter\CodeIgniter->run()
WARNING - 2023-08-27 02:12:50 --> [DEPRECATED] Creation of dynamic property App\Controllers\Data::$ModelSkill is deprecated in APPPATH\Controllers\Data.php on line 23.
 1 SYSTEMPATH\CodeIgniter.php(904): App\Controllers\Data->__construct()
 2 SYSTEMPATH\CodeIgniter.php(488): CodeIgniter\CodeIgniter->createController()
 3 SYSTEMPATH\CodeIgniter.php(366): CodeIgniter\CodeIgniter->handleRequest(null, Object(Config\Cache), false)
 4 FCPATH\index.php(67): CodeIgniter\CodeIgniter->run()
WARNING - 2023-08-27 02:12:50 --> [DEPRECATED] Creation of dynamic property App\Controllers\Data::$ModelData is deprecated in APPPATH\Controllers\Data.php on line 18.
 1 SYSTEMPATH\CodeIgniter.php(904): App\Controllers\Data->__construct()
 2 SYSTEMPATH\CodeIgniter.php(488): CodeIgniter\CodeIgniter->createController()
 3 SYSTEMPATH\CodeIgniter.php(366): CodeIgniter\CodeIgniter->handleRequest(null, Object(Config\Cache), false)
 4 FCPATH\index.php(67): CodeIgniter\CodeIgniter->run()
WARNING - 2023-08-27 02:12:50 --> [DEPRECATED] Creation of dynamic property App\Controllers\Data::$ModelDataSkill is deprecated in APPPATH\Controllers\Data.php on line 19.
 1 SYSTEMPATH\CodeIgniter.php(904): App\Controllers\Data->__construct()
 2 SYSTEMPATH\CodeIgniter.php(488): CodeIgniter\CodeIgniter->createController()
 3 SYSTEMPATH\CodeIgniter.php(366): CodeIgniter\CodeIgniter->handleRequest(null, Object(Config\Cache), false)
 4 FCPATH\index.php(67): CodeIgniter\CodeIgniter->run()
WARNING - 2023-08-27 02:12:50 --> [DEPRECATED] Creation of dynamic property App\Controllers\Data::$ModelPegawai is deprecated in APPPATH\Controllers\Data.php on line 20.
 1 SYSTEMPATH\CodeIgniter.php(904): App\Controllers\Data->__construct()
 2 SYSTEMPATH\CodeIgniter.php(488): CodeIgniter\CodeIgniter->createController()
 3 SYSTEMPATH\CodeIgniter.php(366): CodeIgniter\CodeIgniter->handleRequest(null, Object(Config\Cache), false)
 4 FCPATH\index.php(67): CodeIgniter\CodeIgniter->run()
WARNING - 2023-08-27 02:12:50 --> [DEPRECATED] Creation of dynamic property App\Controllers\Data::$ModelUnit is deprecated in APPPATH\Controllers\Data.php on line 21.
 1 SYSTEMPATH\CodeIgniter.php(904): App\Controllers\Data->__construct()
 2 SYSTEMPATH\CodeIgniter.php(488): CodeIgniter\CodeIgniter->createController()
 3 SYSTEMPATH\CodeIgniter.php(366): CodeIgniter\CodeIgniter->handleRequest(null, Object(Config\Cache), false)
 4 FCPATH\index.php(67): CodeIgniter\CodeIgniter->run()
WARNING - 2023-08-27 02:12:50 --> [DEPRECATED] Creation of dynamic property App\Controllers\Data::$ModelDataDetail is deprecated in APPPATH\Controllers\Data.php on line 22.
 1 SYSTEMPATH\CodeIgniter.php(904): App\Controllers\Data->__construct()
 2 SYSTEMPATH\CodeIgniter.php(488): CodeIgniter\CodeIgniter->createController()
 3 SYSTEMPATH\CodeIgniter.php(366): CodeIgniter\CodeIgniter->handleRequest(null, Object(Config\Cache), false)
 4 FCPATH\index.php(67): CodeIgniter\CodeIgniter->run()
WARNING - 2023-08-27 02:12:50 --> [DEPRECATED] Creation of dynamic property App\Controllers\Data::$ModelSkill is deprecated in APPPATH\Controllers\Data.php on line 23.
 1 SYSTEMPATH\CodeIgniter.php(904): App\Controllers\Data->__construct()
 2 SYSTEMPATH\CodeIgniter.php(488): CodeIgniter\CodeIgniter->createController()
 3 SYSTEMPATH\CodeIgniter.php(366): CodeIgniter\CodeIgniter->handleRequest(null, Object(Config\Cache), false)
 4 FCPATH\index.php(67): CodeIgniter\CodeIgniter->run()
INFO - 2023-08-27 02:12:57 --> Session: Class initialized using 'CodeIgniter\Session\Handlers\FileHandler' driver.
WARNING - 2023-08-27 02:12:57 --> [DEPRECATED] Creation of dynamic property App\Controllers\Boscu::$ModelBoscu is deprecated in APPPATH\Controllers\Boscu.php on line 12.
 1 SYSTEMPATH\CodeIgniter.php(904): App\Controllers\Boscu->__construct()
 2 SYSTEMPATH\CodeIgniter.php(488): CodeIgniter\CodeIgniter->createController()
 3 SYSTEMPATH\CodeIgniter.php(366): CodeIgniter\CodeIgniter->handleRequest(null, Object(Config\Cache), false)
 4 FCPATH\index.php(67): CodeIgniter\CodeIgniter->run()
WARNING - 2023-08-27 02:12:57 --> [DEPRECATED] Creation of dynamic property App\Controllers\Boscu::$ModelBoscu is deprecated in APPPATH\Controllers\Boscu.php on line 12.
 1 SYSTEMPATH\CodeIgniter.php(904): App\Controllers\Boscu->__construct()
 2 SYSTEMPATH\CodeIgniter.php(488): CodeIgniter\CodeIgniter->createController()
 3 SYSTEMPATH\CodeIgniter.php(366): CodeIgniter\CodeIgniter->handleRequest(null, Object(Config\Cache), false)
 4 FCPATH\index.php(67): CodeIgniter\CodeIgniter->run()
INFO - 2023-08-27 02:13:40 --> Session: Class initialized using 'CodeIgniter\Session\Handlers\FileHandler' driver.
WARNING - 2023-08-27 02:13:40 --> [DEPRECATED] Creation of dynamic property App\Controllers\Boscu::$ModelBoscu is deprecated in APPPATH\Controllers\Boscu.php on line 12.
 1 SYSTEMPATH\CodeIgniter.php(904): App\Controllers\Boscu->__construct()
 2 SYSTEMPATH\CodeIgniter.php(488): CodeIgniter\CodeIgniter->createController()
 3 SYSTEMPATH\CodeIgniter.php(366): CodeIgniter\CodeIgniter->handleRequest(null, Object(Config\Cache), false)
 4 FCPATH\index.php(67): CodeIgniter\CodeIgniter->run()
WARNING - 2023-08-27 02:13:41 --> [DEPRECATED] Creation of dynamic property App\Controllers\Boscu::$ModelBoscu is deprecated in APPPATH\Controllers\Boscu.php on line 12.
 1 SYSTEMPATH\CodeIgniter.php(904): App\Controllers\Boscu->__construct()
 2 SYSTEMPATH\CodeIgniter.php(488): CodeIgniter\CodeIgniter->createController()
 3 SYSTEMPATH\CodeIgniter.php(366): CodeIgniter\CodeIgniter->handleRequest(null, Object(Config\Cache), false)
 4 FCPATH\index.php(67): CodeIgniter\CodeIgniter->run()
INFO - 2023-08-27 02:31:06 --> Session: Class initialized using 'CodeIgniter\Session\Handlers\FileHandler' driver.
WARNING - 2023-08-27 02:31:06 --> [DEPRECATED] Creation of dynamic property App\Controllers\Boscu::$ModelBoscu is deprecated in APPPATH\Controllers\Boscu.php on line 12.
 1 SYSTEMPATH\CodeIgniter.php(904): App\Controllers\Boscu->__construct()
 2 SYSTEMPATH\CodeIgniter.php(488): CodeIgniter\CodeIgniter->createController()
 3 SYSTEMPATH\CodeIgniter.php(366): CodeIgniter\CodeIgniter->handleRequest(null, Object(Config\Cache), false)
 4 FCPATH\index.php(67): CodeIgniter\CodeIgniter->run()
WARNING - 2023-08-27 02:31:07 --> [DEPRECATED] Creation of dynamic property App\Controllers\Boscu::$ModelBoscu is deprecated in APPPATH\Controllers\Boscu.php on line 12.
 1 SYSTEMPATH\CodeIgniter.php(904): App\Controllers\Boscu->__construct()
 2 SYSTEMPATH\CodeIgniter.php(488): CodeIgniter\CodeIgniter->createController()
 3 SYSTEMPATH\CodeIgniter.php(366): CodeIgniter\CodeIgniter->handleRequest(null, Object(Config\Cache), false)
 4 FCPATH\index.php(67): CodeIgniter\CodeIgniter->run()
INFO - 2023-08-27 02:32:19 --> Session: Class initialized using 'CodeIgniter\Session\Handlers\FileHandler' driver.
WARNING - 2023-08-27 02:32:19 --> [DEPRECATED] Creation of dynamic property App\Controllers\Boscu::$ModelBoscu is deprecated in APPPATH\Controllers\Boscu.php on line 12.
 1 SYSTEMPATH\CodeIgniter.php(904): App\Controllers\Boscu->__construct()
 2 SYSTEMPATH\CodeIgniter.php(488): CodeIgniter\CodeIgniter->createController()
 3 SYSTEMPATH\CodeIgniter.php(366): CodeIgniter\CodeIgniter->handleRequest(null, Object(Config\Cache), false)
 4 FCPATH\index.php(67): CodeIgniter\CodeIgniter->run()
WARNING - 2023-08-27 02:32:20 --> [DEPRECATED] Creation of dynamic property App\Controllers\Boscu::$ModelBoscu is deprecated in APPPATH\Controllers\Boscu.php on line 12.
 1 SYSTEMPATH\CodeIgniter.php(904): App\Controllers\Boscu->__construct()
 2 SYSTEMPATH\CodeIgniter.php(488): CodeIgniter\CodeIgniter->createController()
 3 SYSTEMPATH\CodeIgniter.php(366): CodeIgniter\CodeIgniter->handleRequest(null, Object(Config\Cache), false)
 4 FCPATH\index.php(67): CodeIgniter\CodeIgniter->run()
INFO - 2023-08-27 02:32:58 --> Session: Class initialized using 'CodeIgniter\Session\Handlers\FileHandler' driver.
WARNING - 2023-08-27 02:32:58 --> [DEPRECATED] Creation of dynamic property App\Controllers\Boscu::$ModelBoscu is deprecated in APPPATH\Controllers\Boscu.php on line 12.
 1 SYSTEMPATH\CodeIgniter.php(904): App\Controllers\Boscu->__construct()
 2 SYSTEMPATH\CodeIgniter.php(488): CodeIgniter\CodeIgniter->createController()
 3 SYSTEMPATH\CodeIgniter.php(366): CodeIgniter\CodeIgniter->handleRequest(null, Object(Config\Cache), false)
 4 FCPATH\index.php(67): CodeIgniter\CodeIgniter->run()
WARNING - 2023-08-27 02:32:59 --> [DEPRECATED] Creation of dynamic property App\Controllers\Boscu::$ModelBoscu is deprecated in APPPATH\Controllers\Boscu.php on line 12.
 1 SYSTEMPATH\CodeIgniter.php(904): App\Controllers\Boscu->__construct()
 2 SYSTEMPATH\CodeIgniter.php(488): CodeIgniter\CodeIgniter->createController()
 3 SYSTEMPATH\CodeIgniter.php(366): CodeIgniter\CodeIgniter->handleRequest(null, Object(Config\Cache), false)
 4 FCPATH\index.php(67): CodeIgniter\CodeIgniter->run()
INFO - 2023-08-27 02:34:36 --> Session: Class initialized using 'CodeIgniter\Session\Handlers\FileHandler' driver.
WARNING - 2023-08-27 02:34:36 --> [DEPRECATED] Creation of dynamic property App\Controllers\Boscu::$ModelBoscu is deprecated in APPPATH\Controllers\Boscu.php on line 12.
 1 SYSTEMPATH\CodeIgniter.php(904): App\Controllers\Boscu->__construct()
 2 SYSTEMPATH\CodeIgniter.php(488): CodeIgniter\CodeIgniter->createController()
 3 SYSTEMPATH\CodeIgniter.php(366): CodeIgniter\CodeIgniter->handleRequest(null, Object(Config\Cache), false)
 4 FCPATH\index.php(67): CodeIgniter\CodeIgniter->run()
INFO - 2023-08-27 02:35:51 --> Session: Class initialized using 'CodeIgniter\Session\Handlers\FileHandler' driver.
WARNING - 2023-08-27 02:35:51 --> [DEPRECATED] Creation of dynamic property App\Controllers\Boscu::$ModelBoscu is deprecated in APPPATH\Controllers\Boscu.php on line 12.
 1 SYSTEMPATH\CodeIgniter.php(904): App\Controllers\Boscu->__construct()
 2 SYSTEMPATH\CodeIgniter.php(488): CodeIgniter\CodeIgniter->createController()
 3 SYSTEMPATH\CodeIgniter.php(366): CodeIgniter\CodeIgniter->handleRequest(null, Object(Config\Cache), false)
 4 FCPATH\index.php(67): CodeIgniter\CodeIgniter->run()
INFO - 2023-08-27 02:36:17 --> Session: Class initialized using 'CodeIgniter\Session\Handlers\FileHandler' driver.
WARNING - 2023-08-27 02:36:17 --> [DEPRECATED] Creation of dynamic property App\Controllers\Boscu::$ModelBoscu is deprecated in APPPATH\Controllers\Boscu.php on line 12.
 1 SYSTEMPATH\CodeIgniter.php(904): App\Controllers\Boscu->__construct()
 2 SYSTEMPATH\CodeIgniter.php(488): CodeIgniter\CodeIgniter->createController()
 3 SYSTEMPATH\CodeIgniter.php(366): CodeIgniter\CodeIgniter->handleRequest(null, Object(Config\Cache), false)
 4 FCPATH\index.php(67): CodeIgniter\CodeIgniter->run()
CRITICAL - 2023-08-27 02:36:17 --> Call to undefined method CodeIgniter\View\View::endSsection()
in APPPATH\Views\boscu\add.php on line 6.
 1 SYSTEMPATH\View\View.php(224): include()
 2 SYSTEMPATH\View\View.php(227): CodeIgniter\View\View->CodeIgniter\View\{closure}()
 3 SYSTEMPATH\Common.php(1180): CodeIgniter\View\View->render('boscu/add', [], true)
 4 APPPATH\Controllers\Boscu.php(72): view('boscu/add')
 5 SYSTEMPATH\CodeIgniter.php(932): App\Controllers\Boscu->add()
 6 SYSTEMPATH\CodeIgniter.php(497): CodeIgniter\CodeIgniter->runController(Object(App\Controllers\Boscu))
 7 SYSTEMPATH\CodeIgniter.php(366): CodeIgniter\CodeIgniter->handleRequest(null, Object(Config\Cache), false)
 8 FCPATH\index.php(67): CodeIgniter\CodeIgniter->run()
INFO - 2023-08-27 02:36:26 --> Session: Class initialized using 'CodeIgniter\Session\Handlers\FileHandler' driver.
WARNING - 2023-08-27 02:36:26 --> [DEPRECATED] Creation of dynamic property App\Controllers\Boscu::$ModelBoscu is deprecated in APPPATH\Controllers\Boscu.php on line 12.
 1 SYSTEMPATH\CodeIgniter.php(904): App\Controllers\Boscu->__construct()
 2 SYSTEMPATH\CodeIgniter.php(488): CodeIgniter\CodeIgniter->createController()
 3 SYSTEMPATH\CodeIgniter.php(366): CodeIgniter\CodeIgniter->handleRequest(null, Object(Config\Cache), false)
 4 FCPATH\index.php(67): CodeIgniter\CodeIgniter->run()
INFO - 2023-08-27 02:36:34 --> Session: Class initialized using 'CodeIgniter\Session\Handlers\FileHandler' driver.
WARNING - 2023-08-27 02:36:34 --> [DEPRECATED] Creation of dynamic property App\Controllers\Boscu::$ModelBoscu is deprecated in APPPATH\Controllers\Boscu.php on line 12.
 1 SYSTEMPATH\CodeIgniter.php(904): App\Controllers\Boscu->__construct()
 2 SYSTEMPATH\CodeIgniter.php(488): CodeIgniter\CodeIgniter->createController()
 3 SYSTEMPATH\CodeIgniter.php(366): CodeIgniter\CodeIgniter->handleRequest(null, Object(Config\Cache), false)
 4 FCPATH\index.php(67): CodeIgniter\CodeIgniter->run()
WARNING - 2023-08-27 02:36:35 --> [DEPRECATED] Creation of dynamic property App\Controllers\Boscu::$ModelBoscu is deprecated in APPPATH\Controllers\Boscu.php on line 12.
 1 SYSTEMPATH\CodeIgniter.php(904): App\Controllers\Boscu->__construct()
 2 SYSTEMPATH\CodeIgniter.php(488): CodeIgniter\CodeIgniter->createController()
 3 SYSTEMPATH\CodeIgniter.php(366): CodeIgniter\CodeIgniter->handleRequest(null, Object(Config\Cache), false)
 4 FCPATH\index.php(67): CodeIgniter\CodeIgniter->run()
INFO - 2023-08-27 02:36:36 --> Session: Class initialized using 'CodeIgniter\Session\Handlers\FileHandler' driver.
WARNING - 2023-08-27 02:36:36 --> [DEPRECATED] Creation of dynamic property App\Controllers\Boscu::$ModelBoscu is deprecated in APPPATH\Controllers\Boscu.php on line 12.
 1 SYSTEMPATH\CodeIgniter.php(904): App\Controllers\Boscu->__construct()
 2 SYSTEMPATH\CodeIgniter.php(488): CodeIgniter\CodeIgniter->createController()
 3 SYSTEMPATH\CodeIgniter.php(366): CodeIgniter\CodeIgniter->handleRequest(null, Object(Config\Cache), false)
 4 FCPATH\index.php(67): CodeIgniter\CodeIgniter->run()
INFO - 2023-08-27 02:36:57 --> Session: Class initialized using 'CodeIgniter\Session\Handlers\FileHandler' driver.
WARNING - 2023-08-27 02:36:57 --> [DEPRECATED] Creation of dynamic property App\Controllers\Unit::$ModelUnit is deprecated in APPPATH\Controllers\Unit.php on line 11.
 1 SYSTEMPATH\CodeIgniter.php(904): App\Controllers\Unit->__construct()
 2 SYSTEMPATH\CodeIgniter.php(488): CodeIgniter\CodeIgniter->createController()
 3 SYSTEMPATH\CodeIgniter.php(366): CodeIgniter\CodeIgniter->handleRequest(null, Object(Config\Cache), false)
 4 FCPATH\index.php(67): CodeIgniter\CodeIgniter->run()
WARNING - 2023-08-27 02:36:58 --> [DEPRECATED] Creation of dynamic property App\Controllers\Unit::$ModelUnit is deprecated in APPPATH\Controllers\Unit.php on line 11.
 1 SYSTEMPATH\CodeIgniter.php(904): App\Controllers\Unit->__construct()
 2 SYSTEMPATH\CodeIgniter.php(488): CodeIgniter\CodeIgniter->createController()
 3 SYSTEMPATH\CodeIgniter.php(366): CodeIgniter\CodeIgniter->handleRequest(null, Object(Config\Cache), false)
 4 FCPATH\index.php(67): CodeIgniter\CodeIgniter->run()
INFO - 2023-08-27 02:37:55 --> Session: Class initialized using 'CodeIgniter\Session\Handlers\FileHandler' driver.
WARNING - 2023-08-27 02:37:55 --> [DEPRECATED] Creation of dynamic property App\Controllers\Pegawai::$ModelPegawai is deprecated in APPPATH\Controllers\Pegawai.php on line 13.
 1 SYSTEMPATH\CodeIgniter.php(904): App\Controllers\Pegawai->__construct()
 2 SYSTEMPATH\CodeIgniter.php(488): CodeIgniter\CodeIgniter->createController()
 3 SYSTEMPATH\CodeIgniter.php(366): CodeIgniter\CodeIgniter->handleRequest(null, Object(Config\Cache), false)
 4 FCPATH\index.php(67): CodeIgniter\CodeIgniter->run()
WARNING - 2023-08-27 02:37:55 --> [DEPRECATED] Creation of dynamic property App\Controllers\Pegawai::$ModelUnit is deprecated in APPPATH\Controllers\Pegawai.php on line 14.
 1 SYSTEMPATH\CodeIgniter.php(904): App\Controllers\Pegawai->__construct()
 2 SYSTEMPATH\CodeIgniter.php(488): CodeIgniter\CodeIgniter->createController()
 3 SYSTEMPATH\CodeIgniter.php(366): CodeIgniter\CodeIgniter->handleRequest(null, Object(Config\Cache), false)
 4 FCPATH\index.php(67): CodeIgniter\CodeIgniter->run()
WARNING - 2023-08-27 02:37:56 --> [DEPRECATED] Creation of dynamic property App\Controllers\Pegawai::$ModelPegawai is deprecated in APPPATH\Controllers\Pegawai.php on line 13.
 1 SYSTEMPATH\CodeIgniter.php(904): App\Controllers\Pegawai->__construct()
 2 SYSTEMPATH\CodeIgniter.php(488): CodeIgniter\CodeIgniter->createController()
 3 SYSTEMPATH\CodeIgniter.php(366): CodeIgniter\CodeIgniter->handleRequest(null, Object(Config\Cache), false)
 4 FCPATH\index.php(67): CodeIgniter\CodeIgniter->run()
WARNING - 2023-08-27 02:37:56 --> [DEPRECATED] Creation of dynamic property App\Controllers\Pegawai::$ModelUnit is deprecated in APPPATH\Controllers\Pegawai.php on line 14.
 1 SYSTEMPATH\CodeIgniter.php(904): App\Controllers\Pegawai->__construct()
 2 SYSTEMPATH\CodeIgniter.php(488): CodeIgniter\CodeIgniter->createController()
 3 SYSTEMPATH\CodeIgniter.php(366): CodeIgniter\CodeIgniter->handleRequest(null, Object(Config\Cache), false)
 4 FCPATH\index.php(67): CodeIgniter\CodeIgniter->run()
INFO - 2023-08-27 02:39:33 --> Session: Class initialized using 'CodeIgniter\Session\Handlers\FileHandler' driver.
WARNING - 2023-08-27 02:39:33 --> [DEPRECATED] Creation of dynamic property App\Controllers\Pegawai::$ModelPegawai is deprecated in APPPATH\Controllers\Pegawai.php on line 13.
 1 SYSTEMPATH\CodeIgniter.php(904): App\Controllers\Pegawai->__construct()
 2 SYSTEMPATH\CodeIgniter.php(488): CodeIgniter\CodeIgniter->createController()
 3 SYSTEMPATH\CodeIgniter.php(366): CodeIgniter\CodeIgniter->handleRequest(null, Object(Config\Cache), false)
 4 FCPATH\index.php(67): CodeIgniter\CodeIgniter->run()
WARNING - 2023-08-27 02:39:33 --> [DEPRECATED] Creation of dynamic property App\Controllers\Pegawai::$ModelUnit is deprecated in APPPATH\Controllers\Pegawai.php on line 14.
 1 SYSTEMPATH\CodeIgniter.php(904): App\Controllers\Pegawai->__construct()
 2 SYSTEMPATH\CodeIgniter.php(488): CodeIgniter\CodeIgniter->createController()
 3 SYSTEMPATH\CodeIgniter.php(366): CodeIgniter\CodeIgniter->handleRequest(null, Object(Config\Cache), false)
 4 FCPATH\index.php(67): CodeIgniter\CodeIgniter->run()
WARNING - 2023-08-27 02:39:33 --> [DEPRECATED] Creation of dynamic property App\Controllers\Pegawai::$ModelPegawai is deprecated in APPPATH\Controllers\Pegawai.php on line 13.
 1 SYSTEMPATH\CodeIgniter.php(904): App\Controllers\Pegawai->__construct()
 2 SYSTEMPATH\CodeIgniter.php(488): CodeIgniter\CodeIgniter->createController()
 3 SYSTEMPATH\CodeIgniter.php(366): CodeIgniter\CodeIgniter->handleRequest(null, Object(Config\Cache), false)
 4 FCPATH\index.php(67): CodeIgniter\CodeIgniter->run()
WARNING - 2023-08-27 02:39:33 --> [DEPRECATED] Creation of dynamic property App\Controllers\Pegawai::$ModelUnit is deprecated in APPPATH\Controllers\Pegawai.php on line 14.
 1 SYSTEMPATH\CodeIgniter.php(904): App\Controllers\Pegawai->__construct()
 2 SYSTEMPATH\CodeIgniter.php(488): CodeIgniter\CodeIgniter->createController()
 3 SYSTEMPATH\CodeIgniter.php(366): CodeIgniter\CodeIgniter->handleRequest(null, Object(Config\Cache), false)
 4 FCPATH\index.php(67): CodeIgniter\CodeIgniter->run()
INFO - 2023-08-27 02:39:35 --> Session: Class initialized using 'CodeIgniter\Session\Handlers\FileHandler' driver.
WARNING - 2023-08-27 02:39:35 --> [DEPRECATED] Creation of dynamic property App\Controllers\Boscu::$ModelBoscu is deprecated in APPPATH\Controllers\Boscu.php on line 12.
 1 SYSTEMPATH\CodeIgniter.php(904): App\Controllers\Boscu->__construct()
 2 SYSTEMPATH\CodeIgniter.php(488): CodeIgniter\CodeIgniter->createController()
 3 SYSTEMPATH\CodeIgniter.php(366): CodeIgniter\CodeIgniter->handleRequest(null, Object(Config\Cache), false)
 4 FCPATH\index.php(67): CodeIgniter\CodeIgniter->run()
WARNING - 2023-08-27 02:39:35 --> [DEPRECATED] Creation of dynamic property App\Controllers\Boscu::$ModelBoscu is deprecated in APPPATH\Controllers\Boscu.php on line 12.
 1 SYSTEMPATH\CodeIgniter.php(904): App\Controllers\Boscu->__construct()
 2 SYSTEMPATH\CodeIgniter.php(488): CodeIgniter\CodeIgniter->createController()
 3 SYSTEMPATH\CodeIgniter.php(366): CodeIgniter\CodeIgniter->handleRequest(null, Object(Config\Cache), false)
 4 FCPATH\index.php(67): CodeIgniter\CodeIgniter->run()
INFO - 2023-08-27 02:39:36 --> Session: Class initialized using 'CodeIgniter\Session\Handlers\FileHandler' driver.
WARNING - 2023-08-27 02:39:36 --> [DEPRECATED] Creation of dynamic property App\Controllers\Boscu::$ModelBoscu is deprecated in APPPATH\Controllers\Boscu.php on line 12.
 1 SYSTEMPATH\CodeIgniter.php(904): App\Controllers\Boscu->__construct()
 2 SYSTEMPATH\CodeIgniter.php(488): CodeIgniter\CodeIgniter->createController()
 3 SYSTEMPATH\CodeIgniter.php(366): CodeIgniter\CodeIgniter->handleRequest(null, Object(Config\Cache), false)
 4 FCPATH\index.php(67): CodeIgniter\CodeIgniter->run()
INFO - 2023-08-27 02:40:23 --> Session: Class initialized using 'CodeIgniter\Session\Handlers\FileHandler' driver.
WARNING - 2023-08-27 02:40:23 --> [DEPRECATED] Creation of dynamic property App\Controllers\Boscu::$ModelBoscu is deprecated in APPPATH\Controllers\Boscu.php on line 12.
 1 SYSTEMPATH\CodeIgniter.php(904): App\Controllers\Boscu->__construct()
 2 SYSTEMPATH\CodeIgniter.php(488): CodeIgniter\CodeIgniter->createController()
 3 SYSTEMPATH\CodeIgniter.php(366): CodeIgniter\CodeIgniter->handleRequest(null, Object(Config\Cache), false)
 4 FCPATH\index.php(67): CodeIgniter\CodeIgniter->run()
INFO - 2023-08-27 02:40:55 --> Session: Class initialized using 'CodeIgniter\Session\Handlers\FileHandler' driver.
WARNING - 2023-08-27 02:40:55 --> [DEPRECATED] Creation of dynamic property App\Controllers\Boscu::$ModelBoscu is deprecated in APPPATH\Controllers\Boscu.php on line 12.
 1 SYSTEMPATH\CodeIgniter.php(904): App\Controllers\Boscu->__construct()
 2 SYSTEMPATH\CodeIgniter.php(488): CodeIgniter\CodeIgniter->createController()
 3 SYSTEMPATH\CodeIgniter.php(366): CodeIgniter\CodeIgniter->handleRequest(null, Object(Config\Cache), false)
 4 FCPATH\index.php(67): CodeIgniter\CodeIgniter->run()
INFO - 2023-08-27 02:41:04 --> Session: Class initialized using 'CodeIgniter\Session\Handlers\FileHandler' driver.
WARNING - 2023-08-27 02:41:04 --> [DEPRECATED] Creation of dynamic property App\Controllers\Boscu::$ModelBoscu is deprecated in APPPATH\Controllers\Boscu.php on line 12.
 1 SYSTEMPATH\CodeIgniter.php(904): App\Controllers\Boscu->__construct()
 2 SYSTEMPATH\CodeIgniter.php(488): CodeIgniter\CodeIgniter->createController()
 3 SYSTEMPATH\CodeIgniter.php(366): CodeIgniter\CodeIgniter->handleRequest(null, Object(Config\Cache), false)
 4 FCPATH\index.php(67): CodeIgniter\CodeIgniter->run()
INFO - 2023-08-27 02:41:21 --> Session: Class initialized using 'CodeIgniter\Session\Handlers\FileHandler' driver.
WARNING - 2023-08-27 02:41:21 --> [DEPRECATED] Creation of dynamic property App\Controllers\Boscu::$ModelBoscu is deprecated in APPPATH\Controllers\Boscu.php on line 12.
 1 SYSTEMPATH\CodeIgniter.php(904): App\Controllers\Boscu->__construct()
 2 SYSTEMPATH\CodeIgniter.php(488): CodeIgniter\CodeIgniter->createController()
 3 SYSTEMPATH\CodeIgniter.php(366): CodeIgniter\CodeIgniter->handleRequest(null, Object(Config\Cache), false)
 4 FCPATH\index.php(67): CodeIgniter\CodeIgniter->run()
INFO - 2023-08-27 02:41:23 --> Session: Class initialized using 'CodeIgniter\Session\Handlers\FileHandler' driver.
WARNING - 2023-08-27 02:41:23 --> [DEPRECATED] Creation of dynamic property App\Controllers\First::$ModelPegawai is deprecated in APPPATH\Controllers\First.php on line 14.
 1 SYSTEMPATH\CodeIgniter.php(904): App\Controllers\First->__construct()
 2 SYSTEMPATH\CodeIgniter.php(488): CodeIgniter\CodeIgniter->createController()
 3 SYSTEMPATH\CodeIgniter.php(366): CodeIgniter\CodeIgniter->handleRequest(null, Object(Config\Cache), false)
 4 FCPATH\index.php(67): CodeIgniter\CodeIgniter->run()
WARNING - 2023-08-27 02:41:23 --> [DEPRECATED] Creation of dynamic property App\Controllers\First::$ModelFirst is deprecated in APPPATH\Controllers\First.php on line 15.
 1 SYSTEMPATH\CodeIgniter.php(904): App\Controllers\First->__construct()
 2 SYSTEMPATH\CodeIgniter.php(488): CodeIgniter\CodeIgniter->createController()
 3 SYSTEMPATH\CodeIgniter.php(366): CodeIgniter\CodeIgniter->handleRequest(null, Object(Config\Cache), false)
 4 FCPATH\index.php(67): CodeIgniter\CodeIgniter->run()
WARNING - 2023-08-27 02:41:23 --> [DEPRECATED] Creation of dynamic property App\Controllers\First::$ModelUnit is deprecated in APPPATH\Controllers\First.php on line 16.
 1 SYSTEMPATH\CodeIgniter.php(904): App\Controllers\First->__construct()
 2 SYSTEMPATH\CodeIgniter.php(488): CodeIgniter\CodeIgniter->createController()
 3 SYSTEMPATH\CodeIgniter.php(366): CodeIgniter\CodeIgniter->handleRequest(null, Object(Config\Cache), false)
 4 FCPATH\index.php(67): CodeIgniter\CodeIgniter->run()
WARNING - 2023-08-27 02:41:23 --> [DEPRECATED] Creation of dynamic property App\Controllers\First::$ModelPegawai is deprecated in APPPATH\Controllers\First.php on line 14.
 1 SYSTEMPATH\CodeIgniter.php(904): App\Controllers\First->__construct()
 2 SYSTEMPATH\CodeIgniter.php(488): CodeIgniter\CodeIgniter->createController()
 3 SYSTEMPATH\CodeIgniter.php(366): CodeIgniter\CodeIgniter->handleRequest(null, Object(Config\Cache), false)
 4 FCPATH\index.php(67): CodeIgniter\CodeIgniter->run()
WARNING - 2023-08-27 02:41:23 --> [DEPRECATED] Creation of dynamic property App\Controllers\First::$ModelFirst is deprecated in APPPATH\Controllers\First.php on line 15.
 1 SYSTEMPATH\CodeIgniter.php(904): App\Controllers\First->__construct()
 2 SYSTEMPATH\CodeIgniter.php(488): CodeIgniter\CodeIgniter->createController()
 3 SYSTEMPATH\CodeIgniter.php(366): CodeIgniter\CodeIgniter->handleRequest(null, Object(Config\Cache), false)
 4 FCPATH\index.php(67): CodeIgniter\CodeIgniter->run()
WARNING - 2023-08-27 02:41:23 --> [DEPRECATED] Creation of dynamic property App\Controllers\First::$ModelUnit is deprecated in APPPATH\Controllers\First.php on line 16.
 1 SYSTEMPATH\CodeIgniter.php(904): App\Controllers\First->__construct()
 2 SYSTEMPATH\CodeIgniter.php(488): CodeIgniter\CodeIgniter->createController()
 3 SYSTEMPATH\CodeIgniter.php(366): CodeIgniter\CodeIgniter->handleRequest(null, Object(Config\Cache), false)
 4 FCPATH\index.php(67): CodeIgniter\CodeIgniter->run()
INFO - 2023-08-27 02:41:29 --> Session: Class initialized using 'CodeIgniter\Session\Handlers\FileHandler' driver.
WARNING - 2023-08-27 02:41:29 --> [DEPRECATED] Creation of dynamic property App\Controllers\Boscu::$ModelBoscu is deprecated in APPPATH\Controllers\Boscu.php on line 12.
 1 SYSTEMPATH\CodeIgniter.php(904): App\Controllers\Boscu->__construct()
 2 SYSTEMPATH\CodeIgniter.php(488): CodeIgniter\CodeIgniter->createController()
 3 SYSTEMPATH\CodeIgniter.php(366): CodeIgniter\CodeIgniter->handleRequest(null, Object(Config\Cache), false)
 4 FCPATH\index.php(67): CodeIgniter\CodeIgniter->run()
WARNING - 2023-08-27 02:41:29 --> [DEPRECATED] Creation of dynamic property App\Controllers\Boscu::$ModelBoscu is deprecated in APPPATH\Controllers\Boscu.php on line 12.
 1 SYSTEMPATH\CodeIgniter.php(904): App\Controllers\Boscu->__construct()
 2 SYSTEMPATH\CodeIgniter.php(488): CodeIgniter\CodeIgniter->createController()
 3 SYSTEMPATH\CodeIgniter.php(366): CodeIgniter\CodeIgniter->handleRequest(null, Object(Config\Cache), false)
 4 FCPATH\index.php(67): CodeIgniter\CodeIgniter->run()
INFO - 2023-08-27 02:41:31 --> Session: Class initialized using 'CodeIgniter\Session\Handlers\FileHandler' driver.
WARNING - 2023-08-27 02:41:31 --> [DEPRECATED] Creation of dynamic property App\Controllers\Boscu::$ModelBoscu is deprecated in APPPATH\Controllers\Boscu.php on line 12.
 1 SYSTEMPATH\CodeIgniter.php(904): App\Controllers\Boscu->__construct()
 2 SYSTEMPATH\CodeIgniter.php(488): CodeIgniter\CodeIgniter->createController()
 3 SYSTEMPATH\CodeIgniter.php(366): CodeIgniter\CodeIgniter->handleRequest(null, Object(Config\Cache), false)
 4 FCPATH\index.php(67): CodeIgniter\CodeIgniter->run()
WARNING - 2023-08-27 02:41:31 --> [DEPRECATED] Creation of dynamic property App\Controllers\Boscu::$ModelBoscu is deprecated in APPPATH\Controllers\Boscu.php on line 12.
 1 SYSTEMPATH\CodeIgniter.php(904): App\Controllers\Boscu->__construct()
 2 SYSTEMPATH\CodeIgniter.php(488): CodeIgniter\CodeIgniter->createController()
 3 SYSTEMPATH\CodeIgniter.php(366): CodeIgniter\CodeIgniter->handleRequest(null, Object(Config\Cache), false)
 4 FCPATH\index.php(67): CodeIgniter\CodeIgniter->run()
INFO - 2023-08-27 02:41:33 --> Session: Class initialized using 'CodeIgniter\Session\Handlers\FileHandler' driver.
WARNING - 2023-08-27 02:41:33 --> [DEPRECATED] Creation of dynamic property App\Controllers\Boscu::$ModelBoscu is deprecated in APPPATH\Controllers\Boscu.php on line 12.
 1 SYSTEMPATH\CodeIgniter.php(904): App\Controllers\Boscu->__construct()
 2 SYSTEMPATH\CodeIgniter.php(488): CodeIgniter\CodeIgniter->createController()
 3 SYSTEMPATH\CodeIgniter.php(366): CodeIgniter\CodeIgniter->handleRequest(null, Object(Config\Cache), false)
 4 FCPATH\index.php(67): CodeIgniter\CodeIgniter->run()
INFO - 2023-08-27 02:42:47 --> Session: Class initialized using 'CodeIgniter\Session\Handlers\FileHandler' driver.
WARNING - 2023-08-27 02:42:47 --> [DEPRECATED] Creation of dynamic property App\Controllers\Boscu::$ModelBoscu is deprecated in APPPATH\Controllers\Boscu.php on line 12.
 1 SYSTEMPATH\CodeIgniter.php(904): App\Controllers\Boscu->__construct()
 2 SYSTEMPATH\CodeIgniter.php(488): CodeIgniter\CodeIgniter->createController()
 3 SYSTEMPATH\CodeIgniter.php(366): CodeIgniter\CodeIgniter->handleRequest(null, Object(Config\Cache), false)
 4 FCPATH\index.php(67): CodeIgniter\CodeIgniter->run()
INFO - 2023-08-27 02:43:15 --> Session: Class initialized using 'CodeIgniter\Session\Handlers\FileHandler' driver.
WARNING - 2023-08-27 02:43:15 --> [DEPRECATED] Creation of dynamic property App\Controllers\Boscu::$ModelBoscu is deprecated in APPPATH\Controllers\Boscu.php on line 12.
 1 SYSTEMPATH\CodeIgniter.php(904): App\Controllers\Boscu->__construct()
 2 SYSTEMPATH\CodeIgniter.php(488): CodeIgniter\CodeIgniter->createController()
 3 SYSTEMPATH\CodeIgniter.php(366): CodeIgniter\CodeIgniter->handleRequest(null, Object(Config\Cache), false)
 4 FCPATH\index.php(67): CodeIgniter\CodeIgniter->run()
INFO - 2023-08-27 02:43:30 --> Session: Class initialized using 'CodeIgniter\Session\Handlers\FileHandler' driver.
WARNING - 2023-08-27 02:43:30 --> [DEPRECATED] Creation of dynamic property App\Controllers\Boscu::$ModelBoscu is deprecated in APPPATH\Controllers\Boscu.php on line 12.
 1 SYSTEMPATH\CodeIgniter.php(904): App\Controllers\Boscu->__construct()
 2 SYSTEMPATH\CodeIgniter.php(488): CodeIgniter\CodeIgniter->createController()
 3 SYSTEMPATH\CodeIgniter.php(366): CodeIgniter\CodeIgniter->handleRequest(null, Object(Config\Cache), false)
 4 FCPATH\index.php(67): CodeIgniter\CodeIgniter->run()
INFO - 2023-08-27 02:48:38 --> Session: Class initialized using 'CodeIgniter\Session\Handlers\FileHandler' driver.
WARNING - 2023-08-27 02:48:38 --> [DEPRECATED] Creation of dynamic property App\Controllers\Boscu::$ModelBoscu is deprecated in APPPATH\Controllers\Boscu.php on line 12.
 1 SYSTEMPATH\CodeIgniter.php(904): App\Controllers\Boscu->__construct()
 2 SYSTEMPATH\CodeIgniter.php(488): CodeIgniter\CodeIgniter->createController()
 3 SYSTEMPATH\CodeIgniter.php(366): CodeIgniter\CodeIgniter->handleRequest(null, Object(Config\Cache), false)
 4 FCPATH\index.php(67): CodeIgniter\CodeIgniter->run()
INFO - 2023-08-27 02:49:08 --> Session: Class initialized using 'CodeIgniter\Session\Handlers\FileHandler' driver.
WARNING - 2023-08-27 02:49:08 --> [DEPRECATED] Creation of dynamic property App\Controllers\Boscu::$ModelBoscu is deprecated in APPPATH\Controllers\Boscu.php on line 12.
 1 SYSTEMPATH\CodeIgniter.php(904): App\Controllers\Boscu->__construct()
 2 SYSTEMPATH\CodeIgniter.php(488): CodeIgniter\CodeIgniter->createController()
 3 SYSTEMPATH\CodeIgniter.php(366): CodeIgniter\CodeIgniter->handleRequest(null, Object(Config\Cache), false)
 4 FCPATH\index.php(67): CodeIgniter\CodeIgniter->run()
INFO - 2023-08-27 02:49:22 --> Session: Class initialized using 'CodeIgniter\Session\Handlers\FileHandler' driver.
WARNING - 2023-08-27 02:49:22 --> [DEPRECATED] Creation of dynamic property App\Controllers\Boscu::$ModelBoscu is deprecated in APPPATH\Controllers\Boscu.php on line 12.
 1 SYSTEMPATH\CodeIgniter.php(904): App\Controllers\Boscu->__construct()
 2 SYSTEMPATH\CodeIgniter.php(488): CodeIgniter\CodeIgniter->createController()
 3 SYSTEMPATH\CodeIgniter.php(366): CodeIgniter\CodeIgniter->handleRequest(null, Object(Config\Cache), false)
 4 FCPATH\index.php(67): CodeIgniter\CodeIgniter->run()
INFO - 2023-08-27 02:50:13 --> Session: Class initialized using 'CodeIgniter\Session\Handlers\FileHandler' driver.
WARNING - 2023-08-27 02:50:13 --> [DEPRECATED] Creation of dynamic property App\Controllers\Boscu::$ModelBoscu is deprecated in APPPATH\Controllers\Boscu.php on line 12.
 1 SYSTEMPATH\CodeIgniter.php(904): App\Controllers\Boscu->__construct()
 2 SYSTEMPATH\CodeIgniter.php(488): CodeIgniter\CodeIgniter->createController()
 3 SYSTEMPATH\CodeIgniter.php(366): CodeIgniter\CodeIgniter->handleRequest(null, Object(Config\Cache), false)
 4 FCPATH\index.php(67): CodeIgniter\CodeIgniter->run()
INFO - 2023-08-27 02:50:55 --> Session: Class initialized using 'CodeIgniter\Session\Handlers\FileHandler' driver.
WARNING - 2023-08-27 02:50:55 --> [DEPRECATED] Creation of dynamic property App\Controllers\Boscu::$ModelBoscu is deprecated in APPPATH\Controllers\Boscu.php on line 12.
 1 SYSTEMPATH\CodeIgniter.php(904): App\Controllers\Boscu->__construct()
 2 SYSTEMPATH\CodeIgniter.php(488): CodeIgniter\CodeIgniter->createController()
 3 SYSTEMPATH\CodeIgniter.php(366): CodeIgniter\CodeIgniter->handleRequest(null, Object(Config\Cache), false)
 4 FCPATH\index.php(67): CodeIgniter\CodeIgniter->run()
INFO - 2023-08-27 02:51:13 --> Session: Class initialized using 'CodeIgniter\Session\Handlers\FileHandler' driver.
WARNING - 2023-08-27 02:51:13 --> [DEPRECATED] Creation of dynamic property App\Controllers\Boscu::$ModelBoscu is deprecated in APPPATH\Controllers\Boscu.php on line 12.
 1 SYSTEMPATH\CodeIgniter.php(904): App\Controllers\Boscu->__construct()
 2 SYSTEMPATH\CodeIgniter.php(488): CodeIgniter\CodeIgniter->createController()
 3 SYSTEMPATH\CodeIgniter.php(366): CodeIgniter\CodeIgniter->handleRequest(null, Object(Config\Cache), false)
 4 FCPATH\index.php(67): CodeIgniter\CodeIgniter->run()
INFO - 2023-08-27 02:58:53 --> Session: Class initialized using 'CodeIgniter\Session\Handlers\FileHandler' driver.
WARNING - 2023-08-27 02:58:53 --> [DEPRECATED] Creation of dynamic property App\Controllers\Boscu::$ModelBoscu is deprecated in APPPATH\Controllers\Boscu.php on line 12.
 1 SYSTEMPATH\CodeIgniter.php(904): App\Controllers\Boscu->__construct()
 2 SYSTEMPATH\CodeIgniter.php(488): CodeIgniter\CodeIgniter->createController()
 3 SYSTEMPATH\CodeIgniter.php(366): CodeIgniter\CodeIgniter->handleRequest(null, Object(Config\Cache), false)
 4 FCPATH\index.php(67): CodeIgniter\CodeIgniter->run()
INFO - 2023-08-27 02:59:21 --> Session: Class initialized using 'CodeIgniter\Session\Handlers\FileHandler' driver.
WARNING - 2023-08-27 02:59:21 --> [DEPRECATED] Creation of dynamic property App\Controllers\Boscu::$ModelBoscu is deprecated in APPPATH\Controllers\Boscu.php on line 12.
 1 SYSTEMPATH\CodeIgniter.php(904): App\Controllers\Boscu->__construct()
 2 SYSTEMPATH\CodeIgniter.php(488): CodeIgniter\CodeIgniter->createController()
 3 SYSTEMPATH\CodeIgniter.php(366): CodeIgniter\CodeIgniter->handleRequest(null, Object(Config\Cache), false)
 4 FCPATH\index.php(67): CodeIgniter\CodeIgniter->run()
INFO - 2023-08-27 02:59:48 --> Session: Class initialized using 'CodeIgniter\Session\Handlers\FileHandler' driver.
WARNING - 2023-08-27 02:59:48 --> [DEPRECATED] Creation of dynamic property App\Controllers\Boscu::$ModelBoscu is deprecated in APPPATH\Controllers\Boscu.php on line 12.
 1 SYSTEMPATH\CodeIgniter.php(904): App\Controllers\Boscu->__construct()
 2 SYSTEMPATH\CodeIgniter.php(488): CodeIgniter\CodeIgniter->createController()
 3 SYSTEMPATH\CodeIgniter.php(366): CodeIgniter\CodeIgniter->handleRequest(null, Object(Config\Cache), false)
 4 FCPATH\index.php(67): CodeIgniter\CodeIgniter->run()
INFO - 2023-08-27 02:59:50 --> Session: Class initialized using 'CodeIgniter\Session\Handlers\FileHandler' driver.
WARNING - 2023-08-27 02:59:50 --> [DEPRECATED] Creation of dynamic property App\Controllers\Boscu::$ModelBoscu is deprecated in APPPATH\Controllers\Boscu.php on line 12.
 1 SYSTEMPATH\CodeIgniter.php(904): App\Controllers\Boscu->__construct()
 2 SYSTEMPATH\CodeIgniter.php(488): CodeIgniter\CodeIgniter->createController()
 3 SYSTEMPATH\CodeIgniter.php(366): CodeIgniter\CodeIgniter->handleRequest(null, Object(Config\Cache), false)
 4 FCPATH\index.php(67): CodeIgniter\CodeIgniter->run()
INFO - 2023-08-27 03:00:02 --> Session: Class initialized using 'CodeIgniter\Session\Handlers\FileHandler' driver.
WARNING - 2023-08-27 03:00:02 --> [DEPRECATED] Creation of dynamic property App\Controllers\Boscu::$ModelBoscu is deprecated in APPPATH\Controllers\Boscu.php on line 12.
 1 SYSTEMPATH\CodeIgniter.php(904): App\Controllers\Boscu->__construct()
 2 SYSTEMPATH\CodeIgniter.php(488): CodeIgniter\CodeIgniter->createController()
 3 SYSTEMPATH\CodeIgniter.php(366): CodeIgniter\CodeIgniter->handleRequest(null, Object(Config\Cache), false)
 4 FCPATH\index.php(67): CodeIgniter\CodeIgniter->run()
INFO - 2023-08-27 03:00:04 --> Session: Class initialized using 'CodeIgniter\Session\Handlers\FileHandler' driver.
WARNING - 2023-08-27 03:00:04 --> [DEPRECATED] Creation of dynamic property App\Controllers\Boscu::$ModelBoscu is deprecated in APPPATH\Controllers\Boscu.php on line 12.
 1 SYSTEMPATH\CodeIgniter.php(904): App\Controllers\Boscu->__construct()
 2 SYSTEMPATH\CodeIgniter.php(488): CodeIgniter\CodeIgniter->createController()
 3 SYSTEMPATH\CodeIgniter.php(366): CodeIgniter\CodeIgniter->handleRequest(null, Object(Config\Cache), false)
 4 FCPATH\index.php(67): CodeIgniter\CodeIgniter->run()
INFO - 2023-08-27 03:00:04 --> Session: Class initialized using 'CodeIgniter\Session\Handlers\FileHandler' driver.
WARNING - 2023-08-27 03:00:04 --> [DEPRECATED] Creation of dynamic property App\Controllers\Boscu::$ModelBoscu is deprecated in APPPATH\Controllers\Boscu.php on line 12.
 1 SYSTEMPATH\CodeIgniter.php(904): App\Controllers\Boscu->__construct()
 2 SYSTEMPATH\CodeIgniter.php(488): CodeIgniter\CodeIgniter->createController()
 3 SYSTEMPATH\CodeIgniter.php(366): CodeIgniter\CodeIgniter->handleRequest(null, Object(Config\Cache), false)
 4 FCPATH\index.php(67): CodeIgniter\CodeIgniter->run()
INFO - 2023-08-27 03:00:45 --> Session: Class initialized using 'CodeIgniter\Session\Handlers\FileHandler' driver.
WARNING - 2023-08-27 03:00:45 --> [DEPRECATED] Creation of dynamic property App\Controllers\Boscu::$ModelBoscu is deprecated in APPPATH\Controllers\Boscu.php on line 12.
 1 SYSTEMPATH\CodeIgniter.php(904): App\Controllers\Boscu->__construct()
 2 SYSTEMPATH\CodeIgniter.php(488): CodeIgniter\CodeIgniter->createController()
 3 SYSTEMPATH\CodeIgniter.php(366): CodeIgniter\CodeIgniter->handleRequest(null, Object(Config\Cache), false)
 4 FCPATH\index.php(67): CodeIgniter\CodeIgniter->run()
INFO - 2023-08-27 03:00:47 --> Session: Class initialized using 'CodeIgniter\Session\Handlers\FileHandler' driver.
WARNING - 2023-08-27 03:00:47 --> [DEPRECATED] Creation of dynamic property App\Controllers\Boscu::$ModelBoscu is deprecated in APPPATH\Controllers\Boscu.php on line 12.
 1 SYSTEMPATH\CodeIgniter.php(904): App\Controllers\Boscu->__construct()
 2 SYSTEMPATH\CodeIgniter.php(488): CodeIgniter\CodeIgniter->createController()
 3 SYSTEMPATH\CodeIgniter.php(366): CodeIgniter\CodeIgniter->handleRequest(null, Object(Config\Cache), false)
 4 FCPATH\index.php(67): CodeIgniter\CodeIgniter->run()
INFO - 2023-08-27 03:00:47 --> Session: Class initialized using 'CodeIgniter\Session\Handlers\FileHandler' driver.
WARNING - 2023-08-27 03:00:47 --> [DEPRECATED] Creation of dynamic property App\Controllers\Boscu::$ModelBoscu is deprecated in APPPATH\Controllers\Boscu.php on line 12.
 1 SYSTEMPATH\CodeIgniter.php(904): App\Controllers\Boscu->__construct()
 2 SYSTEMPATH\CodeIgniter.php(488): CodeIgniter\CodeIgniter->createController()
 3 SYSTEMPATH\CodeIgniter.php(366): CodeIgniter\CodeIgniter->handleRequest(null, Object(Config\Cache), false)
 4 FCPATH\index.php(67): CodeIgniter\CodeIgniter->run()
INFO - 2023-08-27 03:00:47 --> Session: Class initialized using 'CodeIgniter\Session\Handlers\FileHandler' driver.
WARNING - 2023-08-27 03:00:47 --> [DEPRECATED] Creation of dynamic property App\Controllers\Boscu::$ModelBoscu is deprecated in APPPATH\Controllers\Boscu.php on line 12.
 1 SYSTEMPATH\CodeIgniter.php(904): App\Controllers\Boscu->__construct()
 2 SYSTEMPATH\CodeIgniter.php(488): CodeIgniter\CodeIgniter->createController()
 3 SYSTEMPATH\CodeIgniter.php(366): CodeIgniter\CodeIgniter->handleRequest(null, Object(Config\Cache), false)
 4 FCPATH\index.php(67): CodeIgniter\CodeIgniter->run()
INFO - 2023-08-27 03:00:48 --> Session: Class initialized using 'CodeIgniter\Session\Handlers\FileHandler' driver.
WARNING - 2023-08-27 03:00:48 --> [DEPRECATED] Creation of dynamic property App\Controllers\Boscu::$ModelBoscu is deprecated in APPPATH\Controllers\Boscu.php on line 12.
 1 SYSTEMPATH\CodeIgniter.php(904): App\Controllers\Boscu->__construct()
 2 SYSTEMPATH\CodeIgniter.php(488): CodeIgniter\CodeIgniter->createController()
 3 SYSTEMPATH\CodeIgniter.php(366): CodeIgniter\CodeIgniter->handleRequest(null, Object(Config\Cache), false)
 4 FCPATH\index.php(67): CodeIgniter\CodeIgniter->run()
INFO - 2023-08-27 03:00:48 --> Session: Class initialized using 'CodeIgniter\Session\Handlers\FileHandler' driver.
WARNING - 2023-08-27 03:00:48 --> [DEPRECATED] Creation of dynamic property App\Controllers\Boscu::$ModelBoscu is deprecated in APPPATH\Controllers\Boscu.php on line 12.
 1 SYSTEMPATH\CodeIgniter.php(904): App\Controllers\Boscu->__construct()
 2 SYSTEMPATH\CodeIgniter.php(488): CodeIgniter\CodeIgniter->createController()
 3 SYSTEMPATH\CodeIgniter.php(366): CodeIgniter\CodeIgniter->handleRequest(null, Object(Config\Cache), false)
 4 FCPATH\index.php(67): CodeIgniter\CodeIgniter->run()
INFO - 2023-08-27 03:01:07 --> Session: Class initialized using 'CodeIgniter\Session\Handlers\FileHandler' driver.
WARNING - 2023-08-27 03:01:07 --> [DEPRECATED] Creation of dynamic property App\Controllers\Boscu::$ModelBoscu is deprecated in APPPATH\Controllers\Boscu.php on line 12.
 1 SYSTEMPATH\CodeIgniter.php(904): App\Controllers\Boscu->__construct()
 2 SYSTEMPATH\CodeIgniter.php(488): CodeIgniter\CodeIgniter->createController()
 3 SYSTEMPATH\CodeIgniter.php(366): CodeIgniter\CodeIgniter->handleRequest(null, Object(Config\Cache), false)
 4 FCPATH\index.php(67): CodeIgniter\CodeIgniter->run()
INFO - 2023-08-27 03:01:17 --> Session: Class initialized using 'CodeIgniter\Session\Handlers\FileHandler' driver.
WARNING - 2023-08-27 03:01:17 --> [DEPRECATED] Creation of dynamic property App\Controllers\Boscu::$ModelBoscu is deprecated in APPPATH\Controllers\Boscu.php on line 12.
 1 SYSTEMPATH\CodeIgniter.php(904): App\Controllers\Boscu->__construct()
 2 SYSTEMPATH\CodeIgniter.php(488): CodeIgniter\CodeIgniter->createController()
 3 SYSTEMPATH\CodeIgniter.php(366): CodeIgniter\CodeIgniter->handleRequest(null, Object(Config\Cache), false)
 4 FCPATH\index.php(67): CodeIgniter\CodeIgniter->run()
INFO - 2023-08-27 03:01:28 --> Session: Class initialized using 'CodeIgniter\Session\Handlers\FileHandler' driver.
WARNING - 2023-08-27 03:01:28 --> [DEPRECATED] Creation of dynamic property App\Controllers\Boscu::$ModelBoscu is deprecated in APPPATH\Controllers\Boscu.php on line 12.
 1 SYSTEMPATH\CodeIgniter.php(904): App\Controllers\Boscu->__construct()
 2 SYSTEMPATH\CodeIgniter.php(488): CodeIgniter\CodeIgniter->createController()
 3 SYSTEMPATH\CodeIgniter.php(366): CodeIgniter\CodeIgniter->handleRequest(null, Object(Config\Cache), false)
 4 FCPATH\index.php(67): CodeIgniter\CodeIgniter->run()
INFO - 2023-08-27 03:01:45 --> Session: Class initialized using 'CodeIgniter\Session\Handlers\FileHandler' driver.
WARNING - 2023-08-27 03:01:45 --> [DEPRECATED] Creation of dynamic property App\Controllers\Boscu::$ModelBoscu is deprecated in APPPATH\Controllers\Boscu.php on line 12.
 1 SYSTEMPATH\CodeIgniter.php(904): App\Controllers\Boscu->__construct()
 2 SYSTEMPATH\CodeIgniter.php(488): CodeIgniter\CodeIgniter->createController()
 3 SYSTEMPATH\CodeIgniter.php(366): CodeIgniter\CodeIgniter->handleRequest(null, Object(Config\Cache), false)
 4 FCPATH\index.php(67): CodeIgniter\CodeIgniter->run()
INFO - 2023-08-27 03:02:28 --> Session: Class initialized using 'CodeIgniter\Session\Handlers\FileHandler' driver.
WARNING - 2023-08-27 03:02:28 --> [DEPRECATED] Creation of dynamic property App\Controllers\Boscu::$ModelBoscu is deprecated in APPPATH\Controllers\Boscu.php on line 12.
 1 SYSTEMPATH\CodeIgniter.php(904): App\Controllers\Boscu->__construct()
 2 SYSTEMPATH\CodeIgniter.php(488): CodeIgniter\CodeIgniter->createController()
 3 SYSTEMPATH\CodeIgniter.php(366): CodeIgniter\CodeIgniter->handleRequest(null, Object(Config\Cache), false)
 4 FCPATH\index.php(67): CodeIgniter\CodeIgniter->run()
INFO - 2023-08-27 03:31:40 --> Session: Class initialized using 'CodeIgniter\Session\Handlers\FileHandler' driver.
WARNING - 2023-08-27 03:31:40 --> [DEPRECATED] Creation of dynamic property App\Controllers\Boscu::$ModelBoscu is deprecated in APPPATH\Controllers\Boscu.php on line 12.
 1 SYSTEMPATH\CodeIgniter.php(904): App\Controllers\Boscu->__construct()
 2 SYSTEMPATH\CodeIgniter.php(488): CodeIgniter\CodeIgniter->createController()
 3 SYSTEMPATH\CodeIgniter.php(366): CodeIgniter\CodeIgniter->handleRequest(null, Object(Config\Cache), false)
 4 FCPATH\index.php(67): CodeIgniter\CodeIgniter->run()
INFO - 2023-08-27 03:32:07 --> Session: Class initialized using 'CodeIgniter\Session\Handlers\FileHandler' driver.
WARNING - 2023-08-27 03:32:07 --> [DEPRECATED] Creation of dynamic property App\Controllers\Boscu::$ModelBoscu is deprecated in APPPATH\Controllers\Boscu.php on line 12.
 1 SYSTEMPATH\CodeIgniter.php(904): App\Controllers\Boscu->__construct()
 2 SYSTEMPATH\CodeIgniter.php(488): CodeIgniter\CodeIgniter->createController()
 3 SYSTEMPATH\CodeIgniter.php(366): CodeIgniter\CodeIgniter->handleRequest(null, Object(Config\Cache), false)
 4 FCPATH\index.php(67): CodeIgniter\CodeIgniter->run()
INFO - 2023-08-27 03:33:11 --> Session: Class initialized using 'CodeIgniter\Session\Handlers\FileHandler' driver.
WARNING - 2023-08-27 03:33:11 --> [DEPRECATED] Creation of dynamic property App\Controllers\Boscu::$ModelBoscu is deprecated in APPPATH\Controllers\Boscu.php on line 12.
 1 SYSTEMPATH\CodeIgniter.php(904): App\Controllers\Boscu->__construct()
 2 SYSTEMPATH\CodeIgniter.php(488): CodeIgniter\CodeIgniter->createController()
 3 SYSTEMPATH\CodeIgniter.php(366): CodeIgniter\CodeIgniter->handleRequest(null, Object(Config\Cache), false)
 4 FCPATH\index.php(67): CodeIgniter\CodeIgniter->run()
INFO - 2023-08-27 03:34:10 --> Session: Class initialized using 'CodeIgniter\Session\Handlers\FileHandler' driver.
WARNING - 2023-08-27 03:34:10 --> [DEPRECATED] Creation of dynamic property App\Controllers\Boscu::$ModelBoscu is deprecated in APPPATH\Controllers\Boscu.php on line 12.
 1 SYSTEMPATH\CodeIgniter.php(904): App\Controllers\Boscu->__construct()
 2 SYSTEMPATH\CodeIgniter.php(488): CodeIgniter\CodeIgniter->createController()
 3 SYSTEMPATH\CodeIgniter.php(366): CodeIgniter\CodeIgniter->handleRequest(null, Object(Config\Cache), false)
 4 FCPATH\index.php(67): CodeIgniter\CodeIgniter->run()
INFO - 2023-08-27 03:34:22 --> Session: Class initialized using 'CodeIgniter\Session\Handlers\FileHandler' driver.
WARNING - 2023-08-27 03:34:22 --> [DEPRECATED] Creation of dynamic property App\Controllers\Boscu::$ModelBoscu is deprecated in APPPATH\Controllers\Boscu.php on line 12.
 1 SYSTEMPATH\CodeIgniter.php(904): App\Controllers\Boscu->__construct()
 2 SYSTEMPATH\CodeIgniter.php(488): CodeIgniter\CodeIgniter->createController()
 3 SYSTEMPATH\CodeIgniter.php(366): CodeIgniter\CodeIgniter->handleRequest(null, Object(Config\Cache), false)
 4 FCPATH\index.php(67): CodeIgniter\CodeIgniter->run()
INFO - 2023-08-27 05:18:52 --> Session: Class initialized using 'CodeIgniter\Session\Handlers\FileHandler' driver.
WARNING - 2023-08-27 05:18:52 --> [DEPRECATED] Creation of dynamic property App\Controllers\Boscu::$ModelBoscu is deprecated in APPPATH\Controllers\Boscu.php on line 12.
 1 SYSTEMPATH\CodeIgniter.php(904): App\Controllers\Boscu->__construct()
 2 SYSTEMPATH\CodeIgniter.php(488): CodeIgniter\CodeIgniter->createController()
 3 SYSTEMPATH\CodeIgniter.php(366): CodeIgniter\CodeIgniter->handleRequest(null, Object(Config\Cache), false)
 4 FCPATH\index.php(67): CodeIgniter\CodeIgniter->run()
INFO - 2023-08-27 05:21:48 --> Session: Class initialized using 'CodeIgniter\Session\Handlers\FileHandler' driver.
WARNING - 2023-08-27 05:21:48 --> [DEPRECATED] Creation of dynamic property App\Controllers\Boscu::$ModelBoscu is deprecated in APPPATH\Controllers\Boscu.php on line 12.
 1 SYSTEMPATH\CodeIgniter.php(904): App\Controllers\Boscu->__construct()
 2 SYSTEMPATH\CodeIgniter.php(488): CodeIgniter\CodeIgniter->createController()
 3 SYSTEMPATH\CodeIgniter.php(366): CodeIgniter\CodeIgniter->handleRequest(null, Object(Config\Cache), false)
 4 FCPATH\index.php(67): CodeIgniter\CodeIgniter->run()
INFO - 2023-08-27 05:21:58 --> Session: Class initialized using 'CodeIgniter\Session\Handlers\FileHandler' driver.
WARNING - 2023-08-27 05:21:58 --> [DEPRECATED] Creation of dynamic property App\Controllers\Boscu::$ModelBoscu is deprecated in APPPATH\Controllers\Boscu.php on line 12.
 1 SYSTEMPATH\CodeIgniter.php(904): App\Controllers\Boscu->__construct()
 2 SYSTEMPATH\CodeIgniter.php(488): CodeIgniter\CodeIgniter->createController()
 3 SYSTEMPATH\CodeIgniter.php(366): CodeIgniter\CodeIgniter->handleRequest(null, Object(Config\Cache), false)
 4 FCPATH\index.php(67): CodeIgniter\CodeIgniter->run()
INFO - 2023-08-27 05:23:03 --> Session: Class initialized using 'CodeIgniter\Session\Handlers\FileHandler' driver.
WARNING - 2023-08-27 05:23:03 --> [DEPRECATED] Creation of dynamic property App\Controllers\Boscu::$ModelBoscu is deprecated in APPPATH\Controllers\Boscu.php on line 12.
 1 SYSTEMPATH\CodeIgniter.php(904): App\Controllers\Boscu->__construct()
 2 SYSTEMPATH\CodeIgniter.php(488): CodeIgniter\CodeIgniter->createController()
 3 SYSTEMPATH\CodeIgniter.php(366): CodeIgniter\CodeIgniter->handleRequest(null, Object(Config\Cache), false)
 4 FCPATH\index.php(67): CodeIgniter\CodeIgniter->run()
INFO - 2023-08-27 05:25:41 --> Session: Class initialized using 'CodeIgniter\Session\Handlers\FileHandler' driver.
WARNING - 2023-08-27 05:25:41 --> [DEPRECATED] Creation of dynamic property App\Controllers\Boscu::$ModelBoscu is deprecated in APPPATH\Controllers\Boscu.php on line 12.
 1 SYSTEMPATH\CodeIgniter.php(904): App\Controllers\Boscu->__construct()
 2 SYSTEMPATH\CodeIgniter.php(488): CodeIgniter\CodeIgniter->createController()
 3 SYSTEMPATH\CodeIgniter.php(366): CodeIgniter\CodeIgniter->handleRequest(null, Object(Config\Cache), false)
 4 FCPATH\index.php(67): CodeIgniter\CodeIgniter->run()
INFO - 2023-08-27 05:28:33 --> Session: Class initialized using 'CodeIgniter\Session\Handlers\FileHandler' driver.
WARNING - 2023-08-27 05:28:33 --> [DEPRECATED] Creation of dynamic property App\Controllers\Boscu::$ModelBoscu is deprecated in APPPATH\Controllers\Boscu.php on line 12.
 1 SYSTEMPATH\CodeIgniter.php(904): App\Controllers\Boscu->__construct()
 2 SYSTEMPATH\CodeIgniter.php(488): CodeIgniter\CodeIgniter->createController()
 3 SYSTEMPATH\CodeIgniter.php(366): CodeIgniter\CodeIgniter->handleRequest(null, Object(Config\Cache), false)
 4 FCPATH\index.php(67): CodeIgniter\CodeIgniter->run()
INFO - 2023-08-27 05:28:50 --> Session: Class initialized using 'CodeIgniter\Session\Handlers\FileHandler' driver.
WARNING - 2023-08-27 05:28:50 --> [DEPRECATED] Creation of dynamic property App\Controllers\Boscu::$ModelBoscu is deprecated in APPPATH\Controllers\Boscu.php on line 12.
 1 SYSTEMPATH\CodeIgniter.php(904): App\Controllers\Boscu->__construct()
 2 SYSTEMPATH\CodeIgniter.php(488): CodeIgniter\CodeIgniter->createController()
 3 SYSTEMPATH\CodeIgniter.php(366): CodeIgniter\CodeIgniter->handleRequest(null, Object(Config\Cache), false)
 4 FCPATH\index.php(67): CodeIgniter\CodeIgniter->run()
INFO - 2023-08-27 05:28:56 --> Session: Class initialized using 'CodeIgniter\Session\Handlers\FileHandler' driver.
WARNING - 2023-08-27 05:28:56 --> [DEPRECATED] Creation of dynamic property App\Controllers\Boscu::$ModelBoscu is deprecated in APPPATH\Controllers\Boscu.php on line 12.
 1 SYSTEMPATH\CodeIgniter.php(904): App\Controllers\Boscu->__construct()
 2 SYSTEMPATH\CodeIgniter.php(488): CodeIgniter\CodeIgniter->createController()
 3 SYSTEMPATH\CodeIgniter.php(366): CodeIgniter\CodeIgniter->handleRequest(null, Object(Config\Cache), false)
 4 FCPATH\index.php(67): CodeIgniter\CodeIgniter->run()
INFO - 2023-08-27 05:29:44 --> Session: Class initialized using 'CodeIgniter\Session\Handlers\FileHandler' driver.
WARNING - 2023-08-27 05:29:44 --> [DEPRECATED] Creation of dynamic property App\Controllers\Boscu::$ModelBoscu is deprecated in APPPATH\Controllers\Boscu.php on line 12.
 1 SYSTEMPATH\CodeIgniter.php(904): App\Controllers\Boscu->__construct()
 2 SYSTEMPATH\CodeIgniter.php(488): CodeIgniter\CodeIgniter->createController()
 3 SYSTEMPATH\CodeIgniter.php(366): CodeIgniter\CodeIgniter->handleRequest(null, Object(Config\Cache), false)
 4 FCPATH\index.php(67): CodeIgniter\CodeIgniter->run()
INFO - 2023-08-27 05:29:54 --> Session: Class initialized using 'CodeIgniter\Session\Handlers\FileHandler' driver.
WARNING - 2023-08-27 05:29:54 --> [DEPRECATED] Creation of dynamic property App\Controllers\Boscu::$ModelBoscu is deprecated in APPPATH\Controllers\Boscu.php on line 12.
 1 SYSTEMPATH\CodeIgniter.php(904): App\Controllers\Boscu->__construct()
 2 SYSTEMPATH\CodeIgniter.php(488): CodeIgniter\CodeIgniter->createController()
 3 SYSTEMPATH\CodeIgniter.php(366): CodeIgniter\CodeIgniter->handleRequest(null, Object(Config\Cache), false)
 4 FCPATH\index.php(67): CodeIgniter\CodeIgniter->run()
INFO - 2023-08-27 05:31:52 --> Session: Class initialized using 'CodeIgniter\Session\Handlers\FileHandler' driver.
WARNING - 2023-08-27 05:31:52 --> [DEPRECATED] Creation of dynamic property App\Controllers\Boscu::$ModelBoscu is deprecated in APPPATH\Controllers\Boscu.php on line 12.
 1 SYSTEMPATH\CodeIgniter.php(904): App\Controllers\Boscu->__construct()
 2 SYSTEMPATH\CodeIgniter.php(488): CodeIgniter\CodeIgniter->createController()
 3 SYSTEMPATH\CodeIgniter.php(366): CodeIgniter\CodeIgniter->handleRequest(null, Object(Config\Cache), false)
 4 FCPATH\index.php(67): CodeIgniter\CodeIgniter->run()
INFO - 2023-08-27 05:32:35 --> Session: Class initialized using 'CodeIgniter\Session\Handlers\FileHandler' driver.
WARNING - 2023-08-27 05:32:35 --> [DEPRECATED] Creation of dynamic property App\Controllers\Boscu::$ModelBoscu is deprecated in APPPATH\Controllers\Boscu.php on line 12.
 1 SYSTEMPATH\CodeIgniter.php(904): App\Controllers\Boscu->__construct()
 2 SYSTEMPATH\CodeIgniter.php(488): CodeIgniter\CodeIgniter->createController()
 3 SYSTEMPATH\CodeIgniter.php(366): CodeIgniter\CodeIgniter->handleRequest(null, Object(Config\Cache), false)
 4 FCPATH\index.php(67): CodeIgniter\CodeIgniter->run()
INFO - 2023-08-27 05:32:51 --> Session: Class initialized using 'CodeIgniter\Session\Handlers\FileHandler' driver.
WARNING - 2023-08-27 05:32:51 --> [DEPRECATED] Creation of dynamic property App\Controllers\Boscu::$ModelBoscu is deprecated in APPPATH\Controllers\Boscu.php on line 12.
 1 SYSTEMPATH\CodeIgniter.php(904): App\Controllers\Boscu->__construct()
 2 SYSTEMPATH\CodeIgniter.php(488): CodeIgniter\CodeIgniter->createController()
 3 SYSTEMPATH\CodeIgniter.php(366): CodeIgniter\CodeIgniter->handleRequest(null, Object(Config\Cache), false)
 4 FCPATH\index.php(67): CodeIgniter\CodeIgniter->run()
INFO - 2023-08-27 05:33:44 --> Session: Class initialized using 'CodeIgniter\Session\Handlers\FileHandler' driver.
WARNING - 2023-08-27 05:33:44 --> [DEPRECATED] Creation of dynamic property App\Controllers\Boscu::$ModelBoscu is deprecated in APPPATH\Controllers\Boscu.php on line 12.
 1 SYSTEMPATH\CodeIgniter.php(904): App\Controllers\Boscu->__construct()
 2 SYSTEMPATH\CodeIgniter.php(488): CodeIgniter\CodeIgniter->createController()
 3 SYSTEMPATH\CodeIgniter.php(366): CodeIgniter\CodeIgniter->handleRequest(null, Object(Config\Cache), false)
 4 FCPATH\index.php(67): CodeIgniter\CodeIgniter->run()
INFO - 2023-08-27 05:35:32 --> Session: Class initialized using 'CodeIgniter\Session\Handlers\FileHandler' driver.
WARNING - 2023-08-27 05:35:32 --> [DEPRECATED] Creation of dynamic property App\Controllers\Boscu::$ModelBoscu is deprecated in APPPATH\Controllers\Boscu.php on line 12.
 1 SYSTEMPATH\CodeIgniter.php(904): App\Controllers\Boscu->__construct()
 2 SYSTEMPATH\CodeIgniter.php(488): CodeIgniter\CodeIgniter->createController()
 3 SYSTEMPATH\CodeIgniter.php(366): CodeIgniter\CodeIgniter->handleRequest(null, Object(Config\Cache), false)
 4 FCPATH\index.php(67): CodeIgniter\CodeIgniter->run()
INFO - 2023-08-27 05:36:37 --> Session: Class initialized using 'CodeIgniter\Session\Handlers\FileHandler' driver.
WARNING - 2023-08-27 05:36:37 --> [DEPRECATED] Creation of dynamic property App\Controllers\Boscu::$ModelBoscu is deprecated in APPPATH\Controllers\Boscu.php on line 12.
 1 SYSTEMPATH\CodeIgniter.php(904): App\Controllers\Boscu->__construct()
 2 SYSTEMPATH\CodeIgniter.php(488): CodeIgniter\CodeIgniter->createController()
 3 SYSTEMPATH\CodeIgniter.php(366): CodeIgniter\CodeIgniter->handleRequest(null, Object(Config\Cache), false)
 4 FCPATH\index.php(67): CodeIgniter\CodeIgniter->run()
INFO - 2023-08-27 05:38:48 --> Session: Class initialized using 'CodeIgniter\Session\Handlers\FileHandler' driver.
WARNING - 2023-08-27 05:38:48 --> [DEPRECATED] Creation of dynamic property App\Controllers\Boscu::$ModelBoscu is deprecated in APPPATH\Controllers\Boscu.php on line 12.
 1 SYSTEMPATH\CodeIgniter.php(904): App\Controllers\Boscu->__construct()
 2 SYSTEMPATH\CodeIgniter.php(488): CodeIgniter\CodeIgniter->createController()
 3 SYSTEMPATH\CodeIgniter.php(366): CodeIgniter\CodeIgniter->handleRequest(null, Object(Config\Cache), false)
 4 FCPATH\index.php(67): CodeIgniter\CodeIgniter->run()
INFO - 2023-08-27 05:39:21 --> Session: Class initialized using 'CodeIgniter\Session\Handlers\FileHandler' driver.
WARNING - 2023-08-27 05:39:21 --> [DEPRECATED] Creation of dynamic property App\Controllers\Boscu::$ModelBoscu is deprecated in APPPATH\Controllers\Boscu.php on line 12.
 1 SYSTEMPATH\CodeIgniter.php(904): App\Controllers\Boscu->__construct()
 2 SYSTEMPATH\CodeIgniter.php(488): CodeIgniter\CodeIgniter->createController()
 3 SYSTEMPATH\CodeIgniter.php(366): CodeIgniter\CodeIgniter->handleRequest(null, Object(Config\Cache), false)
 4 FCPATH\index.php(67): CodeIgniter\CodeIgniter->run()
INFO - 2023-08-27 05:39:51 --> Session: Class initialized using 'CodeIgniter\Session\Handlers\FileHandler' driver.
WARNING - 2023-08-27 05:39:51 --> [DEPRECATED] Creation of dynamic property App\Controllers\Boscu::$ModelBoscu is deprecated in APPPATH\Controllers\Boscu.php on line 12.
 1 SYSTEMPATH\CodeIgniter.php(904): App\Controllers\Boscu->__construct()
 2 SYSTEMPATH\CodeIgniter.php(488): CodeIgniter\CodeIgniter->createController()
 3 SYSTEMPATH\CodeIgniter.php(366): CodeIgniter\CodeIgniter->handleRequest(null, Object(Config\Cache), false)
 4 FCPATH\index.php(67): CodeIgniter\CodeIgniter->run()
INFO - 2023-08-27 05:40:50 --> Session: Class initialized using 'CodeIgniter\Session\Handlers\FileHandler' driver.
WARNING - 2023-08-27 05:40:50 --> [DEPRECATED] Creation of dynamic property App\Controllers\Boscu::$ModelBoscu is deprecated in APPPATH\Controllers\Boscu.php on line 12.
 1 SYSTEMPATH\CodeIgniter.php(904): App\Controllers\Boscu->__construct()
 2 SYSTEMPATH\CodeIgniter.php(488): CodeIgniter\CodeIgniter->createController()
 3 SYSTEMPATH\CodeIgniter.php(366): CodeIgniter\CodeIgniter->handleRequest(null, Object(Config\Cache), false)
 4 FCPATH\index.php(67): CodeIgniter\CodeIgniter->run()
INFO - 2023-08-27 05:41:48 --> Session: Class initialized using 'CodeIgniter\Session\Handlers\FileHandler' driver.
WARNING - 2023-08-27 05:41:48 --> [DEPRECATED] Creation of dynamic property App\Controllers\Boscu::$ModelBoscu is deprecated in APPPATH\Controllers\Boscu.php on line 12.
 1 SYSTEMPATH\CodeIgniter.php(904): App\Controllers\Boscu->__construct()
 2 SYSTEMPATH\CodeIgniter.php(488): CodeIgniter\CodeIgniter->createController()
 3 SYSTEMPATH\CodeIgniter.php(366): CodeIgniter\CodeIgniter->handleRequest(null, Object(Config\Cache), false)
 4 FCPATH\index.php(67): CodeIgniter\CodeIgniter->run()
INFO - 2023-08-27 05:42:43 --> Session: Class initialized using 'CodeIgniter\Session\Handlers\FileHandler' driver.
WARNING - 2023-08-27 05:42:43 --> [DEPRECATED] Creation of dynamic property App\Controllers\Boscu::$ModelBoscu is deprecated in APPPATH\Controllers\Boscu.php on line 12.
 1 SYSTEMPATH\CodeIgniter.php(904): App\Controllers\Boscu->__construct()
 2 SYSTEMPATH\CodeIgniter.php(488): CodeIgniter\CodeIgniter->createController()
 3 SYSTEMPATH\CodeIgniter.php(366): CodeIgniter\CodeIgniter->handleRequest(null, Object(Config\Cache), false)
 4 FCPATH\index.php(67): CodeIgniter\CodeIgniter->run()
INFO - 2023-08-27 05:43:24 --> Session: Class initialized using 'CodeIgniter\Session\Handlers\FileHandler' driver.
WARNING - 2023-08-27 05:43:24 --> [DEPRECATED] Creation of dynamic property App\Controllers\Boscu::$ModelBoscu is deprecated in APPPATH\Controllers\Boscu.php on line 12.
 1 SYSTEMPATH\CodeIgniter.php(904): App\Controllers\Boscu->__construct()
 2 SYSTEMPATH\CodeIgniter.php(488): CodeIgniter\CodeIgniter->createController()
 3 SYSTEMPATH\CodeIgniter.php(366): CodeIgniter\CodeIgniter->handleRequest(null, Object(Config\Cache), false)
 4 FCPATH\index.php(67): CodeIgniter\CodeIgniter->run()
INFO - 2023-08-27 05:45:15 --> Session: Class initialized using 'CodeIgniter\Session\Handlers\FileHandler' driver.
WARNING - 2023-08-27 05:45:15 --> [DEPRECATED] Creation of dynamic property App\Controllers\Boscu::$ModelBoscu is deprecated in APPPATH\Controllers\Boscu.php on line 12.
 1 SYSTEMPATH\CodeIgniter.php(904): App\Controllers\Boscu->__construct()
 2 SYSTEMPATH\CodeIgniter.php(488): CodeIgniter\CodeIgniter->createController()
 3 SYSTEMPATH\CodeIgniter.php(366): CodeIgniter\CodeIgniter->handleRequest(null, Object(Config\Cache), false)
 4 FCPATH\index.php(67): CodeIgniter\CodeIgniter->run()
INFO - 2023-08-27 05:46:08 --> Session: Class initialized using 'CodeIgniter\Session\Handlers\FileHandler' driver.
WARNING - 2023-08-27 05:46:08 --> [DEPRECATED] Creation of dynamic property App\Controllers\Boscu::$ModelBoscu is deprecated in APPPATH\Controllers\Boscu.php on line 12.
 1 SYSTEMPATH\CodeIgniter.php(904): App\Controllers\Boscu->__construct()
 2 SYSTEMPATH\CodeIgniter.php(488): CodeIgniter\CodeIgniter->createController()
 3 SYSTEMPATH\CodeIgniter.php(366): CodeIgniter\CodeIgniter->handleRequest(null, Object(Config\Cache), false)
 4 FCPATH\index.php(67): CodeIgniter\CodeIgniter->run()
INFO - 2023-08-27 05:47:17 --> Session: Class initialized using 'CodeIgniter\Session\Handlers\FileHandler' driver.
WARNING - 2023-08-27 05:47:17 --> [DEPRECATED] Creation of dynamic property App\Controllers\Boscu::$ModelBoscu is deprecated in APPPATH\Controllers\Boscu.php on line 12.
 1 SYSTEMPATH\CodeIgniter.php(904): App\Controllers\Boscu->__construct()
 2 SYSTEMPATH\CodeIgniter.php(488): CodeIgniter\CodeIgniter->createController()
 3 SYSTEMPATH\CodeIgniter.php(366): CodeIgniter\CodeIgniter->handleRequest(null, Object(Config\Cache), false)
 4 FCPATH\index.php(67): CodeIgniter\CodeIgniter->run()
INFO - 2023-08-27 05:47:27 --> Session: Class initialized using 'CodeIgniter\Session\Handlers\FileHandler' driver.
WARNING - 2023-08-27 05:47:27 --> [DEPRECATED] Creation of dynamic property App\Controllers\Boscu::$ModelBoscu is deprecated in APPPATH\Controllers\Boscu.php on line 12.
 1 SYSTEMPATH\CodeIgniter.php(904): App\Controllers\Boscu->__construct()
 2 SYSTEMPATH\CodeIgniter.php(488): CodeIgniter\CodeIgniter->createController()
 3 SYSTEMPATH\CodeIgniter.php(366): CodeIgniter\CodeIgniter->handleRequest(null, Object(Config\Cache), false)
 4 FCPATH\index.php(67): CodeIgniter\CodeIgniter->run()
INFO - 2023-08-27 05:47:43 --> Session: Class initialized using 'CodeIgniter\Session\Handlers\FileHandler' driver.
WARNING - 2023-08-27 05:47:43 --> [DEPRECATED] Creation of dynamic property App\Controllers\Boscu::$ModelBoscu is deprecated in APPPATH\Controllers\Boscu.php on line 12.
 1 SYSTEMPATH\CodeIgniter.php(904): App\Controllers\Boscu->__construct()
 2 SYSTEMPATH\CodeIgniter.php(488): CodeIgniter\CodeIgniter->createController()
 3 SYSTEMPATH\CodeIgniter.php(366): CodeIgniter\CodeIgniter->handleRequest(null, Object(Config\Cache), false)
 4 FCPATH\index.php(67): CodeIgniter\CodeIgniter->run()
INFO - 2023-08-27 05:48:25 --> Session: Class initialized using 'CodeIgniter\Session\Handlers\FileHandler' driver.
WARNING - 2023-08-27 05:48:25 --> [DEPRECATED] Creation of dynamic property App\Controllers\Boscu::$ModelBoscu is deprecated in APPPATH\Controllers\Boscu.php on line 12.
 1 SYSTEMPATH\CodeIgniter.php(904): App\Controllers\Boscu->__construct()
 2 SYSTEMPATH\CodeIgniter.php(488): CodeIgniter\CodeIgniter->createController()
 3 SYSTEMPATH\CodeIgniter.php(366): CodeIgniter\CodeIgniter->handleRequest(null, Object(Config\Cache), false)
 4 FCPATH\index.php(67): CodeIgniter\CodeIgniter->run()
INFO - 2023-08-27 05:48:40 --> Session: Class initialized using 'CodeIgniter\Session\Handlers\FileHandler' driver.
WARNING - 2023-08-27 05:48:40 --> [DEPRECATED] Creation of dynamic property App\Controllers\Boscu::$ModelBoscu is deprecated in APPPATH\Controllers\Boscu.php on line 12.
 1 SYSTEMPATH\CodeIgniter.php(904): App\Controllers\Boscu->__construct()
 2 SYSTEMPATH\CodeIgniter.php(488): CodeIgniter\CodeIgniter->createController()
 3 SYSTEMPATH\CodeIgniter.php(366): CodeIgniter\CodeIgniter->handleRequest(null, Object(Config\Cache), false)
 4 FCPATH\index.php(67): CodeIgniter\CodeIgniter->run()
INFO - 2023-08-27 05:49:52 --> Session: Class initialized using 'CodeIgniter\Session\Handlers\FileHandler' driver.
WARNING - 2023-08-27 05:49:52 --> [DEPRECATED] Creation of dynamic property App\Controllers\Boscu::$ModelBoscu is deprecated in APPPATH\Controllers\Boscu.php on line 12.
 1 SYSTEMPATH\CodeIgniter.php(904): App\Controllers\Boscu->__construct()
 2 SYSTEMPATH\CodeIgniter.php(488): CodeIgniter\CodeIgniter->createController()
 3 SYSTEMPATH\CodeIgniter.php(366): CodeIgniter\CodeIgniter->handleRequest(null, Object(Config\Cache), false)
 4 FCPATH\index.php(67): CodeIgniter\CodeIgniter->run()
INFO - 2023-08-27 05:50:22 --> Session: Class initialized using 'CodeIgniter\Session\Handlers\FileHandler' driver.
WARNING - 2023-08-27 05:50:22 --> [DEPRECATED] Creation of dynamic property App\Controllers\Boscu::$ModelBoscu is deprecated in APPPATH\Controllers\Boscu.php on line 12.
 1 SYSTEMPATH\CodeIgniter.php(904): App\Controllers\Boscu->__construct()
 2 SYSTEMPATH\CodeIgniter.php(488): CodeIgniter\CodeIgniter->createController()
 3 SYSTEMPATH\CodeIgniter.php(366): CodeIgniter\CodeIgniter->handleRequest(null, Object(Config\Cache), false)
 4 FCPATH\index.php(67): CodeIgniter\CodeIgniter->run()
INFO - 2023-08-27 05:51:10 --> Session: Class initialized using 'CodeIgniter\Session\Handlers\FileHandler' driver.
WARNING - 2023-08-27 05:51:10 --> [DEPRECATED] Creation of dynamic property App\Controllers\Boscu::$ModelBoscu is deprecated in APPPATH\Controllers\Boscu.php on line 12.
 1 SYSTEMPATH\CodeIgniter.php(904): App\Controllers\Boscu->__construct()
 2 SYSTEMPATH\CodeIgniter.php(488): CodeIgniter\CodeIgniter->createController()
 3 SYSTEMPATH\CodeIgniter.php(366): CodeIgniter\CodeIgniter->handleRequest(null, Object(Config\Cache), false)
 4 FCPATH\index.php(67): CodeIgniter\CodeIgniter->run()
INFO - 2023-08-27 06:09:38 --> Session: Class initialized using 'CodeIgniter\Session\Handlers\FileHandler' driver.
WARNING - 2023-08-27 06:09:38 --> [DEPRECATED] Creation of dynamic property App\Controllers\Boscu::$ModelBoscu is deprecated in APPPATH\Controllers\Boscu.php on line 12.
 1 SYSTEMPATH\CodeIgniter.php(904): App\Controllers\Boscu->__construct()
 2 SYSTEMPATH\CodeIgniter.php(488): CodeIgniter\CodeIgniter->createController()
 3 SYSTEMPATH\CodeIgniter.php(366): CodeIgniter\CodeIgniter->handleRequest(null, Object(Config\Cache), false)
 4 FCPATH\index.php(67): CodeIgniter\CodeIgniter->run()
INFO - 2023-08-27 06:09:51 --> Session: Class initialized using 'CodeIgniter\Session\Handlers\FileHandler' driver.
WARNING - 2023-08-27 06:09:51 --> [DEPRECATED] Creation of dynamic property App\Controllers\Boscu::$ModelBoscu is deprecated in APPPATH\Controllers\Boscu.php on line 12.
 1 SYSTEMPATH\CodeIgniter.php(904): App\Controllers\Boscu->__construct()
 2 SYSTEMPATH\CodeIgniter.php(488): CodeIgniter\CodeIgniter->createController()
 3 SYSTEMPATH\CodeIgniter.php(366): CodeIgniter\CodeIgniter->handleRequest(null, Object(Config\Cache), false)
 4 FCPATH\index.php(67): CodeIgniter\CodeIgniter->run()
INFO - 2023-08-27 06:09:55 --> Session: Class initialized using 'CodeIgniter\Session\Handlers\FileHandler' driver.
WARNING - 2023-08-27 06:09:55 --> [DEPRECATED] Creation of dynamic property App\Controllers\Boscu::$ModelBoscu is deprecated in APPPATH\Controllers\Boscu.php on line 12.
 1 SYSTEMPATH\CodeIgniter.php(904): App\Controllers\Boscu->__construct()
 2 SYSTEMPATH\CodeIgniter.php(488): CodeIgniter\CodeIgniter->createController()
 3 SYSTEMPATH\CodeIgniter.php(366): CodeIgniter\CodeIgniter->handleRequest(null, Object(Config\Cache), false)
 4 FCPATH\index.php(67): CodeIgniter\CodeIgniter->run()
INFO - 2023-08-27 06:10:03 --> Session: Class initialized using 'CodeIgniter\Session\Handlers\FileHandler' driver.
WARNING - 2023-08-27 06:10:03 --> [DEPRECATED] Creation of dynamic property App\Controllers\Boscu::$ModelBoscu is deprecated in APPPATH\Controllers\Boscu.php on line 12.
 1 SYSTEMPATH\CodeIgniter.php(904): App\Controllers\Boscu->__construct()
 2 SYSTEMPATH\CodeIgniter.php(488): CodeIgniter\CodeIgniter->createController()
 3 SYSTEMPATH\CodeIgniter.php(366): CodeIgniter\CodeIgniter->handleRequest(null, Object(Config\Cache), false)
 4 FCPATH\index.php(67): CodeIgniter\CodeIgniter->run()
INFO - 2023-08-27 06:10:24 --> Session: Class initialized using 'CodeIgniter\Session\Handlers\FileHandler' driver.
WARNING - 2023-08-27 06:10:24 --> [DEPRECATED] Creation of dynamic property App\Controllers\Boscu::$ModelBoscu is deprecated in APPPATH\Controllers\Boscu.php on line 12.
 1 SYSTEMPATH\CodeIgniter.php(904): App\Controllers\Boscu->__construct()
 2 SYSTEMPATH\CodeIgniter.php(488): CodeIgniter\CodeIgniter->createController()
 3 SYSTEMPATH\CodeIgniter.php(366): CodeIgniter\CodeIgniter->handleRequest(null, Object(Config\Cache), false)
 4 FCPATH\index.php(67): CodeIgniter\CodeIgniter->run()
