INFO - 2023-10-26 03:14:36 --> Session: Class initialized using 'CodeIgniter\Session\Handlers\FileHandler' driver.
WARNING - 2023-10-26 03:14:36 --> [DEPRECATED] Creation of dynamic property App\Controllers\Auth::$ModelAuth is deprecated in APPPATH\Controllers\Auth.php on line 14.
 1 SYSTEMPATH\CodeIgniter.php(904): App\Controllers\Auth->__construct()
 2 SYSTEMPATH\CodeIgniter.php(488): CodeIgniter\CodeIgniter->createController()
 3 SYSTEMPATH\CodeIgniter.php(366): CodeIgniter\CodeIgniter->handleRequest(null, Object(Config\Cache), false)
 4 FCPATH\index.php(67): CodeIgniter\CodeIgniter->run()
WARNING - 2023-10-26 03:14:38 --> [DEPRECATED] Creation of dynamic property App\Controllers\Auth::$ModelAuth is deprecated in APPPATH\Controllers\Auth.php on line 14.
 1 SYSTEMPATH\CodeIgniter.php(904): App\Controllers\Auth->__construct()
 2 SYSTEMPATH\CodeIgniter.php(488): CodeIgniter\CodeIgniter->createController()
 3 SYSTEMPATH\CodeIgniter.php(366): CodeIgniter\CodeIgniter->handleRequest(null, Object(Config\Cache), false)
 4 FCPATH\index.php(67): CodeIgniter\CodeIgniter->run()
INFO - 2023-10-26 03:14:38 --> Session: Class initialized using 'CodeIgniter\Session\Handlers\FileHandler' driver.
INFO - 2023-10-26 03:14:38 --> Session: Class initialized using 'CodeIgniter\Session\Handlers\FileHandler' driver.
WARNING - 2023-10-26 03:14:38 --> [DEPRECATED] Creation of dynamic property App\Controllers\Data::$ModelData is deprecated in APPPATH\Controllers\Data.php on line 18.
 1 SYSTEMPATH\CodeIgniter.php(904): App\Controllers\Data->__construct()
 2 SYSTEMPATH\CodeIgniter.php(488): CodeIgniter\CodeIgniter->createController()
 3 SYSTEMPATH\CodeIgniter.php(366): CodeIgniter\CodeIgniter->handleRequest(null, Object(Config\Cache), false)
 4 FCPATH\index.php(67): CodeIgniter\CodeIgniter->run()
WARNING - 2023-10-26 03:14:38 --> [DEPRECATED] Creation of dynamic property App\Controllers\Data::$ModelDataSkill is deprecated in APPPATH\Controllers\Data.php on line 19.
 1 SYSTEMPATH\CodeIgniter.php(904): App\Controllers\Data->__construct()
 2 SYSTEMPATH\CodeIgniter.php(488): CodeIgniter\CodeIgniter->createController()
 3 SYSTEMPATH\CodeIgniter.php(366): CodeIgniter\CodeIgniter->handleRequest(null, Object(Config\Cache), false)
 4 FCPATH\index.php(67): CodeIgniter\CodeIgniter->run()
WARNING - 2023-10-26 03:14:38 --> [DEPRECATED] Creation of dynamic property App\Controllers\Data::$ModelPegawai is deprecated in APPPATH\Controllers\Data.php on line 20.
 1 SYSTEMPATH\CodeIgniter.php(904): App\Controllers\Data->__construct()
 2 SYSTEMPATH\CodeIgniter.php(488): CodeIgniter\CodeIgniter->createController()
 3 SYSTEMPATH\CodeIgniter.php(366): CodeIgniter\CodeIgniter->handleRequest(null, Object(Config\Cache), false)
 4 FCPATH\index.php(67): CodeIgniter\CodeIgniter->run()
WARNING - 2023-10-26 03:14:38 --> [DEPRECATED] Creation of dynamic property App\Controllers\Data::$ModelUnit is deprecated in APPPATH\Controllers\Data.php on line 21.
 1 SYSTEMPATH\CodeIgniter.php(904): App\Controllers\Data->__construct()
 2 SYSTEMPATH\CodeIgniter.php(488): CodeIgniter\CodeIgniter->createController()
 3 SYSTEMPATH\CodeIgniter.php(366): CodeIgniter\CodeIgniter->handleRequest(null, Object(Config\Cache), false)
 4 FCPATH\index.php(67): CodeIgniter\CodeIgniter->run()
WARNING - 2023-10-26 03:14:38 --> [DEPRECATED] Creation of dynamic property App\Controllers\Data::$ModelDataDetail is deprecated in APPPATH\Controllers\Data.php on line 22.
 1 SYSTEMPATH\CodeIgniter.php(904): App\Controllers\Data->__construct()
 2 SYSTEMPATH\CodeIgniter.php(488): CodeIgniter\CodeIgniter->createController()
 3 SYSTEMPATH\CodeIgniter.php(366): CodeIgniter\CodeIgniter->handleRequest(null, Object(Config\Cache), false)
 4 FCPATH\index.php(67): CodeIgniter\CodeIgniter->run()
WARNING - 2023-10-26 03:14:38 --> [DEPRECATED] Creation of dynamic property App\Controllers\Data::$ModelSkill is deprecated in APPPATH\Controllers\Data.php on line 23.
 1 SYSTEMPATH\CodeIgniter.php(904): App\Controllers\Data->__construct()
 2 SYSTEMPATH\CodeIgniter.php(488): CodeIgniter\CodeIgniter->createController()
 3 SYSTEMPATH\CodeIgniter.php(366): CodeIgniter\CodeIgniter->handleRequest(null, Object(Config\Cache), false)
 4 FCPATH\index.php(67): CodeIgniter\CodeIgniter->run()
WARNING - 2023-10-26 03:14:39 --> [DEPRECATED] Creation of dynamic property App\Controllers\Data::$ModelData is deprecated in APPPATH\Controllers\Data.php on line 18.
 1 SYSTEMPATH\CodeIgniter.php(904): App\Controllers\Data->__construct()
 2 SYSTEMPATH\CodeIgniter.php(488): CodeIgniter\CodeIgniter->createController()
 3 SYSTEMPATH\CodeIgniter.php(366): CodeIgniter\CodeIgniter->handleRequest(null, Object(Config\Cache), false)
 4 FCPATH\index.php(67): CodeIgniter\CodeIgniter->run()
WARNING - 2023-10-26 03:14:39 --> [DEPRECATED] Creation of dynamic property App\Controllers\Data::$ModelDataSkill is deprecated in APPPATH\Controllers\Data.php on line 19.
 1 SYSTEMPATH\CodeIgniter.php(904): App\Controllers\Data->__construct()
 2 SYSTEMPATH\CodeIgniter.php(488): CodeIgniter\CodeIgniter->createController()
 3 SYSTEMPATH\CodeIgniter.php(366): CodeIgniter\CodeIgniter->handleRequest(null, Object(Config\Cache), false)
 4 FCPATH\index.php(67): CodeIgniter\CodeIgniter->run()
WARNING - 2023-10-26 03:14:39 --> [DEPRECATED] Creation of dynamic property App\Controllers\Data::$ModelPegawai is deprecated in APPPATH\Controllers\Data.php on line 20.
 1 SYSTEMPATH\CodeIgniter.php(904): App\Controllers\Data->__construct()
 2 SYSTEMPATH\CodeIgniter.php(488): CodeIgniter\CodeIgniter->createController()
 3 SYSTEMPATH\CodeIgniter.php(366): CodeIgniter\CodeIgniter->handleRequest(null, Object(Config\Cache), false)
 4 FCPATH\index.php(67): CodeIgniter\CodeIgniter->run()
WARNING - 2023-10-26 03:14:39 --> [DEPRECATED] Creation of dynamic property App\Controllers\Data::$ModelUnit is deprecated in APPPATH\Controllers\Data.php on line 21.
 1 SYSTEMPATH\CodeIgniter.php(904): App\Controllers\Data->__construct()
 2 SYSTEMPATH\CodeIgniter.php(488): CodeIgniter\CodeIgniter->createController()
 3 SYSTEMPATH\CodeIgniter.php(366): CodeIgniter\CodeIgniter->handleRequest(null, Object(Config\Cache), false)
 4 FCPATH\index.php(67): CodeIgniter\CodeIgniter->run()
WARNING - 2023-10-26 03:14:39 --> [DEPRECATED] Creation of dynamic property App\Controllers\Data::$ModelDataDetail is deprecated in APPPATH\Controllers\Data.php on line 22.
 1 SYSTEMPATH\CodeIgniter.php(904): App\Controllers\Data->__construct()
 2 SYSTEMPATH\CodeIgniter.php(488): CodeIgniter\CodeIgniter->createController()
 3 SYSTEMPATH\CodeIgniter.php(366): CodeIgniter\CodeIgniter->handleRequest(null, Object(Config\Cache), false)
 4 FCPATH\index.php(67): CodeIgniter\CodeIgniter->run()
WARNING - 2023-10-26 03:14:39 --> [DEPRECATED] Creation of dynamic property App\Controllers\Data::$ModelSkill is deprecated in APPPATH\Controllers\Data.php on line 23.
 1 SYSTEMPATH\CodeIgniter.php(904): App\Controllers\Data->__construct()
 2 SYSTEMPATH\CodeIgniter.php(488): CodeIgniter\CodeIgniter->createController()
 3 SYSTEMPATH\CodeIgniter.php(366): CodeIgniter\CodeIgniter->handleRequest(null, Object(Config\Cache), false)
 4 FCPATH\index.php(67): CodeIgniter\CodeIgniter->run()
INFO - 2023-10-26 03:14:42 --> Session: Class initialized using 'CodeIgniter\Session\Handlers\FileHandler' driver.
WARNING - 2023-10-26 03:14:42 --> [DEPRECATED] Creation of dynamic property App\Controllers\Boscu::$ModelBoscu is deprecated in APPPATH\Controllers\Boscu.php on line 13.
 1 SYSTEMPATH\CodeIgniter.php(904): App\Controllers\Boscu->__construct()
 2 SYSTEMPATH\CodeIgniter.php(488): CodeIgniter\CodeIgniter->createController()
 3 SYSTEMPATH\CodeIgniter.php(366): CodeIgniter\CodeIgniter->handleRequest(null, Object(Config\Cache), false)
 4 FCPATH\index.php(67): CodeIgniter\CodeIgniter->run()
WARNING - 2023-10-26 03:14:42 --> [DEPRECATED] Creation of dynamic property App\Controllers\Boscu::$ModelBoscu is deprecated in APPPATH\Controllers\Boscu.php on line 13.
 1 SYSTEMPATH\CodeIgniter.php(904): App\Controllers\Boscu->__construct()
 2 SYSTEMPATH\CodeIgniter.php(488): CodeIgniter\CodeIgniter->createController()
 3 SYSTEMPATH\CodeIgniter.php(366): CodeIgniter\CodeIgniter->handleRequest(null, Object(Config\Cache), false)
 4 FCPATH\index.php(67): CodeIgniter\CodeIgniter->run()
INFO - 2023-10-26 03:15:11 --> Session: Class initialized using 'CodeIgniter\Session\Handlers\FileHandler' driver.
WARNING - 2023-10-26 03:15:11 --> [DEPRECATED] Creation of dynamic property App\Controllers\Boscu::$ModelBoscu is deprecated in APPPATH\Controllers\Boscu.php on line 13.
 1 SYSTEMPATH\CodeIgniter.php(904): App\Controllers\Boscu->__construct()
 2 SYSTEMPATH\CodeIgniter.php(488): CodeIgniter\CodeIgniter->createController()
 3 SYSTEMPATH\CodeIgniter.php(366): CodeIgniter\CodeIgniter->handleRequest(null, Object(Config\Cache), false)
 4 FCPATH\index.php(67): CodeIgniter\CodeIgniter->run()
WARNING - 2023-10-26 03:15:12 --> [DEPRECATED] Creation of dynamic property App\Controllers\Boscu::$ModelBoscu is deprecated in APPPATH\Controllers\Boscu.php on line 13.
 1 SYSTEMPATH\CodeIgniter.php(904): App\Controllers\Boscu->__construct()
 2 SYSTEMPATH\CodeIgniter.php(488): CodeIgniter\CodeIgniter->createController()
 3 SYSTEMPATH\CodeIgniter.php(366): CodeIgniter\CodeIgniter->handleRequest(null, Object(Config\Cache), false)
 4 FCPATH\index.php(67): CodeIgniter\CodeIgniter->run()
INFO - 2023-10-26 03:15:15 --> Session: Class initialized using 'CodeIgniter\Session\Handlers\FileHandler' driver.
WARNING - 2023-10-26 03:15:15 --> [DEPRECATED] Creation of dynamic property App\Controllers\First::$ModelPegawai is deprecated in APPPATH\Controllers\First.php on line 14.
 1 SYSTEMPATH\CodeIgniter.php(904): App\Controllers\First->__construct()
 2 SYSTEMPATH\CodeIgniter.php(488): CodeIgniter\CodeIgniter->createController()
 3 SYSTEMPATH\CodeIgniter.php(366): CodeIgniter\CodeIgniter->handleRequest(null, Object(Config\Cache), false)
 4 FCPATH\index.php(67): CodeIgniter\CodeIgniter->run()
WARNING - 2023-10-26 03:15:15 --> [DEPRECATED] Creation of dynamic property App\Controllers\First::$ModelFirst is deprecated in APPPATH\Controllers\First.php on line 15.
 1 SYSTEMPATH\CodeIgniter.php(904): App\Controllers\First->__construct()
 2 SYSTEMPATH\CodeIgniter.php(488): CodeIgniter\CodeIgniter->createController()
 3 SYSTEMPATH\CodeIgniter.php(366): CodeIgniter\CodeIgniter->handleRequest(null, Object(Config\Cache), false)
 4 FCPATH\index.php(67): CodeIgniter\CodeIgniter->run()
WARNING - 2023-10-26 03:15:15 --> [DEPRECATED] Creation of dynamic property App\Controllers\First::$ModelUnit is deprecated in APPPATH\Controllers\First.php on line 16.
 1 SYSTEMPATH\CodeIgniter.php(904): App\Controllers\First->__construct()
 2 SYSTEMPATH\CodeIgniter.php(488): CodeIgniter\CodeIgniter->createController()
 3 SYSTEMPATH\CodeIgniter.php(366): CodeIgniter\CodeIgniter->handleRequest(null, Object(Config\Cache), false)
 4 FCPATH\index.php(67): CodeIgniter\CodeIgniter->run()
WARNING - 2023-10-26 03:15:16 --> [DEPRECATED] Creation of dynamic property App\Controllers\First::$ModelPegawai is deprecated in APPPATH\Controllers\First.php on line 14.
 1 SYSTEMPATH\CodeIgniter.php(904): App\Controllers\First->__construct()
 2 SYSTEMPATH\CodeIgniter.php(488): CodeIgniter\CodeIgniter->createController()
 3 SYSTEMPATH\CodeIgniter.php(366): CodeIgniter\CodeIgniter->handleRequest(null, Object(Config\Cache), false)
 4 FCPATH\index.php(67): CodeIgniter\CodeIgniter->run()
WARNING - 2023-10-26 03:15:16 --> [DEPRECATED] Creation of dynamic property App\Controllers\First::$ModelFirst is deprecated in APPPATH\Controllers\First.php on line 15.
 1 SYSTEMPATH\CodeIgniter.php(904): App\Controllers\First->__construct()
 2 SYSTEMPATH\CodeIgniter.php(488): CodeIgniter\CodeIgniter->createController()
 3 SYSTEMPATH\CodeIgniter.php(366): CodeIgniter\CodeIgniter->handleRequest(null, Object(Config\Cache), false)
 4 FCPATH\index.php(67): CodeIgniter\CodeIgniter->run()
WARNING - 2023-10-26 03:15:16 --> [DEPRECATED] Creation of dynamic property App\Controllers\First::$ModelUnit is deprecated in APPPATH\Controllers\First.php on line 16.
 1 SYSTEMPATH\CodeIgniter.php(904): App\Controllers\First->__construct()
 2 SYSTEMPATH\CodeIgniter.php(488): CodeIgniter\CodeIgniter->createController()
 3 SYSTEMPATH\CodeIgniter.php(366): CodeIgniter\CodeIgniter->handleRequest(null, Object(Config\Cache), false)
 4 FCPATH\index.php(67): CodeIgniter\CodeIgniter->run()
INFO - 2023-10-26 03:15:16 --> Session: Class initialized using 'CodeIgniter\Session\Handlers\FileHandler' driver.
WARNING - 2023-10-26 03:15:16 --> [DEPRECATED] Creation of dynamic property App\Controllers\Data::$ModelData is deprecated in APPPATH\Controllers\Data.php on line 18.
 1 SYSTEMPATH\CodeIgniter.php(904): App\Controllers\Data->__construct()
 2 SYSTEMPATH\CodeIgniter.php(488): CodeIgniter\CodeIgniter->createController()
 3 SYSTEMPATH\CodeIgniter.php(366): CodeIgniter\CodeIgniter->handleRequest(null, Object(Config\Cache), false)
 4 FCPATH\index.php(67): CodeIgniter\CodeIgniter->run()
WARNING - 2023-10-26 03:15:16 --> [DEPRECATED] Creation of dynamic property App\Controllers\Data::$ModelDataSkill is deprecated in APPPATH\Controllers\Data.php on line 19.
 1 SYSTEMPATH\CodeIgniter.php(904): App\Controllers\Data->__construct()
 2 SYSTEMPATH\CodeIgniter.php(488): CodeIgniter\CodeIgniter->createController()
 3 SYSTEMPATH\CodeIgniter.php(366): CodeIgniter\CodeIgniter->handleRequest(null, Object(Config\Cache), false)
 4 FCPATH\index.php(67): CodeIgniter\CodeIgniter->run()
WARNING - 2023-10-26 03:15:16 --> [DEPRECATED] Creation of dynamic property App\Controllers\Data::$ModelPegawai is deprecated in APPPATH\Controllers\Data.php on line 20.
 1 SYSTEMPATH\CodeIgniter.php(904): App\Controllers\Data->__construct()
 2 SYSTEMPATH\CodeIgniter.php(488): CodeIgniter\CodeIgniter->createController()
 3 SYSTEMPATH\CodeIgniter.php(366): CodeIgniter\CodeIgniter->handleRequest(null, Object(Config\Cache), false)
 4 FCPATH\index.php(67): CodeIgniter\CodeIgniter->run()
WARNING - 2023-10-26 03:15:16 --> [DEPRECATED] Creation of dynamic property App\Controllers\Data::$ModelUnit is deprecated in APPPATH\Controllers\Data.php on line 21.
 1 SYSTEMPATH\CodeIgniter.php(904): App\Controllers\Data->__construct()
 2 SYSTEMPATH\CodeIgniter.php(488): CodeIgniter\CodeIgniter->createController()
 3 SYSTEMPATH\CodeIgniter.php(366): CodeIgniter\CodeIgniter->handleRequest(null, Object(Config\Cache), false)
 4 FCPATH\index.php(67): CodeIgniter\CodeIgniter->run()
WARNING - 2023-10-26 03:15:16 --> [DEPRECATED] Creation of dynamic property App\Controllers\Data::$ModelDataDetail is deprecated in APPPATH\Controllers\Data.php on line 22.
 1 SYSTEMPATH\CodeIgniter.php(904): App\Controllers\Data->__construct()
 2 SYSTEMPATH\CodeIgniter.php(488): CodeIgniter\CodeIgniter->createController()
 3 SYSTEMPATH\CodeIgniter.php(366): CodeIgniter\CodeIgniter->handleRequest(null, Object(Config\Cache), false)
 4 FCPATH\index.php(67): CodeIgniter\CodeIgniter->run()
WARNING - 2023-10-26 03:15:16 --> [DEPRECATED] Creation of dynamic property App\Controllers\Data::$ModelSkill is deprecated in APPPATH\Controllers\Data.php on line 23.
 1 SYSTEMPATH\CodeIgniter.php(904): App\Controllers\Data->__construct()
 2 SYSTEMPATH\CodeIgniter.php(488): CodeIgniter\CodeIgniter->createController()
 3 SYSTEMPATH\CodeIgniter.php(366): CodeIgniter\CodeIgniter->handleRequest(null, Object(Config\Cache), false)
 4 FCPATH\index.php(67): CodeIgniter\CodeIgniter->run()
WARNING - 2023-10-26 03:15:17 --> [DEPRECATED] Creation of dynamic property App\Controllers\Data::$ModelData is deprecated in APPPATH\Controllers\Data.php on line 18.
 1 SYSTEMPATH\CodeIgniter.php(904): App\Controllers\Data->__construct()
 2 SYSTEMPATH\CodeIgniter.php(488): CodeIgniter\CodeIgniter->createController()
 3 SYSTEMPATH\CodeIgniter.php(366): CodeIgniter\CodeIgniter->handleRequest(null, Object(Config\Cache), false)
 4 FCPATH\index.php(67): CodeIgniter\CodeIgniter->run()
WARNING - 2023-10-26 03:15:17 --> [DEPRECATED] Creation of dynamic property App\Controllers\Data::$ModelDataSkill is deprecated in APPPATH\Controllers\Data.php on line 19.
 1 SYSTEMPATH\CodeIgniter.php(904): App\Controllers\Data->__construct()
 2 SYSTEMPATH\CodeIgniter.php(488): CodeIgniter\CodeIgniter->createController()
 3 SYSTEMPATH\CodeIgniter.php(366): CodeIgniter\CodeIgniter->handleRequest(null, Object(Config\Cache), false)
 4 FCPATH\index.php(67): CodeIgniter\CodeIgniter->run()
WARNING - 2023-10-26 03:15:17 --> [DEPRECATED] Creation of dynamic property App\Controllers\Data::$ModelPegawai is deprecated in APPPATH\Controllers\Data.php on line 20.
 1 SYSTEMPATH\CodeIgniter.php(904): App\Controllers\Data->__construct()
 2 SYSTEMPATH\CodeIgniter.php(488): CodeIgniter\CodeIgniter->createController()
 3 SYSTEMPATH\CodeIgniter.php(366): CodeIgniter\CodeIgniter->handleRequest(null, Object(Config\Cache), false)
 4 FCPATH\index.php(67): CodeIgniter\CodeIgniter->run()
WARNING - 2023-10-26 03:15:17 --> [DEPRECATED] Creation of dynamic property App\Controllers\Data::$ModelUnit is deprecated in APPPATH\Controllers\Data.php on line 21.
 1 SYSTEMPATH\CodeIgniter.php(904): App\Controllers\Data->__construct()
 2 SYSTEMPATH\CodeIgniter.php(488): CodeIgniter\CodeIgniter->createController()
 3 SYSTEMPATH\CodeIgniter.php(366): CodeIgniter\CodeIgniter->handleRequest(null, Object(Config\Cache), false)
 4 FCPATH\index.php(67): CodeIgniter\CodeIgniter->run()
WARNING - 2023-10-26 03:15:17 --> [DEPRECATED] Creation of dynamic property App\Controllers\Data::$ModelDataDetail is deprecated in APPPATH\Controllers\Data.php on line 22.
 1 SYSTEMPATH\CodeIgniter.php(904): App\Controllers\Data->__construct()
 2 SYSTEMPATH\CodeIgniter.php(488): CodeIgniter\CodeIgniter->createController()
 3 SYSTEMPATH\CodeIgniter.php(366): CodeIgniter\CodeIgniter->handleRequest(null, Object(Config\Cache), false)
 4 FCPATH\index.php(67): CodeIgniter\CodeIgniter->run()
WARNING - 2023-10-26 03:15:17 --> [DEPRECATED] Creation of dynamic property App\Controllers\Data::$ModelSkill is deprecated in APPPATH\Controllers\Data.php on line 23.
 1 SYSTEMPATH\CodeIgniter.php(904): App\Controllers\Data->__construct()
 2 SYSTEMPATH\CodeIgniter.php(488): CodeIgniter\CodeIgniter->createController()
 3 SYSTEMPATH\CodeIgniter.php(366): CodeIgniter\CodeIgniter->handleRequest(null, Object(Config\Cache), false)
 4 FCPATH\index.php(67): CodeIgniter\CodeIgniter->run()
INFO - 2023-10-26 03:23:43 --> Session: Class initialized using 'CodeIgniter\Session\Handlers\FileHandler' driver.
INFO - 2023-10-26 03:23:43 --> Session: Class initialized using 'CodeIgniter\Session\Handlers\FileHandler' driver.
WARNING - 2023-10-26 03:23:43 --> [DEPRECATED] Creation of dynamic property App\Controllers\Data::$ModelData is deprecated in APPPATH\Controllers\Data.php on line 18.
 1 SYSTEMPATH\CodeIgniter.php(904): App\Controllers\Data->__construct()
 2 SYSTEMPATH\CodeIgniter.php(488): CodeIgniter\CodeIgniter->createController()
 3 SYSTEMPATH\CodeIgniter.php(366): CodeIgniter\CodeIgniter->handleRequest(null, Object(Config\Cache), false)
 4 FCPATH\index.php(67): CodeIgniter\CodeIgniter->run()
WARNING - 2023-10-26 03:23:43 --> [DEPRECATED] Creation of dynamic property App\Controllers\Data::$ModelDataSkill is deprecated in APPPATH\Controllers\Data.php on line 19.
 1 SYSTEMPATH\CodeIgniter.php(904): App\Controllers\Data->__construct()
 2 SYSTEMPATH\CodeIgniter.php(488): CodeIgniter\CodeIgniter->createController()
 3 SYSTEMPATH\CodeIgniter.php(366): CodeIgniter\CodeIgniter->handleRequest(null, Object(Config\Cache), false)
 4 FCPATH\index.php(67): CodeIgniter\CodeIgniter->run()
WARNING - 2023-10-26 03:23:43 --> [DEPRECATED] Creation of dynamic property App\Controllers\Data::$ModelPegawai is deprecated in APPPATH\Controllers\Data.php on line 20.
 1 SYSTEMPATH\CodeIgniter.php(904): App\Controllers\Data->__construct()
 2 SYSTEMPATH\CodeIgniter.php(488): CodeIgniter\CodeIgniter->createController()
 3 SYSTEMPATH\CodeIgniter.php(366): CodeIgniter\CodeIgniter->handleRequest(null, Object(Config\Cache), false)
 4 FCPATH\index.php(67): CodeIgniter\CodeIgniter->run()
WARNING - 2023-10-26 03:23:43 --> [DEPRECATED] Creation of dynamic property App\Controllers\Data::$ModelUnit is deprecated in APPPATH\Controllers\Data.php on line 21.
 1 SYSTEMPATH\CodeIgniter.php(904): App\Controllers\Data->__construct()
 2 SYSTEMPATH\CodeIgniter.php(488): CodeIgniter\CodeIgniter->createController()
 3 SYSTEMPATH\CodeIgniter.php(366): CodeIgniter\CodeIgniter->handleRequest(null, Object(Config\Cache), false)
 4 FCPATH\index.php(67): CodeIgniter\CodeIgniter->run()
WARNING - 2023-10-26 03:23:43 --> [DEPRECATED] Creation of dynamic property App\Controllers\Data::$ModelDataDetail is deprecated in APPPATH\Controllers\Data.php on line 22.
 1 SYSTEMPATH\CodeIgniter.php(904): App\Controllers\Data->__construct()
 2 SYSTEMPATH\CodeIgniter.php(488): CodeIgniter\CodeIgniter->createController()
 3 SYSTEMPATH\CodeIgniter.php(366): CodeIgniter\CodeIgniter->handleRequest(null, Object(Config\Cache), false)
 4 FCPATH\index.php(67): CodeIgniter\CodeIgniter->run()
WARNING - 2023-10-26 03:23:43 --> [DEPRECATED] Creation of dynamic property App\Controllers\Data::$ModelSkill is deprecated in APPPATH\Controllers\Data.php on line 23.
 1 SYSTEMPATH\CodeIgniter.php(904): App\Controllers\Data->__construct()
 2 SYSTEMPATH\CodeIgniter.php(488): CodeIgniter\CodeIgniter->createController()
 3 SYSTEMPATH\CodeIgniter.php(366): CodeIgniter\CodeIgniter->handleRequest(null, Object(Config\Cache), false)
 4 FCPATH\index.php(67): CodeIgniter\CodeIgniter->run()
WARNING - 2023-10-26 03:23:44 --> [DEPRECATED] Creation of dynamic property App\Controllers\Data::$ModelData is deprecated in APPPATH\Controllers\Data.php on line 18.
 1 SYSTEMPATH\CodeIgniter.php(904): App\Controllers\Data->__construct()
 2 SYSTEMPATH\CodeIgniter.php(488): CodeIgniter\CodeIgniter->createController()
 3 SYSTEMPATH\CodeIgniter.php(366): CodeIgniter\CodeIgniter->handleRequest(null, Object(Config\Cache), false)
 4 FCPATH\index.php(67): CodeIgniter\CodeIgniter->run()
WARNING - 2023-10-26 03:23:44 --> [DEPRECATED] Creation of dynamic property App\Controllers\Data::$ModelDataSkill is deprecated in APPPATH\Controllers\Data.php on line 19.
 1 SYSTEMPATH\CodeIgniter.php(904): App\Controllers\Data->__construct()
 2 SYSTEMPATH\CodeIgniter.php(488): CodeIgniter\CodeIgniter->createController()
 3 SYSTEMPATH\CodeIgniter.php(366): CodeIgniter\CodeIgniter->handleRequest(null, Object(Config\Cache), false)
 4 FCPATH\index.php(67): CodeIgniter\CodeIgniter->run()
WARNING - 2023-10-26 03:23:44 --> [DEPRECATED] Creation of dynamic property App\Controllers\Data::$ModelPegawai is deprecated in APPPATH\Controllers\Data.php on line 20.
 1 SYSTEMPATH\CodeIgniter.php(904): App\Controllers\Data->__construct()
 2 SYSTEMPATH\CodeIgniter.php(488): CodeIgniter\CodeIgniter->createController()
 3 SYSTEMPATH\CodeIgniter.php(366): CodeIgniter\CodeIgniter->handleRequest(null, Object(Config\Cache), false)
 4 FCPATH\index.php(67): CodeIgniter\CodeIgniter->run()
WARNING - 2023-10-26 03:23:44 --> [DEPRECATED] Creation of dynamic property App\Controllers\Data::$ModelUnit is deprecated in APPPATH\Controllers\Data.php on line 21.
 1 SYSTEMPATH\CodeIgniter.php(904): App\Controllers\Data->__construct()
 2 SYSTEMPATH\CodeIgniter.php(488): CodeIgniter\CodeIgniter->createController()
 3 SYSTEMPATH\CodeIgniter.php(366): CodeIgniter\CodeIgniter->handleRequest(null, Object(Config\Cache), false)
 4 FCPATH\index.php(67): CodeIgniter\CodeIgniter->run()
WARNING - 2023-10-26 03:23:44 --> [DEPRECATED] Creation of dynamic property App\Controllers\Data::$ModelDataDetail is deprecated in APPPATH\Controllers\Data.php on line 22.
 1 SYSTEMPATH\CodeIgniter.php(904): App\Controllers\Data->__construct()
 2 SYSTEMPATH\CodeIgniter.php(488): CodeIgniter\CodeIgniter->createController()
 3 SYSTEMPATH\CodeIgniter.php(366): CodeIgniter\CodeIgniter->handleRequest(null, Object(Config\Cache), false)
 4 FCPATH\index.php(67): CodeIgniter\CodeIgniter->run()
WARNING - 2023-10-26 03:23:44 --> [DEPRECATED] Creation of dynamic property App\Controllers\Data::$ModelSkill is deprecated in APPPATH\Controllers\Data.php on line 23.
 1 SYSTEMPATH\CodeIgniter.php(904): App\Controllers\Data->__construct()
 2 SYSTEMPATH\CodeIgniter.php(488): CodeIgniter\CodeIgniter->createController()
 3 SYSTEMPATH\CodeIgniter.php(366): CodeIgniter\CodeIgniter->handleRequest(null, Object(Config\Cache), false)
 4 FCPATH\index.php(67): CodeIgniter\CodeIgniter->run()
INFO - 2023-10-26 03:23:45 --> Session: Class initialized using 'CodeIgniter\Session\Handlers\FileHandler' driver.
WARNING - 2023-10-26 03:23:45 --> [DEPRECATED] Creation of dynamic property App\Controllers\Boscu::$ModelBoscu is deprecated in APPPATH\Controllers\Boscu.php on line 13.
 1 SYSTEMPATH\CodeIgniter.php(904): App\Controllers\Boscu->__construct()
 2 SYSTEMPATH\CodeIgniter.php(488): CodeIgniter\CodeIgniter->createController()
 3 SYSTEMPATH\CodeIgniter.php(366): CodeIgniter\CodeIgniter->handleRequest(null, Object(Config\Cache), false)
 4 FCPATH\index.php(67): CodeIgniter\CodeIgniter->run()
WARNING - 2023-10-26 03:23:46 --> [DEPRECATED] Creation of dynamic property App\Controllers\Boscu::$ModelBoscu is deprecated in APPPATH\Controllers\Boscu.php on line 13.
 1 SYSTEMPATH\CodeIgniter.php(904): App\Controllers\Boscu->__construct()
 2 SYSTEMPATH\CodeIgniter.php(488): CodeIgniter\CodeIgniter->createController()
 3 SYSTEMPATH\CodeIgniter.php(366): CodeIgniter\CodeIgniter->handleRequest(null, Object(Config\Cache), false)
 4 FCPATH\index.php(67): CodeIgniter\CodeIgniter->run()
INFO - 2023-10-26 03:27:12 --> Session: Class initialized using 'CodeIgniter\Session\Handlers\FileHandler' driver.
INFO - 2023-10-26 03:27:12 --> Session: Class initialized using 'CodeIgniter\Session\Handlers\FileHandler' driver.
WARNING - 2023-10-26 03:27:12 --> [DEPRECATED] Creation of dynamic property App\Controllers\Boscu::$ModelBoscu is deprecated in APPPATH\Controllers\Boscu.php on line 13.
 1 SYSTEMPATH\CodeIgniter.php(904): App\Controllers\Boscu->__construct()
 2 SYSTEMPATH\CodeIgniter.php(488): CodeIgniter\CodeIgniter->createController()
 3 SYSTEMPATH\CodeIgniter.php(366): CodeIgniter\CodeIgniter->handleRequest(null, Object(Config\Cache), false)
 4 FCPATH\index.php(67): CodeIgniter\CodeIgniter->run()
WARNING - 2023-10-26 03:27:13 --> [DEPRECATED] Creation of dynamic property App\Controllers\Boscu::$ModelBoscu is deprecated in APPPATH\Controllers\Boscu.php on line 13.
 1 SYSTEMPATH\CodeIgniter.php(904): App\Controllers\Boscu->__construct()
 2 SYSTEMPATH\CodeIgniter.php(488): CodeIgniter\CodeIgniter->createController()
 3 SYSTEMPATH\CodeIgniter.php(366): CodeIgniter\CodeIgniter->handleRequest(null, Object(Config\Cache), false)
 4 FCPATH\index.php(67): CodeIgniter\CodeIgniter->run()
INFO - 2023-10-26 03:27:21 --> Session: Class initialized using 'CodeIgniter\Session\Handlers\FileHandler' driver.
INFO - 2023-10-26 03:27:22 --> Session: Class initialized using 'CodeIgniter\Session\Handlers\FileHandler' driver.
WARNING - 2023-10-26 03:27:22 --> [DEPRECATED] Creation of dynamic property App\Controllers\Boscu::$ModelBoscu is deprecated in APPPATH\Controllers\Boscu.php on line 13.
 1 SYSTEMPATH\CodeIgniter.php(904): App\Controllers\Boscu->__construct()
 2 SYSTEMPATH\CodeIgniter.php(488): CodeIgniter\CodeIgniter->createController()
 3 SYSTEMPATH\CodeIgniter.php(366): CodeIgniter\CodeIgniter->handleRequest(null, Object(Config\Cache), false)
 4 FCPATH\index.php(67): CodeIgniter\CodeIgniter->run()
WARNING - 2023-10-26 03:27:22 --> [DEPRECATED] Creation of dynamic property App\Controllers\Boscu::$ModelBoscu is deprecated in APPPATH\Controllers\Boscu.php on line 13.
 1 SYSTEMPATH\CodeIgniter.php(904): App\Controllers\Boscu->__construct()
 2 SYSTEMPATH\CodeIgniter.php(488): CodeIgniter\CodeIgniter->createController()
 3 SYSTEMPATH\CodeIgniter.php(366): CodeIgniter\CodeIgniter->handleRequest(null, Object(Config\Cache), false)
 4 FCPATH\index.php(67): CodeIgniter\CodeIgniter->run()
INFO - 2023-10-26 03:28:07 --> Session: Class initialized using 'CodeIgniter\Session\Handlers\FileHandler' driver.
INFO - 2023-10-26 03:28:07 --> Session: Class initialized using 'CodeIgniter\Session\Handlers\FileHandler' driver.
WARNING - 2023-10-26 03:28:07 --> [DEPRECATED] Creation of dynamic property App\Controllers\Boscu::$ModelBoscu is deprecated in APPPATH\Controllers\Boscu.php on line 13.
 1 SYSTEMPATH\CodeIgniter.php(904): App\Controllers\Boscu->__construct()
 2 SYSTEMPATH\CodeIgniter.php(488): CodeIgniter\CodeIgniter->createController()
 3 SYSTEMPATH\CodeIgniter.php(366): CodeIgniter\CodeIgniter->handleRequest(null, Object(Config\Cache), false)
 4 FCPATH\index.php(67): CodeIgniter\CodeIgniter->run()
WARNING - 2023-10-26 03:28:08 --> [DEPRECATED] Creation of dynamic property App\Controllers\Boscu::$ModelBoscu is deprecated in APPPATH\Controllers\Boscu.php on line 13.
 1 SYSTEMPATH\CodeIgniter.php(904): App\Controllers\Boscu->__construct()
 2 SYSTEMPATH\CodeIgniter.php(488): CodeIgniter\CodeIgniter->createController()
 3 SYSTEMPATH\CodeIgniter.php(366): CodeIgniter\CodeIgniter->handleRequest(null, Object(Config\Cache), false)
 4 FCPATH\index.php(67): CodeIgniter\CodeIgniter->run()
INFO - 2023-10-26 03:28:15 --> Session: Class initialized using 'CodeIgniter\Session\Handlers\FileHandler' driver.
WARNING - 2023-10-26 03:28:15 --> [DEPRECATED] Creation of dynamic property App\Controllers\Auth::$ModelAuth is deprecated in APPPATH\Controllers\Auth.php on line 14.
 1 SYSTEMPATH\CodeIgniter.php(904): App\Controllers\Auth->__construct()
 2 SYSTEMPATH\CodeIgniter.php(488): CodeIgniter\CodeIgniter->createController()
 3 SYSTEMPATH\CodeIgniter.php(366): CodeIgniter\CodeIgniter->handleRequest(null, Object(Config\Cache), false)
 4 FCPATH\index.php(67): CodeIgniter\CodeIgniter->run()
INFO - 2023-10-26 03:32:46 --> Session: Class initialized using 'CodeIgniter\Session\Handlers\FileHandler' driver.
INFO - 2023-10-26 03:32:46 --> Session: Class initialized using 'CodeIgniter\Session\Handlers\FileHandler' driver.
WARNING - 2023-10-26 03:32:46 --> [DEPRECATED] Creation of dynamic property App\Controllers\Boscu::$ModelBoscu is deprecated in APPPATH\Controllers\Boscu.php on line 13.
 1 SYSTEMPATH\CodeIgniter.php(904): App\Controllers\Boscu->__construct()
 2 SYSTEMPATH\CodeIgniter.php(488): CodeIgniter\CodeIgniter->createController()
 3 SYSTEMPATH\CodeIgniter.php(366): CodeIgniter\CodeIgniter->handleRequest(null, Object(Config\Cache), false)
 4 FCPATH\index.php(67): CodeIgniter\CodeIgniter->run()
WARNING - 2023-10-26 03:32:47 --> [DEPRECATED] Creation of dynamic property App\Controllers\Boscu::$ModelBoscu is deprecated in APPPATH\Controllers\Boscu.php on line 13.
 1 SYSTEMPATH\CodeIgniter.php(904): App\Controllers\Boscu->__construct()
 2 SYSTEMPATH\CodeIgniter.php(488): CodeIgniter\CodeIgniter->createController()
 3 SYSTEMPATH\CodeIgniter.php(366): CodeIgniter\CodeIgniter->handleRequest(null, Object(Config\Cache), false)
 4 FCPATH\index.php(67): CodeIgniter\CodeIgniter->run()
INFO - 2023-10-26 03:32:50 --> Session: Class initialized using 'CodeIgniter\Session\Handlers\FileHandler' driver.
WARNING - 2023-10-26 03:32:50 --> [DEPRECATED] Creation of dynamic property App\Controllers\Data::$ModelData is deprecated in APPPATH\Controllers\Data.php on line 18.
 1 SYSTEMPATH\CodeIgniter.php(904): App\Controllers\Data->__construct()
 2 SYSTEMPATH\CodeIgniter.php(488): CodeIgniter\CodeIgniter->createController()
 3 SYSTEMPATH\CodeIgniter.php(366): CodeIgniter\CodeIgniter->handleRequest(null, Object(Config\Cache), false)
 4 FCPATH\index.php(67): CodeIgniter\CodeIgniter->run()
WARNING - 2023-10-26 03:32:50 --> [DEPRECATED] Creation of dynamic property App\Controllers\Data::$ModelDataSkill is deprecated in APPPATH\Controllers\Data.php on line 19.
 1 SYSTEMPATH\CodeIgniter.php(904): App\Controllers\Data->__construct()
 2 SYSTEMPATH\CodeIgniter.php(488): CodeIgniter\CodeIgniter->createController()
 3 SYSTEMPATH\CodeIgniter.php(366): CodeIgniter\CodeIgniter->handleRequest(null, Object(Config\Cache), false)
 4 FCPATH\index.php(67): CodeIgniter\CodeIgniter->run()
WARNING - 2023-10-26 03:32:50 --> [DEPRECATED] Creation of dynamic property App\Controllers\Data::$ModelPegawai is deprecated in APPPATH\Controllers\Data.php on line 20.
 1 SYSTEMPATH\CodeIgniter.php(904): App\Controllers\Data->__construct()
 2 SYSTEMPATH\CodeIgniter.php(488): CodeIgniter\CodeIgniter->createController()
 3 SYSTEMPATH\CodeIgniter.php(366): CodeIgniter\CodeIgniter->handleRequest(null, Object(Config\Cache), false)
 4 FCPATH\index.php(67): CodeIgniter\CodeIgniter->run()
WARNING - 2023-10-26 03:32:50 --> [DEPRECATED] Creation of dynamic property App\Controllers\Data::$ModelUnit is deprecated in APPPATH\Controllers\Data.php on line 21.
 1 SYSTEMPATH\CodeIgniter.php(904): App\Controllers\Data->__construct()
 2 SYSTEMPATH\CodeIgniter.php(488): CodeIgniter\CodeIgniter->createController()
 3 SYSTEMPATH\CodeIgniter.php(366): CodeIgniter\CodeIgniter->handleRequest(null, Object(Config\Cache), false)
 4 FCPATH\index.php(67): CodeIgniter\CodeIgniter->run()
WARNING - 2023-10-26 03:32:50 --> [DEPRECATED] Creation of dynamic property App\Controllers\Data::$ModelDataDetail is deprecated in APPPATH\Controllers\Data.php on line 22.
 1 SYSTEMPATH\CodeIgniter.php(904): App\Controllers\Data->__construct()
 2 SYSTEMPATH\CodeIgniter.php(488): CodeIgniter\CodeIgniter->createController()
 3 SYSTEMPATH\CodeIgniter.php(366): CodeIgniter\CodeIgniter->handleRequest(null, Object(Config\Cache), false)
 4 FCPATH\index.php(67): CodeIgniter\CodeIgniter->run()
WARNING - 2023-10-26 03:32:50 --> [DEPRECATED] Creation of dynamic property App\Controllers\Data::$ModelSkill is deprecated in APPPATH\Controllers\Data.php on line 23.
 1 SYSTEMPATH\CodeIgniter.php(904): App\Controllers\Data->__construct()
 2 SYSTEMPATH\CodeIgniter.php(488): CodeIgniter\CodeIgniter->createController()
 3 SYSTEMPATH\CodeIgniter.php(366): CodeIgniter\CodeIgniter->handleRequest(null, Object(Config\Cache), false)
 4 FCPATH\index.php(67): CodeIgniter\CodeIgniter->run()
WARNING - 2023-10-26 03:32:51 --> [DEPRECATED] Creation of dynamic property App\Controllers\Data::$ModelData is deprecated in APPPATH\Controllers\Data.php on line 18.
 1 SYSTEMPATH\CodeIgniter.php(904): App\Controllers\Data->__construct()
 2 SYSTEMPATH\CodeIgniter.php(488): CodeIgniter\CodeIgniter->createController()
 3 SYSTEMPATH\CodeIgniter.php(366): CodeIgniter\CodeIgniter->handleRequest(null, Object(Config\Cache), false)
 4 FCPATH\index.php(67): CodeIgniter\CodeIgniter->run()
WARNING - 2023-10-26 03:32:51 --> [DEPRECATED] Creation of dynamic property App\Controllers\Data::$ModelDataSkill is deprecated in APPPATH\Controllers\Data.php on line 19.
 1 SYSTEMPATH\CodeIgniter.php(904): App\Controllers\Data->__construct()
 2 SYSTEMPATH\CodeIgniter.php(488): CodeIgniter\CodeIgniter->createController()
 3 SYSTEMPATH\CodeIgniter.php(366): CodeIgniter\CodeIgniter->handleRequest(null, Object(Config\Cache), false)
 4 FCPATH\index.php(67): CodeIgniter\CodeIgniter->run()
WARNING - 2023-10-26 03:32:51 --> [DEPRECATED] Creation of dynamic property App\Controllers\Data::$ModelPegawai is deprecated in APPPATH\Controllers\Data.php on line 20.
 1 SYSTEMPATH\CodeIgniter.php(904): App\Controllers\Data->__construct()
 2 SYSTEMPATH\CodeIgniter.php(488): CodeIgniter\CodeIgniter->createController()
 3 SYSTEMPATH\CodeIgniter.php(366): CodeIgniter\CodeIgniter->handleRequest(null, Object(Config\Cache), false)
 4 FCPATH\index.php(67): CodeIgniter\CodeIgniter->run()
WARNING - 2023-10-26 03:32:51 --> [DEPRECATED] Creation of dynamic property App\Controllers\Data::$ModelUnit is deprecated in APPPATH\Controllers\Data.php on line 21.
 1 SYSTEMPATH\CodeIgniter.php(904): App\Controllers\Data->__construct()
 2 SYSTEMPATH\CodeIgniter.php(488): CodeIgniter\CodeIgniter->createController()
 3 SYSTEMPATH\CodeIgniter.php(366): CodeIgniter\CodeIgniter->handleRequest(null, Object(Config\Cache), false)
 4 FCPATH\index.php(67): CodeIgniter\CodeIgniter->run()
WARNING - 2023-10-26 03:32:51 --> [DEPRECATED] Creation of dynamic property App\Controllers\Data::$ModelDataDetail is deprecated in APPPATH\Controllers\Data.php on line 22.
 1 SYSTEMPATH\CodeIgniter.php(904): App\Controllers\Data->__construct()
 2 SYSTEMPATH\CodeIgniter.php(488): CodeIgniter\CodeIgniter->createController()
 3 SYSTEMPATH\CodeIgniter.php(366): CodeIgniter\CodeIgniter->handleRequest(null, Object(Config\Cache), false)
 4 FCPATH\index.php(67): CodeIgniter\CodeIgniter->run()
WARNING - 2023-10-26 03:32:51 --> [DEPRECATED] Creation of dynamic property App\Controllers\Data::$ModelSkill is deprecated in APPPATH\Controllers\Data.php on line 23.
 1 SYSTEMPATH\CodeIgniter.php(904): App\Controllers\Data->__construct()
 2 SYSTEMPATH\CodeIgniter.php(488): CodeIgniter\CodeIgniter->createController()
 3 SYSTEMPATH\CodeIgniter.php(366): CodeIgniter\CodeIgniter->handleRequest(null, Object(Config\Cache), false)
 4 FCPATH\index.php(67): CodeIgniter\CodeIgniter->run()
INFO - 2023-10-26 03:33:03 --> Session: Class initialized using 'CodeIgniter\Session\Handlers\FileHandler' driver.
WARNING - 2023-10-26 03:33:03 --> [DEPRECATED] Creation of dynamic property App\Controllers\Data::$ModelData is deprecated in APPPATH\Controllers\Data.php on line 18.
 1 SYSTEMPATH\CodeIgniter.php(904): App\Controllers\Data->__construct()
 2 SYSTEMPATH\CodeIgniter.php(488): CodeIgniter\CodeIgniter->createController()
 3 SYSTEMPATH\CodeIgniter.php(366): CodeIgniter\CodeIgniter->handleRequest(null, Object(Config\Cache), false)
 4 FCPATH\index.php(67): CodeIgniter\CodeIgniter->run()
WARNING - 2023-10-26 03:33:03 --> [DEPRECATED] Creation of dynamic property App\Controllers\Data::$ModelDataSkill is deprecated in APPPATH\Controllers\Data.php on line 19.
 1 SYSTEMPATH\CodeIgniter.php(904): App\Controllers\Data->__construct()
 2 SYSTEMPATH\CodeIgniter.php(488): CodeIgniter\CodeIgniter->createController()
 3 SYSTEMPATH\CodeIgniter.php(366): CodeIgniter\CodeIgniter->handleRequest(null, Object(Config\Cache), false)
 4 FCPATH\index.php(67): CodeIgniter\CodeIgniter->run()
WARNING - 2023-10-26 03:33:03 --> [DEPRECATED] Creation of dynamic property App\Controllers\Data::$ModelPegawai is deprecated in APPPATH\Controllers\Data.php on line 20.
 1 SYSTEMPATH\CodeIgniter.php(904): App\Controllers\Data->__construct()
 2 SYSTEMPATH\CodeIgniter.php(488): CodeIgniter\CodeIgniter->createController()
 3 SYSTEMPATH\CodeIgniter.php(366): CodeIgniter\CodeIgniter->handleRequest(null, Object(Config\Cache), false)
 4 FCPATH\index.php(67): CodeIgniter\CodeIgniter->run()
WARNING - 2023-10-26 03:33:03 --> [DEPRECATED] Creation of dynamic property App\Controllers\Data::$ModelUnit is deprecated in APPPATH\Controllers\Data.php on line 21.
 1 SYSTEMPATH\CodeIgniter.php(904): App\Controllers\Data->__construct()
 2 SYSTEMPATH\CodeIgniter.php(488): CodeIgniter\CodeIgniter->createController()
 3 SYSTEMPATH\CodeIgniter.php(366): CodeIgniter\CodeIgniter->handleRequest(null, Object(Config\Cache), false)
 4 FCPATH\index.php(67): CodeIgniter\CodeIgniter->run()
WARNING - 2023-10-26 03:33:03 --> [DEPRECATED] Creation of dynamic property App\Controllers\Data::$ModelDataDetail is deprecated in APPPATH\Controllers\Data.php on line 22.
 1 SYSTEMPATH\CodeIgniter.php(904): App\Controllers\Data->__construct()
 2 SYSTEMPATH\CodeIgniter.php(488): CodeIgniter\CodeIgniter->createController()
 3 SYSTEMPATH\CodeIgniter.php(366): CodeIgniter\CodeIgniter->handleRequest(null, Object(Config\Cache), false)
 4 FCPATH\index.php(67): CodeIgniter\CodeIgniter->run()
WARNING - 2023-10-26 03:33:03 --> [DEPRECATED] Creation of dynamic property App\Controllers\Data::$ModelSkill is deprecated in APPPATH\Controllers\Data.php on line 23.
 1 SYSTEMPATH\CodeIgniter.php(904): App\Controllers\Data->__construct()
 2 SYSTEMPATH\CodeIgniter.php(488): CodeIgniter\CodeIgniter->createController()
 3 SYSTEMPATH\CodeIgniter.php(366): CodeIgniter\CodeIgniter->handleRequest(null, Object(Config\Cache), false)
 4 FCPATH\index.php(67): CodeIgniter\CodeIgniter->run()
WARNING - 2023-10-26 03:33:03 --> [DEPRECATED] Creation of dynamic property App\Controllers\Data::$ModelData is deprecated in APPPATH\Controllers\Data.php on line 18.
 1 SYSTEMPATH\CodeIgniter.php(904): App\Controllers\Data->__construct()
 2 SYSTEMPATH\CodeIgniter.php(488): CodeIgniter\CodeIgniter->createController()
 3 SYSTEMPATH\CodeIgniter.php(366): CodeIgniter\CodeIgniter->handleRequest(null, Object(Config\Cache), false)
 4 FCPATH\index.php(67): CodeIgniter\CodeIgniter->run()
WARNING - 2023-10-26 03:33:03 --> [DEPRECATED] Creation of dynamic property App\Controllers\Data::$ModelDataSkill is deprecated in APPPATH\Controllers\Data.php on line 19.
 1 SYSTEMPATH\CodeIgniter.php(904): App\Controllers\Data->__construct()
 2 SYSTEMPATH\CodeIgniter.php(488): CodeIgniter\CodeIgniter->createController()
 3 SYSTEMPATH\CodeIgniter.php(366): CodeIgniter\CodeIgniter->handleRequest(null, Object(Config\Cache), false)
 4 FCPATH\index.php(67): CodeIgniter\CodeIgniter->run()
WARNING - 2023-10-26 03:33:03 --> [DEPRECATED] Creation of dynamic property App\Controllers\Data::$ModelPegawai is deprecated in APPPATH\Controllers\Data.php on line 20.
 1 SYSTEMPATH\CodeIgniter.php(904): App\Controllers\Data->__construct()
 2 SYSTEMPATH\CodeIgniter.php(488): CodeIgniter\CodeIgniter->createController()
 3 SYSTEMPATH\CodeIgniter.php(366): CodeIgniter\CodeIgniter->handleRequest(null, Object(Config\Cache), false)
 4 FCPATH\index.php(67): CodeIgniter\CodeIgniter->run()
WARNING - 2023-10-26 03:33:03 --> [DEPRECATED] Creation of dynamic property App\Controllers\Data::$ModelUnit is deprecated in APPPATH\Controllers\Data.php on line 21.
 1 SYSTEMPATH\CodeIgniter.php(904): App\Controllers\Data->__construct()
 2 SYSTEMPATH\CodeIgniter.php(488): CodeIgniter\CodeIgniter->createController()
 3 SYSTEMPATH\CodeIgniter.php(366): CodeIgniter\CodeIgniter->handleRequest(null, Object(Config\Cache), false)
 4 FCPATH\index.php(67): CodeIgniter\CodeIgniter->run()
WARNING - 2023-10-26 03:33:03 --> [DEPRECATED] Creation of dynamic property App\Controllers\Data::$ModelDataDetail is deprecated in APPPATH\Controllers\Data.php on line 22.
 1 SYSTEMPATH\CodeIgniter.php(904): App\Controllers\Data->__construct()
 2 SYSTEMPATH\CodeIgniter.php(488): CodeIgniter\CodeIgniter->createController()
 3 SYSTEMPATH\CodeIgniter.php(366): CodeIgniter\CodeIgniter->handleRequest(null, Object(Config\Cache), false)
 4 FCPATH\index.php(67): CodeIgniter\CodeIgniter->run()
WARNING - 2023-10-26 03:33:03 --> [DEPRECATED] Creation of dynamic property App\Controllers\Data::$ModelSkill is deprecated in APPPATH\Controllers\Data.php on line 23.
 1 SYSTEMPATH\CodeIgniter.php(904): App\Controllers\Data->__construct()
 2 SYSTEMPATH\CodeIgniter.php(488): CodeIgniter\CodeIgniter->createController()
 3 SYSTEMPATH\CodeIgniter.php(366): CodeIgniter\CodeIgniter->handleRequest(null, Object(Config\Cache), false)
 4 FCPATH\index.php(67): CodeIgniter\CodeIgniter->run()
INFO - 2023-10-26 05:52:16 --> Session: Class initialized using 'CodeIgniter\Session\Handlers\FileHandler' driver.
INFO - 2023-10-26 05:52:16 --> Session: Class initialized using 'CodeIgniter\Session\Handlers\FileHandler' driver.
WARNING - 2023-10-26 05:52:16 --> [DEPRECATED] Creation of dynamic property App\Controllers\Auth::$ModelAuth is deprecated in APPPATH\Controllers\Auth.php on line 14.
 1 SYSTEMPATH\CodeIgniter.php(904): App\Controllers\Auth->__construct()
 2 SYSTEMPATH\CodeIgniter.php(488): CodeIgniter\CodeIgniter->createController()
 3 SYSTEMPATH\CodeIgniter.php(366): CodeIgniter\CodeIgniter->handleRequest(null, Object(Config\Cache), false)
 4 FCPATH\index.php(67): CodeIgniter\CodeIgniter->run()
WARNING - 2023-10-26 05:52:17 --> [DEPRECATED] Creation of dynamic property App\Controllers\Auth::$ModelAuth is deprecated in APPPATH\Controllers\Auth.php on line 14.
 1 SYSTEMPATH\CodeIgniter.php(904): App\Controllers\Auth->__construct()
 2 SYSTEMPATH\CodeIgniter.php(488): CodeIgniter\CodeIgniter->createController()
 3 SYSTEMPATH\CodeIgniter.php(366): CodeIgniter\CodeIgniter->handleRequest(null, Object(Config\Cache), false)
 4 FCPATH\index.php(67): CodeIgniter\CodeIgniter->run()
INFO - 2023-10-26 05:52:18 --> Session: Class initialized using 'CodeIgniter\Session\Handlers\FileHandler' driver.
INFO - 2023-10-26 05:52:18 --> Session: Class initialized using 'CodeIgniter\Session\Handlers\FileHandler' driver.
WARNING - 2023-10-26 05:52:18 --> [DEPRECATED] Creation of dynamic property App\Controllers\Data::$ModelData is deprecated in APPPATH\Controllers\Data.php on line 18.
 1 SYSTEMPATH\CodeIgniter.php(904): App\Controllers\Data->__construct()
 2 SYSTEMPATH\CodeIgniter.php(488): CodeIgniter\CodeIgniter->createController()
 3 SYSTEMPATH\CodeIgniter.php(366): CodeIgniter\CodeIgniter->handleRequest(null, Object(Config\Cache), false)
 4 FCPATH\index.php(67): CodeIgniter\CodeIgniter->run()
WARNING - 2023-10-26 05:52:18 --> [DEPRECATED] Creation of dynamic property App\Controllers\Data::$ModelDataSkill is deprecated in APPPATH\Controllers\Data.php on line 19.
 1 SYSTEMPATH\CodeIgniter.php(904): App\Controllers\Data->__construct()
 2 SYSTEMPATH\CodeIgniter.php(488): CodeIgniter\CodeIgniter->createController()
 3 SYSTEMPATH\CodeIgniter.php(366): CodeIgniter\CodeIgniter->handleRequest(null, Object(Config\Cache), false)
 4 FCPATH\index.php(67): CodeIgniter\CodeIgniter->run()
WARNING - 2023-10-26 05:52:18 --> [DEPRECATED] Creation of dynamic property App\Controllers\Data::$ModelPegawai is deprecated in APPPATH\Controllers\Data.php on line 20.
 1 SYSTEMPATH\CodeIgniter.php(904): App\Controllers\Data->__construct()
 2 SYSTEMPATH\CodeIgniter.php(488): CodeIgniter\CodeIgniter->createController()
 3 SYSTEMPATH\CodeIgniter.php(366): CodeIgniter\CodeIgniter->handleRequest(null, Object(Config\Cache), false)
 4 FCPATH\index.php(67): CodeIgniter\CodeIgniter->run()
WARNING - 2023-10-26 05:52:18 --> [DEPRECATED] Creation of dynamic property App\Controllers\Data::$ModelUnit is deprecated in APPPATH\Controllers\Data.php on line 21.
 1 SYSTEMPATH\CodeIgniter.php(904): App\Controllers\Data->__construct()
 2 SYSTEMPATH\CodeIgniter.php(488): CodeIgniter\CodeIgniter->createController()
 3 SYSTEMPATH\CodeIgniter.php(366): CodeIgniter\CodeIgniter->handleRequest(null, Object(Config\Cache), false)
 4 FCPATH\index.php(67): CodeIgniter\CodeIgniter->run()
WARNING - 2023-10-26 05:52:18 --> [DEPRECATED] Creation of dynamic property App\Controllers\Data::$ModelDataDetail is deprecated in APPPATH\Controllers\Data.php on line 22.
 1 SYSTEMPATH\CodeIgniter.php(904): App\Controllers\Data->__construct()
 2 SYSTEMPATH\CodeIgniter.php(488): CodeIgniter\CodeIgniter->createController()
 3 SYSTEMPATH\CodeIgniter.php(366): CodeIgniter\CodeIgniter->handleRequest(null, Object(Config\Cache), false)
 4 FCPATH\index.php(67): CodeIgniter\CodeIgniter->run()
WARNING - 2023-10-26 05:52:18 --> [DEPRECATED] Creation of dynamic property App\Controllers\Data::$ModelSkill is deprecated in APPPATH\Controllers\Data.php on line 23.
 1 SYSTEMPATH\CodeIgniter.php(904): App\Controllers\Data->__construct()
 2 SYSTEMPATH\CodeIgniter.php(488): CodeIgniter\CodeIgniter->createController()
 3 SYSTEMPATH\CodeIgniter.php(366): CodeIgniter\CodeIgniter->handleRequest(null, Object(Config\Cache), false)
 4 FCPATH\index.php(67): CodeIgniter\CodeIgniter->run()
WARNING - 2023-10-26 05:52:18 --> [DEPRECATED] Creation of dynamic property App\Controllers\Data::$ModelData is deprecated in APPPATH\Controllers\Data.php on line 18.
 1 SYSTEMPATH\CodeIgniter.php(904): App\Controllers\Data->__construct()
 2 SYSTEMPATH\CodeIgniter.php(488): CodeIgniter\CodeIgniter->createController()
 3 SYSTEMPATH\CodeIgniter.php(366): CodeIgniter\CodeIgniter->handleRequest(null, Object(Config\Cache), false)
 4 FCPATH\index.php(67): CodeIgniter\CodeIgniter->run()
WARNING - 2023-10-26 05:52:18 --> [DEPRECATED] Creation of dynamic property App\Controllers\Data::$ModelDataSkill is deprecated in APPPATH\Controllers\Data.php on line 19.
 1 SYSTEMPATH\CodeIgniter.php(904): App\Controllers\Data->__construct()
 2 SYSTEMPATH\CodeIgniter.php(488): CodeIgniter\CodeIgniter->createController()
 3 SYSTEMPATH\CodeIgniter.php(366): CodeIgniter\CodeIgniter->handleRequest(null, Object(Config\Cache), false)
 4 FCPATH\index.php(67): CodeIgniter\CodeIgniter->run()
WARNING - 2023-10-26 05:52:18 --> [DEPRECATED] Creation of dynamic property App\Controllers\Data::$ModelPegawai is deprecated in APPPATH\Controllers\Data.php on line 20.
 1 SYSTEMPATH\CodeIgniter.php(904): App\Controllers\Data->__construct()
 2 SYSTEMPATH\CodeIgniter.php(488): CodeIgniter\CodeIgniter->createController()
 3 SYSTEMPATH\CodeIgniter.php(366): CodeIgniter\CodeIgniter->handleRequest(null, Object(Config\Cache), false)
 4 FCPATH\index.php(67): CodeIgniter\CodeIgniter->run()
WARNING - 2023-10-26 05:52:18 --> [DEPRECATED] Creation of dynamic property App\Controllers\Data::$ModelUnit is deprecated in APPPATH\Controllers\Data.php on line 21.
 1 SYSTEMPATH\CodeIgniter.php(904): App\Controllers\Data->__construct()
 2 SYSTEMPATH\CodeIgniter.php(488): CodeIgniter\CodeIgniter->createController()
 3 SYSTEMPATH\CodeIgniter.php(366): CodeIgniter\CodeIgniter->handleRequest(null, Object(Config\Cache), false)
 4 FCPATH\index.php(67): CodeIgniter\CodeIgniter->run()
WARNING - 2023-10-26 05:52:18 --> [DEPRECATED] Creation of dynamic property App\Controllers\Data::$ModelDataDetail is deprecated in APPPATH\Controllers\Data.php on line 22.
 1 SYSTEMPATH\CodeIgniter.php(904): App\Controllers\Data->__construct()
 2 SYSTEMPATH\CodeIgniter.php(488): CodeIgniter\CodeIgniter->createController()
 3 SYSTEMPATH\CodeIgniter.php(366): CodeIgniter\CodeIgniter->handleRequest(null, Object(Config\Cache), false)
 4 FCPATH\index.php(67): CodeIgniter\CodeIgniter->run()
WARNING - 2023-10-26 05:52:18 --> [DEPRECATED] Creation of dynamic property App\Controllers\Data::$ModelSkill is deprecated in APPPATH\Controllers\Data.php on line 23.
 1 SYSTEMPATH\CodeIgniter.php(904): App\Controllers\Data->__construct()
 2 SYSTEMPATH\CodeIgniter.php(488): CodeIgniter\CodeIgniter->createController()
 3 SYSTEMPATH\CodeIgniter.php(366): CodeIgniter\CodeIgniter->handleRequest(null, Object(Config\Cache), false)
 4 FCPATH\index.php(67): CodeIgniter\CodeIgniter->run()
INFO - 2023-10-26 05:52:23 --> Session: Class initialized using 'CodeIgniter\Session\Handlers\FileHandler' driver.
WARNING - 2023-10-26 05:52:23 --> [DEPRECATED] Creation of dynamic property App\Controllers\Boscu::$ModelBoscu is deprecated in APPPATH\Controllers\Boscu.php on line 13.
 1 SYSTEMPATH\CodeIgniter.php(904): App\Controllers\Boscu->__construct()
 2 SYSTEMPATH\CodeIgniter.php(488): CodeIgniter\CodeIgniter->createController()
 3 SYSTEMPATH\CodeIgniter.php(366): CodeIgniter\CodeIgniter->handleRequest(null, Object(Config\Cache), false)
 4 FCPATH\index.php(67): CodeIgniter\CodeIgniter->run()
WARNING - 2023-10-26 05:52:24 --> [DEPRECATED] Creation of dynamic property App\Controllers\Boscu::$ModelBoscu is deprecated in APPPATH\Controllers\Boscu.php on line 13.
 1 SYSTEMPATH\CodeIgniter.php(904): App\Controllers\Boscu->__construct()
 2 SYSTEMPATH\CodeIgniter.php(488): CodeIgniter\CodeIgniter->createController()
 3 SYSTEMPATH\CodeIgniter.php(366): CodeIgniter\CodeIgniter->handleRequest(null, Object(Config\Cache), false)
 4 FCPATH\index.php(67): CodeIgniter\CodeIgniter->run()
