INFO - 2023-08-13 22:58:44 --> Session: Class initialized using 'CodeIgniter\Session\Handlers\FileHandler' driver.
INFO - 2023-08-13 22:58:44 --> Session: Class initialized using 'CodeIgniter\Session\Handlers\FileHandler' driver.
WARNING - 2023-08-13 22:58:44 --> [DEPRECATED] Creation of dynamic property App\Controllers\Auth::$ModelAuth is deprecated in APPPATH\Controllers\Auth.php on line 14.
 1 SYSTEMPATH\CodeIgniter.php(904): App\Controllers\Auth->__construct()
 2 SYSTEMPATH\CodeIgniter.php(488): CodeIgniter\CodeIgniter->createController()
 3 SYSTEMPATH\CodeIgniter.php(366): CodeIgniter\CodeIgniter->handleRequest(null, Object(Config\Cache), false)
 4 FCPATH\index.php(67): CodeIgniter\CodeIgniter->run()
WARNING - 2023-08-13 22:58:48 --> [DEPRECATED] Creation of dynamic property App\Controllers\Auth::$ModelAuth is deprecated in APPPATH\Controllers\Auth.php on line 14.
 1 SYSTEMPATH\CodeIgniter.php(904): App\Controllers\Auth->__construct()
 2 SYSTEMPATH\CodeIgniter.php(488): CodeIgniter\CodeIgniter->createController()
 3 SYSTEMPATH\CodeIgniter.php(366): CodeIgniter\CodeIgniter->handleRequest(null, Object(Config\Cache), false)
 4 FCPATH\index.php(67): CodeIgniter\CodeIgniter->run()
INFO - 2023-08-13 22:58:48 --> Session: Class initialized using 'CodeIgniter\Session\Handlers\FileHandler' driver.
INFO - 2023-08-13 22:58:48 --> Session: Class initialized using 'CodeIgniter\Session\Handlers\FileHandler' driver.
INFO - 2023-08-13 22:58:52 --> Session: Class initialized using 'CodeIgniter\Session\Handlers\FileHandler' driver.
WARNING - 2023-08-13 22:58:52 --> [DEPRECATED] Creation of dynamic property App\Controllers\Data::$ModelData is deprecated in APPPATH\Controllers\Data.php on line 12.
 1 SYSTEMPATH\CodeIgniter.php(904): App\Controllers\Data->__construct()
 2 SYSTEMPATH\CodeIgniter.php(488): CodeIgniter\CodeIgniter->createController()
 3 SYSTEMPATH\CodeIgniter.php(366): CodeIgniter\CodeIgniter->handleRequest(null, Object(Config\Cache), false)
 4 FCPATH\index.php(67): CodeIgniter\CodeIgniter->run()
WARNING - 2023-08-13 22:58:53 --> [DEPRECATED] Creation of dynamic property App\Controllers\Data::$ModelData is deprecated in APPPATH\Controllers\Data.php on line 12.
 1 SYSTEMPATH\CodeIgniter.php(904): App\Controllers\Data->__construct()
 2 SYSTEMPATH\CodeIgniter.php(488): CodeIgniter\CodeIgniter->createController()
 3 SYSTEMPATH\CodeIgniter.php(366): CodeIgniter\CodeIgniter->handleRequest(null, Object(Config\Cache), false)
 4 FCPATH\index.php(67): CodeIgniter\CodeIgniter->run()
INFO - 2023-08-13 23:00:17 --> Session: Class initialized using 'CodeIgniter\Session\Handlers\FileHandler' driver.
WARNING - 2023-08-13 23:00:17 --> [DEPRECATED] Creation of dynamic property App\Controllers\Data::$ModelData is deprecated in APPPATH\Controllers\Data.php on line 12.
 1 SYSTEMPATH\CodeIgniter.php(904): App\Controllers\Data->__construct()
 2 SYSTEMPATH\CodeIgniter.php(488): CodeIgniter\CodeIgniter->createController()
 3 SYSTEMPATH\CodeIgniter.php(366): CodeIgniter\CodeIgniter->handleRequest(null, Object(Config\Cache), false)
 4 FCPATH\index.php(67): CodeIgniter\CodeIgniter->run()
WARNING - 2023-08-13 23:00:18 --> [DEPRECATED] Creation of dynamic property App\Controllers\Data::$ModelData is deprecated in APPPATH\Controllers\Data.php on line 12.
 1 SYSTEMPATH\CodeIgniter.php(904): App\Controllers\Data->__construct()
 2 SYSTEMPATH\CodeIgniter.php(488): CodeIgniter\CodeIgniter->createController()
 3 SYSTEMPATH\CodeIgniter.php(366): CodeIgniter\CodeIgniter->handleRequest(null, Object(Config\Cache), false)
 4 FCPATH\index.php(67): CodeIgniter\CodeIgniter->run()
INFO - 2023-08-13 23:02:39 --> Session: Class initialized using 'CodeIgniter\Session\Handlers\FileHandler' driver.
WARNING - 2023-08-13 23:02:39 --> [DEPRECATED] Creation of dynamic property App\Controllers\Data::$ModelData is deprecated in APPPATH\Controllers\Data.php on line 12.
 1 SYSTEMPATH\CodeIgniter.php(904): App\Controllers\Data->__construct()
 2 SYSTEMPATH\CodeIgniter.php(488): CodeIgniter\CodeIgniter->createController()
 3 SYSTEMPATH\CodeIgniter.php(366): CodeIgniter\CodeIgniter->handleRequest(null, Object(Config\Cache), false)
 4 FCPATH\index.php(67): CodeIgniter\CodeIgniter->run()
WARNING - 2023-08-13 23:02:40 --> [DEPRECATED] Creation of dynamic property App\Controllers\Data::$ModelData is deprecated in APPPATH\Controllers\Data.php on line 12.
 1 SYSTEMPATH\CodeIgniter.php(904): App\Controllers\Data->__construct()
 2 SYSTEMPATH\CodeIgniter.php(488): CodeIgniter\CodeIgniter->createController()
 3 SYSTEMPATH\CodeIgniter.php(366): CodeIgniter\CodeIgniter->handleRequest(null, Object(Config\Cache), false)
 4 FCPATH\index.php(67): CodeIgniter\CodeIgniter->run()
INFO - 2023-08-13 23:03:02 --> Session: Class initialized using 'CodeIgniter\Session\Handlers\FileHandler' driver.
WARNING - 2023-08-13 23:03:02 --> [DEPRECATED] Creation of dynamic property App\Controllers\Data::$ModelData is deprecated in APPPATH\Controllers\Data.php on line 12.
 1 SYSTEMPATH\CodeIgniter.php(904): App\Controllers\Data->__construct()
 2 SYSTEMPATH\CodeIgniter.php(488): CodeIgniter\CodeIgniter->createController()
 3 SYSTEMPATH\CodeIgniter.php(366): CodeIgniter\CodeIgniter->handleRequest(null, Object(Config\Cache), false)
 4 FCPATH\index.php(67): CodeIgniter\CodeIgniter->run()
WARNING - 2023-08-13 23:03:02 --> [DEPRECATED] Creation of dynamic property App\Controllers\Data::$ModelData is deprecated in APPPATH\Controllers\Data.php on line 12.
 1 SYSTEMPATH\CodeIgniter.php(904): App\Controllers\Data->__construct()
 2 SYSTEMPATH\CodeIgniter.php(488): CodeIgniter\CodeIgniter->createController()
 3 SYSTEMPATH\CodeIgniter.php(366): CodeIgniter\CodeIgniter->handleRequest(null, Object(Config\Cache), false)
 4 FCPATH\index.php(67): CodeIgniter\CodeIgniter->run()
INFO - 2023-08-13 23:03:05 --> Session: Class initialized using 'CodeIgniter\Session\Handlers\FileHandler' driver.
WARNING - 2023-08-13 23:03:05 --> [DEPRECATED] Creation of dynamic property App\Controllers\Data::$ModelData is deprecated in APPPATH\Controllers\Data.php on line 12.
 1 SYSTEMPATH\CodeIgniter.php(904): App\Controllers\Data->__construct()
 2 SYSTEMPATH\CodeIgniter.php(488): CodeIgniter\CodeIgniter->createController()
 3 SYSTEMPATH\CodeIgniter.php(366): CodeIgniter\CodeIgniter->handleRequest(null, Object(Config\Cache), false)
 4 FCPATH\index.php(67): CodeIgniter\CodeIgniter->run()
INFO - 2023-08-13 23:03:06 --> Session: Class initialized using 'CodeIgniter\Session\Handlers\FileHandler' driver.
WARNING - 2023-08-13 23:03:06 --> [DEPRECATED] Creation of dynamic property App\Controllers\Data::$ModelData is deprecated in APPPATH\Controllers\Data.php on line 12.
 1 SYSTEMPATH\CodeIgniter.php(904): App\Controllers\Data->__construct()
 2 SYSTEMPATH\CodeIgniter.php(488): CodeIgniter\CodeIgniter->createController()
 3 SYSTEMPATH\CodeIgniter.php(366): CodeIgniter\CodeIgniter->handleRequest(null, Object(Config\Cache), false)
 4 FCPATH\index.php(67): CodeIgniter\CodeIgniter->run()
INFO - 2023-08-13 23:03:08 --> Session: Class initialized using 'CodeIgniter\Session\Handlers\FileHandler' driver.
WARNING - 2023-08-13 23:03:08 --> [DEPRECATED] Creation of dynamic property App\Controllers\Data::$ModelData is deprecated in APPPATH\Controllers\Data.php on line 12.
 1 SYSTEMPATH\CodeIgniter.php(904): App\Controllers\Data->__construct()
 2 SYSTEMPATH\CodeIgniter.php(488): CodeIgniter\CodeIgniter->createController()
 3 SYSTEMPATH\CodeIgniter.php(366): CodeIgniter\CodeIgniter->handleRequest(null, Object(Config\Cache), false)
 4 FCPATH\index.php(67): CodeIgniter\CodeIgniter->run()
WARNING - 2023-08-13 23:03:08 --> [DEPRECATED] Creation of dynamic property App\Controllers\Data::$ModelData is deprecated in APPPATH\Controllers\Data.php on line 12.
 1 SYSTEMPATH\CodeIgniter.php(904): App\Controllers\Data->__construct()
 2 SYSTEMPATH\CodeIgniter.php(488): CodeIgniter\CodeIgniter->createController()
 3 SYSTEMPATH\CodeIgniter.php(366): CodeIgniter\CodeIgniter->handleRequest(null, Object(Config\Cache), false)
 4 FCPATH\index.php(67): CodeIgniter\CodeIgniter->run()
INFO - 2023-08-13 23:03:37 --> Session: Class initialized using 'CodeIgniter\Session\Handlers\FileHandler' driver.
WARNING - 2023-08-13 23:03:37 --> [DEPRECATED] Creation of dynamic property App\Controllers\Data::$ModelData is deprecated in APPPATH\Controllers\Data.php on line 12.
 1 SYSTEMPATH\CodeIgniter.php(904): App\Controllers\Data->__construct()
 2 SYSTEMPATH\CodeIgniter.php(488): CodeIgniter\CodeIgniter->createController()
 3 SYSTEMPATH\CodeIgniter.php(366): CodeIgniter\CodeIgniter->handleRequest(null, Object(Config\Cache), false)
 4 FCPATH\index.php(67): CodeIgniter\CodeIgniter->run()
WARNING - 2023-08-13 23:03:37 --> [DEPRECATED] Creation of dynamic property App\Controllers\Data::$ModelData is deprecated in APPPATH\Controllers\Data.php on line 12.
 1 SYSTEMPATH\CodeIgniter.php(904): App\Controllers\Data->__construct()
 2 SYSTEMPATH\CodeIgniter.php(488): CodeIgniter\CodeIgniter->createController()
 3 SYSTEMPATH\CodeIgniter.php(366): CodeIgniter\CodeIgniter->handleRequest(null, Object(Config\Cache), false)
 4 FCPATH\index.php(67): CodeIgniter\CodeIgniter->run()
INFO - 2023-08-13 23:03:38 --> Session: Class initialized using 'CodeIgniter\Session\Handlers\FileHandler' driver.
WARNING - 2023-08-13 23:03:38 --> [DEPRECATED] Creation of dynamic property App\Controllers\Data::$ModelData is deprecated in APPPATH\Controllers\Data.php on line 12.
 1 SYSTEMPATH\CodeIgniter.php(904): App\Controllers\Data->__construct()
 2 SYSTEMPATH\CodeIgniter.php(488): CodeIgniter\CodeIgniter->createController()
 3 SYSTEMPATH\CodeIgniter.php(366): CodeIgniter\CodeIgniter->handleRequest(null, Object(Config\Cache), false)
 4 FCPATH\index.php(67): CodeIgniter\CodeIgniter->run()
INFO - 2023-08-13 23:03:39 --> Session: Class initialized using 'CodeIgniter\Session\Handlers\FileHandler' driver.
WARNING - 2023-08-13 23:03:39 --> [DEPRECATED] Creation of dynamic property App\Controllers\Data::$ModelData is deprecated in APPPATH\Controllers\Data.php on line 12.
 1 SYSTEMPATH\CodeIgniter.php(904): App\Controllers\Data->__construct()
 2 SYSTEMPATH\CodeIgniter.php(488): CodeIgniter\CodeIgniter->createController()
 3 SYSTEMPATH\CodeIgniter.php(366): CodeIgniter\CodeIgniter->handleRequest(null, Object(Config\Cache), false)
 4 FCPATH\index.php(67): CodeIgniter\CodeIgniter->run()
INFO - 2023-08-13 23:03:54 --> Session: Class initialized using 'CodeIgniter\Session\Handlers\FileHandler' driver.
WARNING - 2023-08-13 23:03:54 --> [DEPRECATED] Creation of dynamic property App\Controllers\Data::$ModelData is deprecated in APPPATH\Controllers\Data.php on line 12.
 1 SYSTEMPATH\CodeIgniter.php(904): App\Controllers\Data->__construct()
 2 SYSTEMPATH\CodeIgniter.php(488): CodeIgniter\CodeIgniter->createController()
 3 SYSTEMPATH\CodeIgniter.php(366): CodeIgniter\CodeIgniter->handleRequest(null, Object(Config\Cache), false)
 4 FCPATH\index.php(67): CodeIgniter\CodeIgniter->run()
WARNING - 2023-08-13 23:03:54 --> [DEPRECATED] Creation of dynamic property App\Controllers\Data::$ModelData is deprecated in APPPATH\Controllers\Data.php on line 12.
 1 SYSTEMPATH\CodeIgniter.php(904): App\Controllers\Data->__construct()
 2 SYSTEMPATH\CodeIgniter.php(488): CodeIgniter\CodeIgniter->createController()
 3 SYSTEMPATH\CodeIgniter.php(366): CodeIgniter\CodeIgniter->handleRequest(null, Object(Config\Cache), false)
 4 FCPATH\index.php(67): CodeIgniter\CodeIgniter->run()
INFO - 2023-08-13 23:03:56 --> Session: Class initialized using 'CodeIgniter\Session\Handlers\FileHandler' driver.
WARNING - 2023-08-13 23:03:56 --> [DEPRECATED] Creation of dynamic property App\Controllers\Data::$ModelData is deprecated in APPPATH\Controllers\Data.php on line 12.
 1 SYSTEMPATH\CodeIgniter.php(904): App\Controllers\Data->__construct()
 2 SYSTEMPATH\CodeIgniter.php(488): CodeIgniter\CodeIgniter->createController()
 3 SYSTEMPATH\CodeIgniter.php(366): CodeIgniter\CodeIgniter->handleRequest(null, Object(Config\Cache), false)
 4 FCPATH\index.php(67): CodeIgniter\CodeIgniter->run()
WARNING - 2023-08-13 23:03:56 --> [DEPRECATED] Creation of dynamic property App\Controllers\Data::$ModelData is deprecated in APPPATH\Controllers\Data.php on line 12.
 1 SYSTEMPATH\CodeIgniter.php(904): App\Controllers\Data->__construct()
 2 SYSTEMPATH\CodeIgniter.php(488): CodeIgniter\CodeIgniter->createController()
 3 SYSTEMPATH\CodeIgniter.php(366): CodeIgniter\CodeIgniter->handleRequest(null, Object(Config\Cache), false)
 4 FCPATH\index.php(67): CodeIgniter\CodeIgniter->run()
INFO - 2023-08-13 23:04:01 --> Session: Class initialized using 'CodeIgniter\Session\Handlers\FileHandler' driver.
WARNING - 2023-08-13 23:04:01 --> [DEPRECATED] Creation of dynamic property App\Controllers\Data::$ModelData is deprecated in APPPATH\Controllers\Data.php on line 12.
 1 SYSTEMPATH\CodeIgniter.php(904): App\Controllers\Data->__construct()
 2 SYSTEMPATH\CodeIgniter.php(488): CodeIgniter\CodeIgniter->createController()
 3 SYSTEMPATH\CodeIgniter.php(366): CodeIgniter\CodeIgniter->handleRequest(null, Object(Config\Cache), false)
 4 FCPATH\index.php(67): CodeIgniter\CodeIgniter->run()
WARNING - 2023-08-13 23:04:01 --> [DEPRECATED] Creation of dynamic property App\Controllers\Data::$ModelData is deprecated in APPPATH\Controllers\Data.php on line 12.
 1 SYSTEMPATH\CodeIgniter.php(904): App\Controllers\Data->__construct()
 2 SYSTEMPATH\CodeIgniter.php(488): CodeIgniter\CodeIgniter->createController()
 3 SYSTEMPATH\CodeIgniter.php(366): CodeIgniter\CodeIgniter->handleRequest(null, Object(Config\Cache), false)
 4 FCPATH\index.php(67): CodeIgniter\CodeIgniter->run()
INFO - 2023-08-13 23:04:08 --> Session: Class initialized using 'CodeIgniter\Session\Handlers\FileHandler' driver.
INFO - 2023-08-13 23:04:08 --> Session: Class initialized using 'CodeIgniter\Session\Handlers\FileHandler' driver.
WARNING - 2023-08-13 23:04:09 --> [DEPRECATED] Creation of dynamic property App\Controllers\Auth::$ModelAuth is deprecated in APPPATH\Controllers\Auth.php on line 14.
 1 SYSTEMPATH\CodeIgniter.php(904): App\Controllers\Auth->__construct()
 2 SYSTEMPATH\CodeIgniter.php(488): CodeIgniter\CodeIgniter->createController()
 3 SYSTEMPATH\CodeIgniter.php(366): CodeIgniter\CodeIgniter->handleRequest(null, Object(Config\Cache), false)
 4 FCPATH\index.php(67): CodeIgniter\CodeIgniter->run()
WARNING - 2023-08-13 23:04:12 --> [DEPRECATED] Creation of dynamic property App\Controllers\Auth::$ModelAuth is deprecated in APPPATH\Controllers\Auth.php on line 14.
 1 SYSTEMPATH\CodeIgniter.php(904): App\Controllers\Auth->__construct()
 2 SYSTEMPATH\CodeIgniter.php(488): CodeIgniter\CodeIgniter->createController()
 3 SYSTEMPATH\CodeIgniter.php(366): CodeIgniter\CodeIgniter->handleRequest(null, Object(Config\Cache), false)
 4 FCPATH\index.php(67): CodeIgniter\CodeIgniter->run()
INFO - 2023-08-13 23:04:12 --> Session: Class initialized using 'CodeIgniter\Session\Handlers\FileHandler' driver.
INFO - 2023-08-13 23:04:12 --> Session: Class initialized using 'CodeIgniter\Session\Handlers\FileHandler' driver.
INFO - 2023-08-13 23:04:15 --> Session: Class initialized using 'CodeIgniter\Session\Handlers\FileHandler' driver.
WARNING - 2023-08-13 23:04:15 --> [DEPRECATED] Creation of dynamic property App\Controllers\Data::$ModelData is deprecated in APPPATH\Controllers\Data.php on line 12.
 1 SYSTEMPATH\CodeIgniter.php(904): App\Controllers\Data->__construct()
 2 SYSTEMPATH\CodeIgniter.php(488): CodeIgniter\CodeIgniter->createController()
 3 SYSTEMPATH\CodeIgniter.php(366): CodeIgniter\CodeIgniter->handleRequest(null, Object(Config\Cache), false)
 4 FCPATH\index.php(67): CodeIgniter\CodeIgniter->run()
WARNING - 2023-08-13 23:04:16 --> [DEPRECATED] Creation of dynamic property App\Controllers\Data::$ModelData is deprecated in APPPATH\Controllers\Data.php on line 12.
 1 SYSTEMPATH\CodeIgniter.php(904): App\Controllers\Data->__construct()
 2 SYSTEMPATH\CodeIgniter.php(488): CodeIgniter\CodeIgniter->createController()
 3 SYSTEMPATH\CodeIgniter.php(366): CodeIgniter\CodeIgniter->handleRequest(null, Object(Config\Cache), false)
 4 FCPATH\index.php(67): CodeIgniter\CodeIgniter->run()
INFO - 2023-08-13 23:04:30 --> Session: Class initialized using 'CodeIgniter\Session\Handlers\FileHandler' driver.
WARNING - 2023-08-13 23:04:30 --> [DEPRECATED] Creation of dynamic property App\Controllers\Data::$ModelData is deprecated in APPPATH\Controllers\Data.php on line 12.
 1 SYSTEMPATH\CodeIgniter.php(904): App\Controllers\Data->__construct()
 2 SYSTEMPATH\CodeIgniter.php(488): CodeIgniter\CodeIgniter->createController()
 3 SYSTEMPATH\CodeIgniter.php(366): CodeIgniter\CodeIgniter->handleRequest(null, Object(Config\Cache), false)
 4 FCPATH\index.php(67): CodeIgniter\CodeIgniter->run()
WARNING - 2023-08-13 23:04:31 --> [DEPRECATED] Creation of dynamic property App\Controllers\Data::$ModelData is deprecated in APPPATH\Controllers\Data.php on line 12.
 1 SYSTEMPATH\CodeIgniter.php(904): App\Controllers\Data->__construct()
 2 SYSTEMPATH\CodeIgniter.php(488): CodeIgniter\CodeIgniter->createController()
 3 SYSTEMPATH\CodeIgniter.php(366): CodeIgniter\CodeIgniter->handleRequest(null, Object(Config\Cache), false)
 4 FCPATH\index.php(67): CodeIgniter\CodeIgniter->run()
INFO - 2023-08-13 23:05:26 --> Session: Class initialized using 'CodeIgniter\Session\Handlers\FileHandler' driver.
WARNING - 2023-08-13 23:05:26 --> [DEPRECATED] Creation of dynamic property App\Controllers\Data::$ModelData is deprecated in APPPATH\Controllers\Data.php on line 12.
 1 SYSTEMPATH\CodeIgniter.php(904): App\Controllers\Data->__construct()
 2 SYSTEMPATH\CodeIgniter.php(488): CodeIgniter\CodeIgniter->createController()
 3 SYSTEMPATH\CodeIgniter.php(366): CodeIgniter\CodeIgniter->handleRequest(null, Object(Config\Cache), false)
 4 FCPATH\index.php(67): CodeIgniter\CodeIgniter->run()
WARNING - 2023-08-13 23:05:27 --> [DEPRECATED] Creation of dynamic property App\Controllers\Data::$ModelData is deprecated in APPPATH\Controllers\Data.php on line 12.
 1 SYSTEMPATH\CodeIgniter.php(904): App\Controllers\Data->__construct()
 2 SYSTEMPATH\CodeIgniter.php(488): CodeIgniter\CodeIgniter->createController()
 3 SYSTEMPATH\CodeIgniter.php(366): CodeIgniter\CodeIgniter->handleRequest(null, Object(Config\Cache), false)
 4 FCPATH\index.php(67): CodeIgniter\CodeIgniter->run()
INFO - 2023-08-13 23:05:38 --> Session: Class initialized using 'CodeIgniter\Session\Handlers\FileHandler' driver.
WARNING - 2023-08-13 23:05:38 --> [DEPRECATED] Creation of dynamic property App\Controllers\Data::$ModelData is deprecated in APPPATH\Controllers\Data.php on line 12.
 1 SYSTEMPATH\CodeIgniter.php(904): App\Controllers\Data->__construct()
 2 SYSTEMPATH\CodeIgniter.php(488): CodeIgniter\CodeIgniter->createController()
 3 SYSTEMPATH\CodeIgniter.php(366): CodeIgniter\CodeIgniter->handleRequest(null, Object(Config\Cache), false)
 4 FCPATH\index.php(67): CodeIgniter\CodeIgniter->run()
WARNING - 2023-08-13 23:05:38 --> [DEPRECATED] Creation of dynamic property App\Controllers\Data::$ModelData is deprecated in APPPATH\Controllers\Data.php on line 12.
 1 SYSTEMPATH\CodeIgniter.php(904): App\Controllers\Data->__construct()
 2 SYSTEMPATH\CodeIgniter.php(488): CodeIgniter\CodeIgniter->createController()
 3 SYSTEMPATH\CodeIgniter.php(366): CodeIgniter\CodeIgniter->handleRequest(null, Object(Config\Cache), false)
 4 FCPATH\index.php(67): CodeIgniter\CodeIgniter->run()
INFO - 2023-08-13 23:06:01 --> Session: Class initialized using 'CodeIgniter\Session\Handlers\FileHandler' driver.
WARNING - 2023-08-13 23:06:01 --> [DEPRECATED] Creation of dynamic property App\Controllers\Data::$ModelData is deprecated in APPPATH\Controllers\Data.php on line 12.
 1 SYSTEMPATH\CodeIgniter.php(904): App\Controllers\Data->__construct()
 2 SYSTEMPATH\CodeIgniter.php(488): CodeIgniter\CodeIgniter->createController()
 3 SYSTEMPATH\CodeIgniter.php(366): CodeIgniter\CodeIgniter->handleRequest(null, Object(Config\Cache), false)
 4 FCPATH\index.php(67): CodeIgniter\CodeIgniter->run()
WARNING - 2023-08-13 23:06:02 --> [DEPRECATED] Creation of dynamic property App\Controllers\Data::$ModelData is deprecated in APPPATH\Controllers\Data.php on line 12.
 1 SYSTEMPATH\CodeIgniter.php(904): App\Controllers\Data->__construct()
 2 SYSTEMPATH\CodeIgniter.php(488): CodeIgniter\CodeIgniter->createController()
 3 SYSTEMPATH\CodeIgniter.php(366): CodeIgniter\CodeIgniter->handleRequest(null, Object(Config\Cache), false)
 4 FCPATH\index.php(67): CodeIgniter\CodeIgniter->run()
INFO - 2023-08-13 23:06:20 --> Session: Class initialized using 'CodeIgniter\Session\Handlers\FileHandler' driver.
WARNING - 2023-08-13 23:06:20 --> [DEPRECATED] Creation of dynamic property App\Controllers\Data::$ModelData is deprecated in APPPATH\Controllers\Data.php on line 12.
 1 SYSTEMPATH\CodeIgniter.php(904): App\Controllers\Data->__construct()
 2 SYSTEMPATH\CodeIgniter.php(488): CodeIgniter\CodeIgniter->createController()
 3 SYSTEMPATH\CodeIgniter.php(366): CodeIgniter\CodeIgniter->handleRequest(null, Object(Config\Cache), false)
 4 FCPATH\index.php(67): CodeIgniter\CodeIgniter->run()
WARNING - 2023-08-13 23:06:20 --> [DEPRECATED] Creation of dynamic property App\Controllers\Data::$ModelData is deprecated in APPPATH\Controllers\Data.php on line 12.
 1 SYSTEMPATH\CodeIgniter.php(904): App\Controllers\Data->__construct()
 2 SYSTEMPATH\CodeIgniter.php(488): CodeIgniter\CodeIgniter->createController()
 3 SYSTEMPATH\CodeIgniter.php(366): CodeIgniter\CodeIgniter->handleRequest(null, Object(Config\Cache), false)
 4 FCPATH\index.php(67): CodeIgniter\CodeIgniter->run()
INFO - 2023-08-13 23:09:39 --> Session: Class initialized using 'CodeIgniter\Session\Handlers\FileHandler' driver.
WARNING - 2023-08-13 23:09:39 --> [DEPRECATED] Creation of dynamic property App\Controllers\Data::$ModelData is deprecated in APPPATH\Controllers\Data.php on line 12.
 1 SYSTEMPATH\CodeIgniter.php(904): App\Controllers\Data->__construct()
 2 SYSTEMPATH\CodeIgniter.php(488): CodeIgniter\CodeIgniter->createController()
 3 SYSTEMPATH\CodeIgniter.php(366): CodeIgniter\CodeIgniter->handleRequest(null, Object(Config\Cache), false)
 4 FCPATH\index.php(67): CodeIgniter\CodeIgniter->run()
WARNING - 2023-08-13 23:09:40 --> [DEPRECATED] Creation of dynamic property App\Controllers\Data::$ModelData is deprecated in APPPATH\Controllers\Data.php on line 12.
 1 SYSTEMPATH\CodeIgniter.php(904): App\Controllers\Data->__construct()
 2 SYSTEMPATH\CodeIgniter.php(488): CodeIgniter\CodeIgniter->createController()
 3 SYSTEMPATH\CodeIgniter.php(366): CodeIgniter\CodeIgniter->handleRequest(null, Object(Config\Cache), false)
 4 FCPATH\index.php(67): CodeIgniter\CodeIgniter->run()
INFO - 2023-08-13 23:09:54 --> Session: Class initialized using 'CodeIgniter\Session\Handlers\FileHandler' driver.
WARNING - 2023-08-13 23:09:54 --> [DEPRECATED] Creation of dynamic property App\Controllers\Data::$ModelData is deprecated in APPPATH\Controllers\Data.php on line 12.
 1 SYSTEMPATH\CodeIgniter.php(904): App\Controllers\Data->__construct()
 2 SYSTEMPATH\CodeIgniter.php(488): CodeIgniter\CodeIgniter->createController()
 3 SYSTEMPATH\CodeIgniter.php(366): CodeIgniter\CodeIgniter->handleRequest(null, Object(Config\Cache), false)
 4 FCPATH\index.php(67): CodeIgniter\CodeIgniter->run()
WARNING - 2023-08-13 23:09:55 --> [DEPRECATED] Creation of dynamic property App\Controllers\Data::$ModelData is deprecated in APPPATH\Controllers\Data.php on line 12.
 1 SYSTEMPATH\CodeIgniter.php(904): App\Controllers\Data->__construct()
 2 SYSTEMPATH\CodeIgniter.php(488): CodeIgniter\CodeIgniter->createController()
 3 SYSTEMPATH\CodeIgniter.php(366): CodeIgniter\CodeIgniter->handleRequest(null, Object(Config\Cache), false)
 4 FCPATH\index.php(67): CodeIgniter\CodeIgniter->run()
INFO - 2023-08-13 23:09:56 --> Session: Class initialized using 'CodeIgniter\Session\Handlers\FileHandler' driver.
WARNING - 2023-08-13 23:09:56 --> [DEPRECATED] Creation of dynamic property App\Controllers\Data::$ModelData is deprecated in APPPATH\Controllers\Data.php on line 12.
 1 SYSTEMPATH\CodeIgniter.php(904): App\Controllers\Data->__construct()
 2 SYSTEMPATH\CodeIgniter.php(488): CodeIgniter\CodeIgniter->createController()
 3 SYSTEMPATH\CodeIgniter.php(366): CodeIgniter\CodeIgniter->handleRequest(null, Object(Config\Cache), false)
 4 FCPATH\index.php(67): CodeIgniter\CodeIgniter->run()
INFO - 2023-08-13 23:09:57 --> Session: Class initialized using 'CodeIgniter\Session\Handlers\FileHandler' driver.
WARNING - 2023-08-13 23:09:57 --> [DEPRECATED] Creation of dynamic property App\Controllers\Data::$ModelData is deprecated in APPPATH\Controllers\Data.php on line 12.
 1 SYSTEMPATH\CodeIgniter.php(904): App\Controllers\Data->__construct()
 2 SYSTEMPATH\CodeIgniter.php(488): CodeIgniter\CodeIgniter->createController()
 3 SYSTEMPATH\CodeIgniter.php(366): CodeIgniter\CodeIgniter->handleRequest(null, Object(Config\Cache), false)
 4 FCPATH\index.php(67): CodeIgniter\CodeIgniter->run()
WARNING - 2023-08-13 23:09:57 --> [DEPRECATED] Creation of dynamic property App\Controllers\Data::$ModelData is deprecated in APPPATH\Controllers\Data.php on line 12.
 1 SYSTEMPATH\CodeIgniter.php(904): App\Controllers\Data->__construct()
 2 SYSTEMPATH\CodeIgniter.php(488): CodeIgniter\CodeIgniter->createController()
 3 SYSTEMPATH\CodeIgniter.php(366): CodeIgniter\CodeIgniter->handleRequest(null, Object(Config\Cache), false)
 4 FCPATH\index.php(67): CodeIgniter\CodeIgniter->run()
INFO - 2023-08-13 23:09:58 --> Session: Class initialized using 'CodeIgniter\Session\Handlers\FileHandler' driver.
WARNING - 2023-08-13 23:09:58 --> [DEPRECATED] Creation of dynamic property App\Controllers\Data::$ModelData is deprecated in APPPATH\Controllers\Data.php on line 12.
 1 SYSTEMPATH\CodeIgniter.php(904): App\Controllers\Data->__construct()
 2 SYSTEMPATH\CodeIgniter.php(488): CodeIgniter\CodeIgniter->createController()
 3 SYSTEMPATH\CodeIgniter.php(366): CodeIgniter\CodeIgniter->handleRequest(null, Object(Config\Cache), false)
 4 FCPATH\index.php(67): CodeIgniter\CodeIgniter->run()
WARNING - 2023-08-13 23:09:58 --> [DEPRECATED] Creation of dynamic property App\Controllers\Data::$ModelData is deprecated in APPPATH\Controllers\Data.php on line 12.
 1 SYSTEMPATH\CodeIgniter.php(904): App\Controllers\Data->__construct()
 2 SYSTEMPATH\CodeIgniter.php(488): CodeIgniter\CodeIgniter->createController()
 3 SYSTEMPATH\CodeIgniter.php(366): CodeIgniter\CodeIgniter->handleRequest(null, Object(Config\Cache), false)
 4 FCPATH\index.php(67): CodeIgniter\CodeIgniter->run()
INFO - 2023-08-13 23:09:58 --> Session: Class initialized using 'CodeIgniter\Session\Handlers\FileHandler' driver.
WARNING - 2023-08-13 23:09:58 --> [DEPRECATED] Creation of dynamic property App\Controllers\Data::$ModelData is deprecated in APPPATH\Controllers\Data.php on line 12.
 1 SYSTEMPATH\CodeIgniter.php(904): App\Controllers\Data->__construct()
 2 SYSTEMPATH\CodeIgniter.php(488): CodeIgniter\CodeIgniter->createController()
 3 SYSTEMPATH\CodeIgniter.php(366): CodeIgniter\CodeIgniter->handleRequest(null, Object(Config\Cache), false)
 4 FCPATH\index.php(67): CodeIgniter\CodeIgniter->run()
WARNING - 2023-08-13 23:09:58 --> [DEPRECATED] Creation of dynamic property App\Controllers\Data::$ModelData is deprecated in APPPATH\Controllers\Data.php on line 12.
 1 SYSTEMPATH\CodeIgniter.php(904): App\Controllers\Data->__construct()
 2 SYSTEMPATH\CodeIgniter.php(488): CodeIgniter\CodeIgniter->createController()
 3 SYSTEMPATH\CodeIgniter.php(366): CodeIgniter\CodeIgniter->handleRequest(null, Object(Config\Cache), false)
 4 FCPATH\index.php(67): CodeIgniter\CodeIgniter->run()
INFO - 2023-08-13 23:09:59 --> Session: Class initialized using 'CodeIgniter\Session\Handlers\FileHandler' driver.
WARNING - 2023-08-13 23:09:59 --> [DEPRECATED] Creation of dynamic property App\Controllers\Data::$ModelData is deprecated in APPPATH\Controllers\Data.php on line 12.
 1 SYSTEMPATH\CodeIgniter.php(904): App\Controllers\Data->__construct()
 2 SYSTEMPATH\CodeIgniter.php(488): CodeIgniter\CodeIgniter->createController()
 3 SYSTEMPATH\CodeIgniter.php(366): CodeIgniter\CodeIgniter->handleRequest(null, Object(Config\Cache), false)
 4 FCPATH\index.php(67): CodeIgniter\CodeIgniter->run()
WARNING - 2023-08-13 23:09:59 --> [DEPRECATED] Creation of dynamic property App\Controllers\Data::$ModelData is deprecated in APPPATH\Controllers\Data.php on line 12.
 1 SYSTEMPATH\CodeIgniter.php(904): App\Controllers\Data->__construct()
 2 SYSTEMPATH\CodeIgniter.php(488): CodeIgniter\CodeIgniter->createController()
 3 SYSTEMPATH\CodeIgniter.php(366): CodeIgniter\CodeIgniter->handleRequest(null, Object(Config\Cache), false)
 4 FCPATH\index.php(67): CodeIgniter\CodeIgniter->run()
INFO - 2023-08-13 23:10:00 --> Session: Class initialized using 'CodeIgniter\Session\Handlers\FileHandler' driver.
WARNING - 2023-08-13 23:10:00 --> [DEPRECATED] Creation of dynamic property App\Controllers\Data::$ModelData is deprecated in APPPATH\Controllers\Data.php on line 12.
 1 SYSTEMPATH\CodeIgniter.php(904): App\Controllers\Data->__construct()
 2 SYSTEMPATH\CodeIgniter.php(488): CodeIgniter\CodeIgniter->createController()
 3 SYSTEMPATH\CodeIgniter.php(366): CodeIgniter\CodeIgniter->handleRequest(null, Object(Config\Cache), false)
 4 FCPATH\index.php(67): CodeIgniter\CodeIgniter->run()
WARNING - 2023-08-13 23:10:01 --> [DEPRECATED] Creation of dynamic property App\Controllers\Data::$ModelData is deprecated in APPPATH\Controllers\Data.php on line 12.
 1 SYSTEMPATH\CodeIgniter.php(904): App\Controllers\Data->__construct()
 2 SYSTEMPATH\CodeIgniter.php(488): CodeIgniter\CodeIgniter->createController()
 3 SYSTEMPATH\CodeIgniter.php(366): CodeIgniter\CodeIgniter->handleRequest(null, Object(Config\Cache), false)
 4 FCPATH\index.php(67): CodeIgniter\CodeIgniter->run()
INFO - 2023-08-13 23:10:21 --> Session: Class initialized using 'CodeIgniter\Session\Handlers\FileHandler' driver.
WARNING - 2023-08-13 23:10:21 --> [DEPRECATED] Creation of dynamic property App\Controllers\Data::$ModelData is deprecated in APPPATH\Controllers\Data.php on line 12.
 1 SYSTEMPATH\CodeIgniter.php(904): App\Controllers\Data->__construct()
 2 SYSTEMPATH\CodeIgniter.php(488): CodeIgniter\CodeIgniter->createController()
 3 SYSTEMPATH\CodeIgniter.php(366): CodeIgniter\CodeIgniter->handleRequest(null, Object(Config\Cache), false)
 4 FCPATH\index.php(67): CodeIgniter\CodeIgniter->run()
WARNING - 2023-08-13 23:10:21 --> [DEPRECATED] Creation of dynamic property App\Controllers\Data::$ModelData is deprecated in APPPATH\Controllers\Data.php on line 12.
 1 SYSTEMPATH\CodeIgniter.php(904): App\Controllers\Data->__construct()
 2 SYSTEMPATH\CodeIgniter.php(488): CodeIgniter\CodeIgniter->createController()
 3 SYSTEMPATH\CodeIgniter.php(366): CodeIgniter\CodeIgniter->handleRequest(null, Object(Config\Cache), false)
 4 FCPATH\index.php(67): CodeIgniter\CodeIgniter->run()
INFO - 2023-08-13 23:10:22 --> Session: Class initialized using 'CodeIgniter\Session\Handlers\FileHandler' driver.
WARNING - 2023-08-13 23:10:22 --> [DEPRECATED] Creation of dynamic property App\Controllers\Data::$ModelData is deprecated in APPPATH\Controllers\Data.php on line 12.
 1 SYSTEMPATH\CodeIgniter.php(904): App\Controllers\Data->__construct()
 2 SYSTEMPATH\CodeIgniter.php(488): CodeIgniter\CodeIgniter->createController()
 3 SYSTEMPATH\CodeIgniter.php(366): CodeIgniter\CodeIgniter->handleRequest(null, Object(Config\Cache), false)
 4 FCPATH\index.php(67): CodeIgniter\CodeIgniter->run()
INFO - 2023-08-13 23:10:23 --> Session: Class initialized using 'CodeIgniter\Session\Handlers\FileHandler' driver.
WARNING - 2023-08-13 23:10:23 --> [DEPRECATED] Creation of dynamic property App\Controllers\Data::$ModelData is deprecated in APPPATH\Controllers\Data.php on line 12.
 1 SYSTEMPATH\CodeIgniter.php(904): App\Controllers\Data->__construct()
 2 SYSTEMPATH\CodeIgniter.php(488): CodeIgniter\CodeIgniter->createController()
 3 SYSTEMPATH\CodeIgniter.php(366): CodeIgniter\CodeIgniter->handleRequest(null, Object(Config\Cache), false)
 4 FCPATH\index.php(67): CodeIgniter\CodeIgniter->run()
INFO - 2023-08-13 23:10:24 --> Session: Class initialized using 'CodeIgniter\Session\Handlers\FileHandler' driver.
WARNING - 2023-08-13 23:10:24 --> [DEPRECATED] Creation of dynamic property App\Controllers\Data::$ModelData is deprecated in APPPATH\Controllers\Data.php on line 12.
 1 SYSTEMPATH\CodeIgniter.php(904): App\Controllers\Data->__construct()
 2 SYSTEMPATH\CodeIgniter.php(488): CodeIgniter\CodeIgniter->createController()
 3 SYSTEMPATH\CodeIgniter.php(366): CodeIgniter\CodeIgniter->handleRequest(null, Object(Config\Cache), false)
 4 FCPATH\index.php(67): CodeIgniter\CodeIgniter->run()
WARNING - 2023-08-13 23:10:25 --> [DEPRECATED] Creation of dynamic property App\Controllers\Data::$ModelData is deprecated in APPPATH\Controllers\Data.php on line 12.
 1 SYSTEMPATH\CodeIgniter.php(904): App\Controllers\Data->__construct()
 2 SYSTEMPATH\CodeIgniter.php(488): CodeIgniter\CodeIgniter->createController()
 3 SYSTEMPATH\CodeIgniter.php(366): CodeIgniter\CodeIgniter->handleRequest(null, Object(Config\Cache), false)
 4 FCPATH\index.php(67): CodeIgniter\CodeIgniter->run()
INFO - 2023-08-13 23:10:38 --> Session: Class initialized using 'CodeIgniter\Session\Handlers\FileHandler' driver.
WARNING - 2023-08-13 23:10:38 --> [DEPRECATED] Creation of dynamic property App\Controllers\Data::$ModelData is deprecated in APPPATH\Controllers\Data.php on line 12.
 1 SYSTEMPATH\CodeIgniter.php(904): App\Controllers\Data->__construct()
 2 SYSTEMPATH\CodeIgniter.php(488): CodeIgniter\CodeIgniter->createController()
 3 SYSTEMPATH\CodeIgniter.php(366): CodeIgniter\CodeIgniter->handleRequest(null, Object(Config\Cache), false)
 4 FCPATH\index.php(67): CodeIgniter\CodeIgniter->run()
WARNING - 2023-08-13 23:10:39 --> [DEPRECATED] Creation of dynamic property App\Controllers\Data::$ModelData is deprecated in APPPATH\Controllers\Data.php on line 12.
 1 SYSTEMPATH\CodeIgniter.php(904): App\Controllers\Data->__construct()
 2 SYSTEMPATH\CodeIgniter.php(488): CodeIgniter\CodeIgniter->createController()
 3 SYSTEMPATH\CodeIgniter.php(366): CodeIgniter\CodeIgniter->handleRequest(null, Object(Config\Cache), false)
 4 FCPATH\index.php(67): CodeIgniter\CodeIgniter->run()
INFO - 2023-08-13 23:10:41 --> Session: Class initialized using 'CodeIgniter\Session\Handlers\FileHandler' driver.
WARNING - 2023-08-13 23:10:41 --> [DEPRECATED] Creation of dynamic property App\Controllers\Data::$ModelData is deprecated in APPPATH\Controllers\Data.php on line 12.
 1 SYSTEMPATH\CodeIgniter.php(904): App\Controllers\Data->__construct()
 2 SYSTEMPATH\CodeIgniter.php(488): CodeIgniter\CodeIgniter->createController()
 3 SYSTEMPATH\CodeIgniter.php(366): CodeIgniter\CodeIgniter->handleRequest(null, Object(Config\Cache), false)
 4 FCPATH\index.php(67): CodeIgniter\CodeIgniter->run()
WARNING - 2023-08-13 23:10:42 --> [DEPRECATED] Creation of dynamic property App\Controllers\Data::$ModelData is deprecated in APPPATH\Controllers\Data.php on line 12.
 1 SYSTEMPATH\CodeIgniter.php(904): App\Controllers\Data->__construct()
 2 SYSTEMPATH\CodeIgniter.php(488): CodeIgniter\CodeIgniter->createController()
 3 SYSTEMPATH\CodeIgniter.php(366): CodeIgniter\CodeIgniter->handleRequest(null, Object(Config\Cache), false)
 4 FCPATH\index.php(67): CodeIgniter\CodeIgniter->run()
WARNING - 2023-08-13 23:10:43 --> [DEPRECATED] Creation of dynamic property App\Controllers\Auth::$ModelAuth is deprecated in APPPATH\Controllers\Auth.php on line 14.
 1 SYSTEMPATH\CodeIgniter.php(904): App\Controllers\Auth->__construct()
 2 SYSTEMPATH\CodeIgniter.php(488): CodeIgniter\CodeIgniter->createController()
 3 SYSTEMPATH\CodeIgniter.php(366): CodeIgniter\CodeIgniter->handleRequest(null, Object(Config\Cache), false)
 4 FCPATH\index.php(67): CodeIgniter\CodeIgniter->run()
INFO - 2023-08-13 23:10:43 --> Session: Class initialized using 'CodeIgniter\Session\Handlers\FileHandler' driver.
INFO - 2023-08-13 23:10:43 --> Session: Class initialized using 'CodeIgniter\Session\Handlers\FileHandler' driver.
WARNING - 2023-08-13 23:10:43 --> [DEPRECATED] Creation of dynamic property App\Controllers\Auth::$ModelAuth is deprecated in APPPATH\Controllers\Auth.php on line 14.
 1 SYSTEMPATH\CodeIgniter.php(904): App\Controllers\Auth->__construct()
 2 SYSTEMPATH\CodeIgniter.php(488): CodeIgniter\CodeIgniter->createController()
 3 SYSTEMPATH\CodeIgniter.php(366): CodeIgniter\CodeIgniter->handleRequest(null, Object(Config\Cache), false)
 4 FCPATH\index.php(67): CodeIgniter\CodeIgniter->run()
WARNING - 2023-08-13 23:10:46 --> [DEPRECATED] Creation of dynamic property App\Controllers\Auth::$ModelAuth is deprecated in APPPATH\Controllers\Auth.php on line 14.
 1 SYSTEMPATH\CodeIgniter.php(904): App\Controllers\Auth->__construct()
 2 SYSTEMPATH\CodeIgniter.php(488): CodeIgniter\CodeIgniter->createController()
 3 SYSTEMPATH\CodeIgniter.php(366): CodeIgniter\CodeIgniter->handleRequest(null, Object(Config\Cache), false)
 4 FCPATH\index.php(67): CodeIgniter\CodeIgniter->run()
INFO - 2023-08-13 23:10:46 --> Session: Class initialized using 'CodeIgniter\Session\Handlers\FileHandler' driver.
INFO - 2023-08-13 23:10:46 --> Session: Class initialized using 'CodeIgniter\Session\Handlers\FileHandler' driver.
INFO - 2023-08-13 23:10:49 --> Session: Class initialized using 'CodeIgniter\Session\Handlers\FileHandler' driver.
WARNING - 2023-08-13 23:10:49 --> [DEPRECATED] Creation of dynamic property App\Controllers\Data::$ModelData is deprecated in APPPATH\Controllers\Data.php on line 12.
 1 SYSTEMPATH\CodeIgniter.php(904): App\Controllers\Data->__construct()
 2 SYSTEMPATH\CodeIgniter.php(488): CodeIgniter\CodeIgniter->createController()
 3 SYSTEMPATH\CodeIgniter.php(366): CodeIgniter\CodeIgniter->handleRequest(null, Object(Config\Cache), false)
 4 FCPATH\index.php(67): CodeIgniter\CodeIgniter->run()
WARNING - 2023-08-13 23:10:50 --> [DEPRECATED] Creation of dynamic property App\Controllers\Data::$ModelData is deprecated in APPPATH\Controllers\Data.php on line 12.
 1 SYSTEMPATH\CodeIgniter.php(904): App\Controllers\Data->__construct()
 2 SYSTEMPATH\CodeIgniter.php(488): CodeIgniter\CodeIgniter->createController()
 3 SYSTEMPATH\CodeIgniter.php(366): CodeIgniter\CodeIgniter->handleRequest(null, Object(Config\Cache), false)
 4 FCPATH\index.php(67): CodeIgniter\CodeIgniter->run()
INFO - 2023-08-13 23:12:35 --> Session: Class initialized using 'CodeIgniter\Session\Handlers\FileHandler' driver.
WARNING - 2023-08-13 23:12:35 --> [DEPRECATED] Creation of dynamic property App\Controllers\Data::$ModelData is deprecated in APPPATH\Controllers\Data.php on line 12.
 1 SYSTEMPATH\CodeIgniter.php(904): App\Controllers\Data->__construct()
 2 SYSTEMPATH\CodeIgniter.php(488): CodeIgniter\CodeIgniter->createController()
 3 SYSTEMPATH\CodeIgniter.php(366): CodeIgniter\CodeIgniter->handleRequest(null, Object(Config\Cache), false)
 4 FCPATH\index.php(67): CodeIgniter\CodeIgniter->run()
WARNING - 2023-08-13 23:12:35 --> [DEPRECATED] Creation of dynamic property App\Controllers\Data::$ModelData is deprecated in APPPATH\Controllers\Data.php on line 12.
 1 SYSTEMPATH\CodeIgniter.php(904): App\Controllers\Data->__construct()
 2 SYSTEMPATH\CodeIgniter.php(488): CodeIgniter\CodeIgniter->createController()
 3 SYSTEMPATH\CodeIgniter.php(366): CodeIgniter\CodeIgniter->handleRequest(null, Object(Config\Cache), false)
 4 FCPATH\index.php(67): CodeIgniter\CodeIgniter->run()
INFO - 2023-08-13 23:12:37 --> Session: Class initialized using 'CodeIgniter\Session\Handlers\FileHandler' driver.
WARNING - 2023-08-13 23:12:37 --> [DEPRECATED] Creation of dynamic property App\Controllers\Data::$ModelData is deprecated in APPPATH\Controllers\Data.php on line 12.
 1 SYSTEMPATH\CodeIgniter.php(904): App\Controllers\Data->__construct()
 2 SYSTEMPATH\CodeIgniter.php(488): CodeIgniter\CodeIgniter->createController()
 3 SYSTEMPATH\CodeIgniter.php(366): CodeIgniter\CodeIgniter->handleRequest(null, Object(Config\Cache), false)
 4 FCPATH\index.php(67): CodeIgniter\CodeIgniter->run()
INFO - 2023-08-13 23:12:37 --> Session: Class initialized using 'CodeIgniter\Session\Handlers\FileHandler' driver.
WARNING - 2023-08-13 23:12:37 --> [DEPRECATED] Creation of dynamic property App\Controllers\Data::$ModelData is deprecated in APPPATH\Controllers\Data.php on line 12.
 1 SYSTEMPATH\CodeIgniter.php(904): App\Controllers\Data->__construct()
 2 SYSTEMPATH\CodeIgniter.php(488): CodeIgniter\CodeIgniter->createController()
 3 SYSTEMPATH\CodeIgniter.php(366): CodeIgniter\CodeIgniter->handleRequest(null, Object(Config\Cache), false)
 4 FCPATH\index.php(67): CodeIgniter\CodeIgniter->run()
INFO - 2023-08-13 23:12:37 --> Session: Class initialized using 'CodeIgniter\Session\Handlers\FileHandler' driver.
WARNING - 2023-08-13 23:12:37 --> [DEPRECATED] Creation of dynamic property App\Controllers\Data::$ModelData is deprecated in APPPATH\Controllers\Data.php on line 12.
 1 SYSTEMPATH\CodeIgniter.php(904): App\Controllers\Data->__construct()
 2 SYSTEMPATH\CodeIgniter.php(488): CodeIgniter\CodeIgniter->createController()
 3 SYSTEMPATH\CodeIgniter.php(366): CodeIgniter\CodeIgniter->handleRequest(null, Object(Config\Cache), false)
 4 FCPATH\index.php(67): CodeIgniter\CodeIgniter->run()
INFO - 2023-08-13 23:12:39 --> Session: Class initialized using 'CodeIgniter\Session\Handlers\FileHandler' driver.
WARNING - 2023-08-13 23:12:39 --> [DEPRECATED] Creation of dynamic property App\Controllers\Data::$ModelData is deprecated in APPPATH\Controllers\Data.php on line 12.
 1 SYSTEMPATH\CodeIgniter.php(904): App\Controllers\Data->__construct()
 2 SYSTEMPATH\CodeIgniter.php(488): CodeIgniter\CodeIgniter->createController()
 3 SYSTEMPATH\CodeIgniter.php(366): CodeIgniter\CodeIgniter->handleRequest(null, Object(Config\Cache), false)
 4 FCPATH\index.php(67): CodeIgniter\CodeIgniter->run()
WARNING - 2023-08-13 23:12:40 --> [DEPRECATED] Creation of dynamic property App\Controllers\Data::$ModelData is deprecated in APPPATH\Controllers\Data.php on line 12.
 1 SYSTEMPATH\CodeIgniter.php(904): App\Controllers\Data->__construct()
 2 SYSTEMPATH\CodeIgniter.php(488): CodeIgniter\CodeIgniter->createController()
 3 SYSTEMPATH\CodeIgniter.php(366): CodeIgniter\CodeIgniter->handleRequest(null, Object(Config\Cache), false)
 4 FCPATH\index.php(67): CodeIgniter\CodeIgniter->run()
INFO - 2023-08-13 23:12:47 --> Session: Class initialized using 'CodeIgniter\Session\Handlers\FileHandler' driver.
WARNING - 2023-08-13 23:12:47 --> [DEPRECATED] Creation of dynamic property App\Controllers\Data::$ModelData is deprecated in APPPATH\Controllers\Data.php on line 12.
 1 SYSTEMPATH\CodeIgniter.php(904): App\Controllers\Data->__construct()
 2 SYSTEMPATH\CodeIgniter.php(488): CodeIgniter\CodeIgniter->createController()
 3 SYSTEMPATH\CodeIgniter.php(366): CodeIgniter\CodeIgniter->handleRequest(null, Object(Config\Cache), false)
 4 FCPATH\index.php(67): CodeIgniter\CodeIgniter->run()
WARNING - 2023-08-13 23:12:47 --> [DEPRECATED] Creation of dynamic property App\Controllers\Data::$ModelData is deprecated in APPPATH\Controllers\Data.php on line 12.
 1 SYSTEMPATH\CodeIgniter.php(904): App\Controllers\Data->__construct()
 2 SYSTEMPATH\CodeIgniter.php(488): CodeIgniter\CodeIgniter->createController()
 3 SYSTEMPATH\CodeIgniter.php(366): CodeIgniter\CodeIgniter->handleRequest(null, Object(Config\Cache), false)
 4 FCPATH\index.php(67): CodeIgniter\CodeIgniter->run()
INFO - 2023-08-13 23:13:08 --> Session: Class initialized using 'CodeIgniter\Session\Handlers\FileHandler' driver.
WARNING - 2023-08-13 23:13:08 --> [DEPRECATED] Creation of dynamic property App\Controllers\Data::$ModelData is deprecated in APPPATH\Controllers\Data.php on line 12.
 1 SYSTEMPATH\CodeIgniter.php(904): App\Controllers\Data->__construct()
 2 SYSTEMPATH\CodeIgniter.php(488): CodeIgniter\CodeIgniter->createController()
 3 SYSTEMPATH\CodeIgniter.php(366): CodeIgniter\CodeIgniter->handleRequest(null, Object(Config\Cache), false)
 4 FCPATH\index.php(67): CodeIgniter\CodeIgniter->run()
WARNING - 2023-08-13 23:13:08 --> [DEPRECATED] Creation of dynamic property App\Controllers\Data::$ModelData is deprecated in APPPATH\Controllers\Data.php on line 12.
 1 SYSTEMPATH\CodeIgniter.php(904): App\Controllers\Data->__construct()
 2 SYSTEMPATH\CodeIgniter.php(488): CodeIgniter\CodeIgniter->createController()
 3 SYSTEMPATH\CodeIgniter.php(366): CodeIgniter\CodeIgniter->handleRequest(null, Object(Config\Cache), false)
 4 FCPATH\index.php(67): CodeIgniter\CodeIgniter->run()
INFO - 2023-08-13 23:13:09 --> Session: Class initialized using 'CodeIgniter\Session\Handlers\FileHandler' driver.
WARNING - 2023-08-13 23:13:09 --> [DEPRECATED] Creation of dynamic property App\Controllers\Data::$ModelData is deprecated in APPPATH\Controllers\Data.php on line 12.
 1 SYSTEMPATH\CodeIgniter.php(904): App\Controllers\Data->__construct()
 2 SYSTEMPATH\CodeIgniter.php(488): CodeIgniter\CodeIgniter->createController()
 3 SYSTEMPATH\CodeIgniter.php(366): CodeIgniter\CodeIgniter->handleRequest(null, Object(Config\Cache), false)
 4 FCPATH\index.php(67): CodeIgniter\CodeIgniter->run()
INFO - 2023-08-13 23:13:11 --> Session: Class initialized using 'CodeIgniter\Session\Handlers\FileHandler' driver.
WARNING - 2023-08-13 23:13:11 --> [DEPRECATED] Creation of dynamic property App\Controllers\Data::$ModelData is deprecated in APPPATH\Controllers\Data.php on line 12.
 1 SYSTEMPATH\CodeIgniter.php(904): App\Controllers\Data->__construct()
 2 SYSTEMPATH\CodeIgniter.php(488): CodeIgniter\CodeIgniter->createController()
 3 SYSTEMPATH\CodeIgniter.php(366): CodeIgniter\CodeIgniter->handleRequest(null, Object(Config\Cache), false)
 4 FCPATH\index.php(67): CodeIgniter\CodeIgniter->run()
WARNING - 2023-08-13 23:13:11 --> [DEPRECATED] Creation of dynamic property App\Controllers\Data::$ModelData is deprecated in APPPATH\Controllers\Data.php on line 12.
 1 SYSTEMPATH\CodeIgniter.php(904): App\Controllers\Data->__construct()
 2 SYSTEMPATH\CodeIgniter.php(488): CodeIgniter\CodeIgniter->createController()
 3 SYSTEMPATH\CodeIgniter.php(366): CodeIgniter\CodeIgniter->handleRequest(null, Object(Config\Cache), false)
 4 FCPATH\index.php(67): CodeIgniter\CodeIgniter->run()
WARNING - 2023-08-13 23:13:14 --> [DEPRECATED] Creation of dynamic property App\Controllers\Auth::$ModelAuth is deprecated in APPPATH\Controllers\Auth.php on line 14.
 1 SYSTEMPATH\CodeIgniter.php(904): App\Controllers\Auth->__construct()
 2 SYSTEMPATH\CodeIgniter.php(488): CodeIgniter\CodeIgniter->createController()
 3 SYSTEMPATH\CodeIgniter.php(366): CodeIgniter\CodeIgniter->handleRequest(null, Object(Config\Cache), false)
 4 FCPATH\index.php(67): CodeIgniter\CodeIgniter->run()
INFO - 2023-08-13 23:13:14 --> Session: Class initialized using 'CodeIgniter\Session\Handlers\FileHandler' driver.
INFO - 2023-08-13 23:13:14 --> Session: Class initialized using 'CodeIgniter\Session\Handlers\FileHandler' driver.
WARNING - 2023-08-13 23:13:14 --> [DEPRECATED] Creation of dynamic property App\Controllers\Auth::$ModelAuth is deprecated in APPPATH\Controllers\Auth.php on line 14.
 1 SYSTEMPATH\CodeIgniter.php(904): App\Controllers\Auth->__construct()
 2 SYSTEMPATH\CodeIgniter.php(488): CodeIgniter\CodeIgniter->createController()
 3 SYSTEMPATH\CodeIgniter.php(366): CodeIgniter\CodeIgniter->handleRequest(null, Object(Config\Cache), false)
 4 FCPATH\index.php(67): CodeIgniter\CodeIgniter->run()
WARNING - 2023-08-13 23:13:16 --> [DEPRECATED] Creation of dynamic property App\Controllers\Auth::$ModelAuth is deprecated in APPPATH\Controllers\Auth.php on line 14.
 1 SYSTEMPATH\CodeIgniter.php(904): App\Controllers\Auth->__construct()
 2 SYSTEMPATH\CodeIgniter.php(488): CodeIgniter\CodeIgniter->createController()
 3 SYSTEMPATH\CodeIgniter.php(366): CodeIgniter\CodeIgniter->handleRequest(null, Object(Config\Cache), false)
 4 FCPATH\index.php(67): CodeIgniter\CodeIgniter->run()
INFO - 2023-08-13 23:13:17 --> Session: Class initialized using 'CodeIgniter\Session\Handlers\FileHandler' driver.
INFO - 2023-08-13 23:13:17 --> Session: Class initialized using 'CodeIgniter\Session\Handlers\FileHandler' driver.
INFO - 2023-08-13 23:13:19 --> Session: Class initialized using 'CodeIgniter\Session\Handlers\FileHandler' driver.
WARNING - 2023-08-13 23:13:19 --> [DEPRECATED] Creation of dynamic property App\Controllers\Data::$ModelData is deprecated in APPPATH\Controllers\Data.php on line 12.
 1 SYSTEMPATH\CodeIgniter.php(904): App\Controllers\Data->__construct()
 2 SYSTEMPATH\CodeIgniter.php(488): CodeIgniter\CodeIgniter->createController()
 3 SYSTEMPATH\CodeIgniter.php(366): CodeIgniter\CodeIgniter->handleRequest(null, Object(Config\Cache), false)
 4 FCPATH\index.php(67): CodeIgniter\CodeIgniter->run()
WARNING - 2023-08-13 23:13:19 --> [DEPRECATED] Creation of dynamic property App\Controllers\Data::$ModelData is deprecated in APPPATH\Controllers\Data.php on line 12.
 1 SYSTEMPATH\CodeIgniter.php(904): App\Controllers\Data->__construct()
 2 SYSTEMPATH\CodeIgniter.php(488): CodeIgniter\CodeIgniter->createController()
 3 SYSTEMPATH\CodeIgniter.php(366): CodeIgniter\CodeIgniter->handleRequest(null, Object(Config\Cache), false)
 4 FCPATH\index.php(67): CodeIgniter\CodeIgniter->run()
INFO - 2023-08-13 23:13:30 --> Session: Class initialized using 'CodeIgniter\Session\Handlers\FileHandler' driver.
WARNING - 2023-08-13 23:13:30 --> [DEPRECATED] Creation of dynamic property App\Controllers\Data::$ModelData is deprecated in APPPATH\Controllers\Data.php on line 12.
 1 SYSTEMPATH\CodeIgniter.php(904): App\Controllers\Data->__construct()
 2 SYSTEMPATH\CodeIgniter.php(488): CodeIgniter\CodeIgniter->createController()
 3 SYSTEMPATH\CodeIgniter.php(366): CodeIgniter\CodeIgniter->handleRequest(null, Object(Config\Cache), false)
 4 FCPATH\index.php(67): CodeIgniter\CodeIgniter->run()
WARNING - 2023-08-13 23:13:30 --> [DEPRECATED] Creation of dynamic property App\Controllers\Data::$ModelData is deprecated in APPPATH\Controllers\Data.php on line 12.
 1 SYSTEMPATH\CodeIgniter.php(904): App\Controllers\Data->__construct()
 2 SYSTEMPATH\CodeIgniter.php(488): CodeIgniter\CodeIgniter->createController()
 3 SYSTEMPATH\CodeIgniter.php(366): CodeIgniter\CodeIgniter->handleRequest(null, Object(Config\Cache), false)
 4 FCPATH\index.php(67): CodeIgniter\CodeIgniter->run()
INFO - 2023-08-13 23:13:55 --> Session: Class initialized using 'CodeIgniter\Session\Handlers\FileHandler' driver.
WARNING - 2023-08-13 23:13:55 --> [DEPRECATED] Creation of dynamic property App\Controllers\Data::$ModelData is deprecated in APPPATH\Controllers\Data.php on line 12.
 1 SYSTEMPATH\CodeIgniter.php(904): App\Controllers\Data->__construct()
 2 SYSTEMPATH\CodeIgniter.php(488): CodeIgniter\CodeIgniter->createController()
 3 SYSTEMPATH\CodeIgniter.php(366): CodeIgniter\CodeIgniter->handleRequest(null, Object(Config\Cache), false)
 4 FCPATH\index.php(67): CodeIgniter\CodeIgniter->run()
WARNING - 2023-08-13 23:13:55 --> [DEPRECATED] Creation of dynamic property App\Controllers\Data::$ModelData is deprecated in APPPATH\Controllers\Data.php on line 12.
 1 SYSTEMPATH\CodeIgniter.php(904): App\Controllers\Data->__construct()
 2 SYSTEMPATH\CodeIgniter.php(488): CodeIgniter\CodeIgniter->createController()
 3 SYSTEMPATH\CodeIgniter.php(366): CodeIgniter\CodeIgniter->handleRequest(null, Object(Config\Cache), false)
 4 FCPATH\index.php(67): CodeIgniter\CodeIgniter->run()
INFO - 2023-08-13 23:13:59 --> Session: Class initialized using 'CodeIgniter\Session\Handlers\FileHandler' driver.
WARNING - 2023-08-13 23:13:59 --> [DEPRECATED] Creation of dynamic property App\Controllers\Data::$ModelData is deprecated in APPPATH\Controllers\Data.php on line 12.
 1 SYSTEMPATH\CodeIgniter.php(904): App\Controllers\Data->__construct()
 2 SYSTEMPATH\CodeIgniter.php(488): CodeIgniter\CodeIgniter->createController()
 3 SYSTEMPATH\CodeIgniter.php(366): CodeIgniter\CodeIgniter->handleRequest(null, Object(Config\Cache), false)
 4 FCPATH\index.php(67): CodeIgniter\CodeIgniter->run()
WARNING - 2023-08-13 23:13:59 --> [DEPRECATED] Creation of dynamic property App\Controllers\Data::$ModelData is deprecated in APPPATH\Controllers\Data.php on line 12.
 1 SYSTEMPATH\CodeIgniter.php(904): App\Controllers\Data->__construct()
 2 SYSTEMPATH\CodeIgniter.php(488): CodeIgniter\CodeIgniter->createController()
 3 SYSTEMPATH\CodeIgniter.php(366): CodeIgniter\CodeIgniter->handleRequest(null, Object(Config\Cache), false)
 4 FCPATH\index.php(67): CodeIgniter\CodeIgniter->run()
INFO - 2023-08-13 23:14:16 --> Session: Class initialized using 'CodeIgniter\Session\Handlers\FileHandler' driver.
WARNING - 2023-08-13 23:14:16 --> [DEPRECATED] Creation of dynamic property App\Controllers\Data::$ModelData is deprecated in APPPATH\Controllers\Data.php on line 12.
 1 SYSTEMPATH\CodeIgniter.php(904): App\Controllers\Data->__construct()
 2 SYSTEMPATH\CodeIgniter.php(488): CodeIgniter\CodeIgniter->createController()
 3 SYSTEMPATH\CodeIgniter.php(366): CodeIgniter\CodeIgniter->handleRequest(null, Object(Config\Cache), false)
 4 FCPATH\index.php(67): CodeIgniter\CodeIgniter->run()
WARNING - 2023-08-13 23:14:17 --> [DEPRECATED] Creation of dynamic property App\Controllers\Data::$ModelData is deprecated in APPPATH\Controllers\Data.php on line 12.
 1 SYSTEMPATH\CodeIgniter.php(904): App\Controllers\Data->__construct()
 2 SYSTEMPATH\CodeIgniter.php(488): CodeIgniter\CodeIgniter->createController()
 3 SYSTEMPATH\CodeIgniter.php(366): CodeIgniter\CodeIgniter->handleRequest(null, Object(Config\Cache), false)
 4 FCPATH\index.php(67): CodeIgniter\CodeIgniter->run()
INFO - 2023-08-13 23:14:17 --> Session: Class initialized using 'CodeIgniter\Session\Handlers\FileHandler' driver.
WARNING - 2023-08-13 23:14:17 --> [DEPRECATED] Creation of dynamic property App\Controllers\Data::$ModelData is deprecated in APPPATH\Controllers\Data.php on line 12.
 1 SYSTEMPATH\CodeIgniter.php(904): App\Controllers\Data->__construct()
 2 SYSTEMPATH\CodeIgniter.php(488): CodeIgniter\CodeIgniter->createController()
 3 SYSTEMPATH\CodeIgniter.php(366): CodeIgniter\CodeIgniter->handleRequest(null, Object(Config\Cache), false)
 4 FCPATH\index.php(67): CodeIgniter\CodeIgniter->run()
INFO - 2023-08-13 23:14:18 --> Session: Class initialized using 'CodeIgniter\Session\Handlers\FileHandler' driver.
WARNING - 2023-08-13 23:14:18 --> [DEPRECATED] Creation of dynamic property App\Controllers\Data::$ModelData is deprecated in APPPATH\Controllers\Data.php on line 12.
 1 SYSTEMPATH\CodeIgniter.php(904): App\Controllers\Data->__construct()
 2 SYSTEMPATH\CodeIgniter.php(488): CodeIgniter\CodeIgniter->createController()
 3 SYSTEMPATH\CodeIgniter.php(366): CodeIgniter\CodeIgniter->handleRequest(null, Object(Config\Cache), false)
 4 FCPATH\index.php(67): CodeIgniter\CodeIgniter->run()
WARNING - 2023-08-13 23:14:19 --> [DEPRECATED] Creation of dynamic property App\Controllers\Data::$ModelData is deprecated in APPPATH\Controllers\Data.php on line 12.
 1 SYSTEMPATH\CodeIgniter.php(904): App\Controllers\Data->__construct()
 2 SYSTEMPATH\CodeIgniter.php(488): CodeIgniter\CodeIgniter->createController()
 3 SYSTEMPATH\CodeIgniter.php(366): CodeIgniter\CodeIgniter->handleRequest(null, Object(Config\Cache), false)
 4 FCPATH\index.php(67): CodeIgniter\CodeIgniter->run()
INFO - 2023-08-13 23:14:19 --> Session: Class initialized using 'CodeIgniter\Session\Handlers\FileHandler' driver.
WARNING - 2023-08-13 23:14:19 --> [DEPRECATED] Creation of dynamic property App\Controllers\Data::$ModelData is deprecated in APPPATH\Controllers\Data.php on line 12.
 1 SYSTEMPATH\CodeIgniter.php(904): App\Controllers\Data->__construct()
 2 SYSTEMPATH\CodeIgniter.php(488): CodeIgniter\CodeIgniter->createController()
 3 SYSTEMPATH\CodeIgniter.php(366): CodeIgniter\CodeIgniter->handleRequest(null, Object(Config\Cache), false)
 4 FCPATH\index.php(67): CodeIgniter\CodeIgniter->run()
INFO - 2023-08-13 23:14:21 --> Session: Class initialized using 'CodeIgniter\Session\Handlers\FileHandler' driver.
WARNING - 2023-08-13 23:14:21 --> [DEPRECATED] Creation of dynamic property App\Controllers\Data::$ModelData is deprecated in APPPATH\Controllers\Data.php on line 12.
 1 SYSTEMPATH\CodeIgniter.php(904): App\Controllers\Data->__construct()
 2 SYSTEMPATH\CodeIgniter.php(488): CodeIgniter\CodeIgniter->createController()
 3 SYSTEMPATH\CodeIgniter.php(366): CodeIgniter\CodeIgniter->handleRequest(null, Object(Config\Cache), false)
 4 FCPATH\index.php(67): CodeIgniter\CodeIgniter->run()
WARNING - 2023-08-13 23:14:21 --> [DEPRECATED] Creation of dynamic property App\Controllers\Data::$ModelData is deprecated in APPPATH\Controllers\Data.php on line 12.
 1 SYSTEMPATH\CodeIgniter.php(904): App\Controllers\Data->__construct()
 2 SYSTEMPATH\CodeIgniter.php(488): CodeIgniter\CodeIgniter->createController()
 3 SYSTEMPATH\CodeIgniter.php(366): CodeIgniter\CodeIgniter->handleRequest(null, Object(Config\Cache), false)
 4 FCPATH\index.php(67): CodeIgniter\CodeIgniter->run()
INFO - 2023-08-13 23:14:54 --> Session: Class initialized using 'CodeIgniter\Session\Handlers\FileHandler' driver.
WARNING - 2023-08-13 23:14:54 --> [DEPRECATED] Creation of dynamic property App\Controllers\Data::$ModelData is deprecated in APPPATH\Controllers\Data.php on line 12.
 1 SYSTEMPATH\CodeIgniter.php(904): App\Controllers\Data->__construct()
 2 SYSTEMPATH\CodeIgniter.php(488): CodeIgniter\CodeIgniter->createController()
 3 SYSTEMPATH\CodeIgniter.php(366): CodeIgniter\CodeIgniter->handleRequest(null, Object(Config\Cache), false)
 4 FCPATH\index.php(67): CodeIgniter\CodeIgniter->run()
WARNING - 2023-08-13 23:14:54 --> [DEPRECATED] Creation of dynamic property App\Controllers\Data::$ModelData is deprecated in APPPATH\Controllers\Data.php on line 12.
 1 SYSTEMPATH\CodeIgniter.php(904): App\Controllers\Data->__construct()
 2 SYSTEMPATH\CodeIgniter.php(488): CodeIgniter\CodeIgniter->createController()
 3 SYSTEMPATH\CodeIgniter.php(366): CodeIgniter\CodeIgniter->handleRequest(null, Object(Config\Cache), false)
 4 FCPATH\index.php(67): CodeIgniter\CodeIgniter->run()
INFO - 2023-08-13 23:14:55 --> Session: Class initialized using 'CodeIgniter\Session\Handlers\FileHandler' driver.
WARNING - 2023-08-13 23:14:55 --> [DEPRECATED] Creation of dynamic property App\Controllers\Data::$ModelData is deprecated in APPPATH\Controllers\Data.php on line 12.
 1 SYSTEMPATH\CodeIgniter.php(904): App\Controllers\Data->__construct()
 2 SYSTEMPATH\CodeIgniter.php(488): CodeIgniter\CodeIgniter->createController()
 3 SYSTEMPATH\CodeIgniter.php(366): CodeIgniter\CodeIgniter->handleRequest(null, Object(Config\Cache), false)
 4 FCPATH\index.php(67): CodeIgniter\CodeIgniter->run()
WARNING - 2023-08-13 23:14:56 --> [DEPRECATED] Creation of dynamic property App\Controllers\Data::$ModelData is deprecated in APPPATH\Controllers\Data.php on line 12.
 1 SYSTEMPATH\CodeIgniter.php(904): App\Controllers\Data->__construct()
 2 SYSTEMPATH\CodeIgniter.php(488): CodeIgniter\CodeIgniter->createController()
 3 SYSTEMPATH\CodeIgniter.php(366): CodeIgniter\CodeIgniter->handleRequest(null, Object(Config\Cache), false)
 4 FCPATH\index.php(67): CodeIgniter\CodeIgniter->run()
INFO - 2023-08-13 23:20:36 --> Session: Class initialized using 'CodeIgniter\Session\Handlers\FileHandler' driver.
WARNING - 2023-08-13 23:20:36 --> [DEPRECATED] Creation of dynamic property App\Controllers\Data::$ModelData is deprecated in APPPATH\Controllers\Data.php on line 12.
 1 SYSTEMPATH\CodeIgniter.php(904): App\Controllers\Data->__construct()
 2 SYSTEMPATH\CodeIgniter.php(488): CodeIgniter\CodeIgniter->createController()
 3 SYSTEMPATH\CodeIgniter.php(366): CodeIgniter\CodeIgniter->handleRequest(null, Object(Config\Cache), false)
 4 FCPATH\index.php(67): CodeIgniter\CodeIgniter->run()
WARNING - 2023-08-13 23:20:36 --> [DEPRECATED] Creation of dynamic property App\Controllers\Data::$ModelData is deprecated in APPPATH\Controllers\Data.php on line 12.
 1 SYSTEMPATH\CodeIgniter.php(904): App\Controllers\Data->__construct()
 2 SYSTEMPATH\CodeIgniter.php(488): CodeIgniter\CodeIgniter->createController()
 3 SYSTEMPATH\CodeIgniter.php(366): CodeIgniter\CodeIgniter->handleRequest(null, Object(Config\Cache), false)
 4 FCPATH\index.php(67): CodeIgniter\CodeIgniter->run()
INFO - 2023-08-13 23:20:38 --> Session: Class initialized using 'CodeIgniter\Session\Handlers\FileHandler' driver.
WARNING - 2023-08-13 23:20:38 --> [DEPRECATED] Creation of dynamic property App\Controllers\Data::$ModelData is deprecated in APPPATH\Controllers\Data.php on line 12.
 1 SYSTEMPATH\CodeIgniter.php(904): App\Controllers\Data->__construct()
 2 SYSTEMPATH\CodeIgniter.php(488): CodeIgniter\CodeIgniter->createController()
 3 SYSTEMPATH\CodeIgniter.php(366): CodeIgniter\CodeIgniter->handleRequest(null, Object(Config\Cache), false)
 4 FCPATH\index.php(67): CodeIgniter\CodeIgniter->run()
WARNING - 2023-08-13 23:20:38 --> [DEPRECATED] Creation of dynamic property App\Controllers\Data::$ModelData is deprecated in APPPATH\Controllers\Data.php on line 12.
 1 SYSTEMPATH\CodeIgniter.php(904): App\Controllers\Data->__construct()
 2 SYSTEMPATH\CodeIgniter.php(488): CodeIgniter\CodeIgniter->createController()
 3 SYSTEMPATH\CodeIgniter.php(366): CodeIgniter\CodeIgniter->handleRequest(null, Object(Config\Cache), false)
 4 FCPATH\index.php(67): CodeIgniter\CodeIgniter->run()
INFO - 2023-08-13 23:20:49 --> Session: Class initialized using 'CodeIgniter\Session\Handlers\FileHandler' driver.
WARNING - 2023-08-13 23:20:49 --> [DEPRECATED] Creation of dynamic property App\Controllers\Data::$ModelData is deprecated in APPPATH\Controllers\Data.php on line 12.
 1 SYSTEMPATH\CodeIgniter.php(904): App\Controllers\Data->__construct()
 2 SYSTEMPATH\CodeIgniter.php(488): CodeIgniter\CodeIgniter->createController()
 3 SYSTEMPATH\CodeIgniter.php(366): CodeIgniter\CodeIgniter->handleRequest(null, Object(Config\Cache), false)
 4 FCPATH\index.php(67): CodeIgniter\CodeIgniter->run()
WARNING - 2023-08-13 23:20:49 --> [DEPRECATED] Creation of dynamic property App\Controllers\Data::$ModelData is deprecated in APPPATH\Controllers\Data.php on line 12.
 1 SYSTEMPATH\CodeIgniter.php(904): App\Controllers\Data->__construct()
 2 SYSTEMPATH\CodeIgniter.php(488): CodeIgniter\CodeIgniter->createController()
 3 SYSTEMPATH\CodeIgniter.php(366): CodeIgniter\CodeIgniter->handleRequest(null, Object(Config\Cache), false)
 4 FCPATH\index.php(67): CodeIgniter\CodeIgniter->run()
INFO - 2023-08-13 23:20:58 --> Session: Class initialized using 'CodeIgniter\Session\Handlers\FileHandler' driver.
WARNING - 2023-08-13 23:20:58 --> [DEPRECATED] Creation of dynamic property App\Controllers\Data::$ModelData is deprecated in APPPATH\Controllers\Data.php on line 12.
 1 SYSTEMPATH\CodeIgniter.php(904): App\Controllers\Data->__construct()
 2 SYSTEMPATH\CodeIgniter.php(488): CodeIgniter\CodeIgniter->createController()
 3 SYSTEMPATH\CodeIgniter.php(366): CodeIgniter\CodeIgniter->handleRequest(null, Object(Config\Cache), false)
 4 FCPATH\index.php(67): CodeIgniter\CodeIgniter->run()
WARNING - 2023-08-13 23:20:58 --> [DEPRECATED] Creation of dynamic property App\Controllers\Data::$ModelData is deprecated in APPPATH\Controllers\Data.php on line 12.
 1 SYSTEMPATH\CodeIgniter.php(904): App\Controllers\Data->__construct()
 2 SYSTEMPATH\CodeIgniter.php(488): CodeIgniter\CodeIgniter->createController()
 3 SYSTEMPATH\CodeIgniter.php(366): CodeIgniter\CodeIgniter->handleRequest(null, Object(Config\Cache), false)
 4 FCPATH\index.php(67): CodeIgniter\CodeIgniter->run()
INFO - 2023-08-13 23:21:17 --> Session: Class initialized using 'CodeIgniter\Session\Handlers\FileHandler' driver.
WARNING - 2023-08-13 23:21:17 --> [DEPRECATED] Creation of dynamic property App\Controllers\Data::$ModelData is deprecated in APPPATH\Controllers\Data.php on line 12.
 1 SYSTEMPATH\CodeIgniter.php(904): App\Controllers\Data->__construct()
 2 SYSTEMPATH\CodeIgniter.php(488): CodeIgniter\CodeIgniter->createController()
 3 SYSTEMPATH\CodeIgniter.php(366): CodeIgniter\CodeIgniter->handleRequest(null, Object(Config\Cache), false)
 4 FCPATH\index.php(67): CodeIgniter\CodeIgniter->run()
WARNING - 2023-08-13 23:21:17 --> [DEPRECATED] Creation of dynamic property App\Controllers\Data::$ModelData is deprecated in APPPATH\Controllers\Data.php on line 12.
 1 SYSTEMPATH\CodeIgniter.php(904): App\Controllers\Data->__construct()
 2 SYSTEMPATH\CodeIgniter.php(488): CodeIgniter\CodeIgniter->createController()
 3 SYSTEMPATH\CodeIgniter.php(366): CodeIgniter\CodeIgniter->handleRequest(null, Object(Config\Cache), false)
 4 FCPATH\index.php(67): CodeIgniter\CodeIgniter->run()
INFO - 2023-08-13 23:25:55 --> Session: Class initialized using 'CodeIgniter\Session\Handlers\FileHandler' driver.
WARNING - 2023-08-13 23:25:55 --> [DEPRECATED] Creation of dynamic property App\Controllers\Data::$ModelData is deprecated in APPPATH\Controllers\Data.php on line 12.
 1 SYSTEMPATH\CodeIgniter.php(904): App\Controllers\Data->__construct()
 2 SYSTEMPATH\CodeIgniter.php(488): CodeIgniter\CodeIgniter->createController()
 3 SYSTEMPATH\CodeIgniter.php(366): CodeIgniter\CodeIgniter->handleRequest(null, Object(Config\Cache), false)
 4 FCPATH\index.php(67): CodeIgniter\CodeIgniter->run()
WARNING - 2023-08-13 23:25:56 --> [DEPRECATED] Creation of dynamic property App\Controllers\Data::$ModelData is deprecated in APPPATH\Controllers\Data.php on line 12.
 1 SYSTEMPATH\CodeIgniter.php(904): App\Controllers\Data->__construct()
 2 SYSTEMPATH\CodeIgniter.php(488): CodeIgniter\CodeIgniter->createController()
 3 SYSTEMPATH\CodeIgniter.php(366): CodeIgniter\CodeIgniter->handleRequest(null, Object(Config\Cache), false)
 4 FCPATH\index.php(67): CodeIgniter\CodeIgniter->run()
INFO - 2023-08-13 23:26:13 --> Session: Class initialized using 'CodeIgniter\Session\Handlers\FileHandler' driver.
WARNING - 2023-08-13 23:26:13 --> [DEPRECATED] Creation of dynamic property App\Controllers\Data::$ModelData is deprecated in APPPATH\Controllers\Data.php on line 12.
 1 SYSTEMPATH\CodeIgniter.php(904): App\Controllers\Data->__construct()
 2 SYSTEMPATH\CodeIgniter.php(488): CodeIgniter\CodeIgniter->createController()
 3 SYSTEMPATH\CodeIgniter.php(366): CodeIgniter\CodeIgniter->handleRequest(null, Object(Config\Cache), false)
 4 FCPATH\index.php(67): CodeIgniter\CodeIgniter->run()
WARNING - 2023-08-13 23:26:13 --> [DEPRECATED] Creation of dynamic property App\Controllers\Data::$ModelData is deprecated in APPPATH\Controllers\Data.php on line 12.
 1 SYSTEMPATH\CodeIgniter.php(904): App\Controllers\Data->__construct()
 2 SYSTEMPATH\CodeIgniter.php(488): CodeIgniter\CodeIgniter->createController()
 3 SYSTEMPATH\CodeIgniter.php(366): CodeIgniter\CodeIgniter->handleRequest(null, Object(Config\Cache), false)
 4 FCPATH\index.php(67): CodeIgniter\CodeIgniter->run()
INFO - 2023-08-13 23:26:25 --> Session: Class initialized using 'CodeIgniter\Session\Handlers\FileHandler' driver.
WARNING - 2023-08-13 23:26:25 --> [DEPRECATED] Creation of dynamic property App\Controllers\Data::$ModelData is deprecated in APPPATH\Controllers\Data.php on line 12.
 1 SYSTEMPATH\CodeIgniter.php(904): App\Controllers\Data->__construct()
 2 SYSTEMPATH\CodeIgniter.php(488): CodeIgniter\CodeIgniter->createController()
 3 SYSTEMPATH\CodeIgniter.php(366): CodeIgniter\CodeIgniter->handleRequest(null, Object(Config\Cache), false)
 4 FCPATH\index.php(67): CodeIgniter\CodeIgniter->run()
WARNING - 2023-08-13 23:26:26 --> [DEPRECATED] Creation of dynamic property App\Controllers\Data::$ModelData is deprecated in APPPATH\Controllers\Data.php on line 12.
 1 SYSTEMPATH\CodeIgniter.php(904): App\Controllers\Data->__construct()
 2 SYSTEMPATH\CodeIgniter.php(488): CodeIgniter\CodeIgniter->createController()
 3 SYSTEMPATH\CodeIgniter.php(366): CodeIgniter\CodeIgniter->handleRequest(null, Object(Config\Cache), false)
 4 FCPATH\index.php(67): CodeIgniter\CodeIgniter->run()
INFO - 2023-08-13 23:26:28 --> Session: Class initialized using 'CodeIgniter\Session\Handlers\FileHandler' driver.
WARNING - 2023-08-13 23:26:28 --> [DEPRECATED] Creation of dynamic property App\Controllers\Data::$ModelData is deprecated in APPPATH\Controllers\Data.php on line 12.
 1 SYSTEMPATH\CodeIgniter.php(904): App\Controllers\Data->__construct()
 2 SYSTEMPATH\CodeIgniter.php(488): CodeIgniter\CodeIgniter->createController()
 3 SYSTEMPATH\CodeIgniter.php(366): CodeIgniter\CodeIgniter->handleRequest(null, Object(Config\Cache), false)
 4 FCPATH\index.php(67): CodeIgniter\CodeIgniter->run()
WARNING - 2023-08-13 23:26:28 --> [DEPRECATED] Creation of dynamic property App\Controllers\Data::$ModelData is deprecated in APPPATH\Controllers\Data.php on line 12.
 1 SYSTEMPATH\CodeIgniter.php(904): App\Controllers\Data->__construct()
 2 SYSTEMPATH\CodeIgniter.php(488): CodeIgniter\CodeIgniter->createController()
 3 SYSTEMPATH\CodeIgniter.php(366): CodeIgniter\CodeIgniter->handleRequest(null, Object(Config\Cache), false)
 4 FCPATH\index.php(67): CodeIgniter\CodeIgniter->run()
INFO - 2023-08-13 23:26:29 --> Session: Class initialized using 'CodeIgniter\Session\Handlers\FileHandler' driver.
WARNING - 2023-08-13 23:26:29 --> [DEPRECATED] Creation of dynamic property App\Controllers\Data::$ModelData is deprecated in APPPATH\Controllers\Data.php on line 12.
 1 SYSTEMPATH\CodeIgniter.php(904): App\Controllers\Data->__construct()
 2 SYSTEMPATH\CodeIgniter.php(488): CodeIgniter\CodeIgniter->createController()
 3 SYSTEMPATH\CodeIgniter.php(366): CodeIgniter\CodeIgniter->handleRequest(null, Object(Config\Cache), false)
 4 FCPATH\index.php(67): CodeIgniter\CodeIgniter->run()
WARNING - 2023-08-13 23:26:29 --> [DEPRECATED] Creation of dynamic property App\Controllers\Data::$ModelData is deprecated in APPPATH\Controllers\Data.php on line 12.
 1 SYSTEMPATH\CodeIgniter.php(904): App\Controllers\Data->__construct()
 2 SYSTEMPATH\CodeIgniter.php(488): CodeIgniter\CodeIgniter->createController()
 3 SYSTEMPATH\CodeIgniter.php(366): CodeIgniter\CodeIgniter->handleRequest(null, Object(Config\Cache), false)
 4 FCPATH\index.php(67): CodeIgniter\CodeIgniter->run()
INFO - 2023-08-13 23:26:30 --> Session: Class initialized using 'CodeIgniter\Session\Handlers\FileHandler' driver.
WARNING - 2023-08-13 23:26:30 --> [DEPRECATED] Creation of dynamic property App\Controllers\Data::$ModelData is deprecated in APPPATH\Controllers\Data.php on line 12.
 1 SYSTEMPATH\CodeIgniter.php(904): App\Controllers\Data->__construct()
 2 SYSTEMPATH\CodeIgniter.php(488): CodeIgniter\CodeIgniter->createController()
 3 SYSTEMPATH\CodeIgniter.php(366): CodeIgniter\CodeIgniter->handleRequest(null, Object(Config\Cache), false)
 4 FCPATH\index.php(67): CodeIgniter\CodeIgniter->run()
WARNING - 2023-08-13 23:26:31 --> [DEPRECATED] Creation of dynamic property App\Controllers\Data::$ModelData is deprecated in APPPATH\Controllers\Data.php on line 12.
 1 SYSTEMPATH\CodeIgniter.php(904): App\Controllers\Data->__construct()
 2 SYSTEMPATH\CodeIgniter.php(488): CodeIgniter\CodeIgniter->createController()
 3 SYSTEMPATH\CodeIgniter.php(366): CodeIgniter\CodeIgniter->handleRequest(null, Object(Config\Cache), false)
 4 FCPATH\index.php(67): CodeIgniter\CodeIgniter->run()
INFO - 2023-08-13 23:27:34 --> Session: Class initialized using 'CodeIgniter\Session\Handlers\FileHandler' driver.
CRITICAL - 2023-08-13 23:27:34 --> syntax error, unexpected variable "$query"
in APPPATH\Models\ModelData.php on line 46.
 1 SYSTEMPATH\Autoloader\Autoloader.php(289): CodeIgniter\Autoloader\Autoloader->includeFile('C:\\wamp64\\www\\sculing\\app\\Models\\ModelData.php')
 2 SYSTEMPATH\Autoloader\Autoloader.php(267): CodeIgniter\Autoloader\Autoloader->loadInNamespace('App\\Models\\ModelData')
 3 APPPATH\Controllers\Data.php(12): CodeIgniter\Autoloader\Autoloader->loadClass('App\\Models\\ModelData')
 4 SYSTEMPATH\CodeIgniter.php(904): App\Controllers\Data->__construct()
 5 SYSTEMPATH\CodeIgniter.php(488): CodeIgniter\CodeIgniter->createController()
 6 SYSTEMPATH\CodeIgniter.php(366): CodeIgniter\CodeIgniter->handleRequest(null, Object(Config\Cache), false)
 7 FCPATH\index.php(67): CodeIgniter\CodeIgniter->run()
INFO - 2023-08-13 23:27:52 --> Session: Class initialized using 'CodeIgniter\Session\Handlers\FileHandler' driver.
WARNING - 2023-08-13 23:27:52 --> [DEPRECATED] Creation of dynamic property App\Controllers\Data::$ModelData is deprecated in APPPATH\Controllers\Data.php on line 12.
 1 SYSTEMPATH\CodeIgniter.php(904): App\Controllers\Data->__construct()
 2 SYSTEMPATH\CodeIgniter.php(488): CodeIgniter\CodeIgniter->createController()
 3 SYSTEMPATH\CodeIgniter.php(366): CodeIgniter\CodeIgniter->handleRequest(null, Object(Config\Cache), false)
 4 FCPATH\index.php(67): CodeIgniter\CodeIgniter->run()
WARNING - 2023-08-13 23:27:52 --> [DEPRECATED] Creation of dynamic property App\Controllers\Data::$ModelData is deprecated in APPPATH\Controllers\Data.php on line 12.
 1 SYSTEMPATH\CodeIgniter.php(904): App\Controllers\Data->__construct()
 2 SYSTEMPATH\CodeIgniter.php(488): CodeIgniter\CodeIgniter->createController()
 3 SYSTEMPATH\CodeIgniter.php(366): CodeIgniter\CodeIgniter->handleRequest(null, Object(Config\Cache), false)
 4 FCPATH\index.php(67): CodeIgniter\CodeIgniter->run()
INFO - 2023-08-13 23:27:56 --> Session: Class initialized using 'CodeIgniter\Session\Handlers\FileHandler' driver.
WARNING - 2023-08-13 23:27:56 --> [DEPRECATED] Creation of dynamic property App\Controllers\Data::$ModelData is deprecated in APPPATH\Controllers\Data.php on line 12.
 1 SYSTEMPATH\CodeIgniter.php(904): App\Controllers\Data->__construct()
 2 SYSTEMPATH\CodeIgniter.php(488): CodeIgniter\CodeIgniter->createController()
 3 SYSTEMPATH\CodeIgniter.php(366): CodeIgniter\CodeIgniter->handleRequest(null, Object(Config\Cache), false)
 4 FCPATH\index.php(67): CodeIgniter\CodeIgniter->run()
WARNING - 2023-08-13 23:27:56 --> [DEPRECATED] Creation of dynamic property App\Controllers\Data::$ModelData is deprecated in APPPATH\Controllers\Data.php on line 12.
 1 SYSTEMPATH\CodeIgniter.php(904): App\Controllers\Data->__construct()
 2 SYSTEMPATH\CodeIgniter.php(488): CodeIgniter\CodeIgniter->createController()
 3 SYSTEMPATH\CodeIgniter.php(366): CodeIgniter\CodeIgniter->handleRequest(null, Object(Config\Cache), false)
 4 FCPATH\index.php(67): CodeIgniter\CodeIgniter->run()
INFO - 2023-08-13 23:28:24 --> Session: Class initialized using 'CodeIgniter\Session\Handlers\FileHandler' driver.
WARNING - 2023-08-13 23:28:24 --> [DEPRECATED] Creation of dynamic property App\Controllers\Data::$ModelData is deprecated in APPPATH\Controllers\Data.php on line 12.
 1 SYSTEMPATH\CodeIgniter.php(904): App\Controllers\Data->__construct()
 2 SYSTEMPATH\CodeIgniter.php(488): CodeIgniter\CodeIgniter->createController()
 3 SYSTEMPATH\CodeIgniter.php(366): CodeIgniter\CodeIgniter->handleRequest(null, Object(Config\Cache), false)
 4 FCPATH\index.php(67): CodeIgniter\CodeIgniter->run()
WARNING - 2023-08-13 23:28:24 --> [DEPRECATED] Creation of dynamic property App\Controllers\Data::$ModelData is deprecated in APPPATH\Controllers\Data.php on line 12.
 1 SYSTEMPATH\CodeIgniter.php(904): App\Controllers\Data->__construct()
 2 SYSTEMPATH\CodeIgniter.php(488): CodeIgniter\CodeIgniter->createController()
 3 SYSTEMPATH\CodeIgniter.php(366): CodeIgniter\CodeIgniter->handleRequest(null, Object(Config\Cache), false)
 4 FCPATH\index.php(67): CodeIgniter\CodeIgniter->run()
INFO - 2023-08-13 23:28:56 --> Session: Class initialized using 'CodeIgniter\Session\Handlers\FileHandler' driver.
WARNING - 2023-08-13 23:28:56 --> [DEPRECATED] Creation of dynamic property App\Controllers\Data::$ModelData is deprecated in APPPATH\Controllers\Data.php on line 12.
 1 SYSTEMPATH\CodeIgniter.php(904): App\Controllers\Data->__construct()
 2 SYSTEMPATH\CodeIgniter.php(488): CodeIgniter\CodeIgniter->createController()
 3 SYSTEMPATH\CodeIgniter.php(366): CodeIgniter\CodeIgniter->handleRequest(null, Object(Config\Cache), false)
 4 FCPATH\index.php(67): CodeIgniter\CodeIgniter->run()
WARNING - 2023-08-13 23:28:57 --> [DEPRECATED] Creation of dynamic property App\Controllers\Data::$ModelData is deprecated in APPPATH\Controllers\Data.php on line 12.
 1 SYSTEMPATH\CodeIgniter.php(904): App\Controllers\Data->__construct()
 2 SYSTEMPATH\CodeIgniter.php(488): CodeIgniter\CodeIgniter->createController()
 3 SYSTEMPATH\CodeIgniter.php(366): CodeIgniter\CodeIgniter->handleRequest(null, Object(Config\Cache), false)
 4 FCPATH\index.php(67): CodeIgniter\CodeIgniter->run()
INFO - 2023-08-13 23:28:59 --> Session: Class initialized using 'CodeIgniter\Session\Handlers\FileHandler' driver.
WARNING - 2023-08-13 23:28:59 --> [DEPRECATED] Creation of dynamic property App\Controllers\Data::$ModelData is deprecated in APPPATH\Controllers\Data.php on line 12.
 1 SYSTEMPATH\CodeIgniter.php(904): App\Controllers\Data->__construct()
 2 SYSTEMPATH\CodeIgniter.php(488): CodeIgniter\CodeIgniter->createController()
 3 SYSTEMPATH\CodeIgniter.php(366): CodeIgniter\CodeIgniter->handleRequest(null, Object(Config\Cache), false)
 4 FCPATH\index.php(67): CodeIgniter\CodeIgniter->run()
WARNING - 2023-08-13 23:29:00 --> [DEPRECATED] Creation of dynamic property App\Controllers\Data::$ModelData is deprecated in APPPATH\Controllers\Data.php on line 12.
 1 SYSTEMPATH\CodeIgniter.php(904): App\Controllers\Data->__construct()
 2 SYSTEMPATH\CodeIgniter.php(488): CodeIgniter\CodeIgniter->createController()
 3 SYSTEMPATH\CodeIgniter.php(366): CodeIgniter\CodeIgniter->handleRequest(null, Object(Config\Cache), false)
 4 FCPATH\index.php(67): CodeIgniter\CodeIgniter->run()
INFO - 2023-08-13 23:29:20 --> Session: Class initialized using 'CodeIgniter\Session\Handlers\FileHandler' driver.
WARNING - 2023-08-13 23:29:20 --> [DEPRECATED] Creation of dynamic property App\Controllers\Data::$ModelData is deprecated in APPPATH\Controllers\Data.php on line 12.
 1 SYSTEMPATH\CodeIgniter.php(904): App\Controllers\Data->__construct()
 2 SYSTEMPATH\CodeIgniter.php(488): CodeIgniter\CodeIgniter->createController()
 3 SYSTEMPATH\CodeIgniter.php(366): CodeIgniter\CodeIgniter->handleRequest(null, Object(Config\Cache), false)
 4 FCPATH\index.php(67): CodeIgniter\CodeIgniter->run()
WARNING - 2023-08-13 23:29:20 --> [DEPRECATED] Creation of dynamic property App\Controllers\Data::$ModelData is deprecated in APPPATH\Controllers\Data.php on line 12.
 1 SYSTEMPATH\CodeIgniter.php(904): App\Controllers\Data->__construct()
 2 SYSTEMPATH\CodeIgniter.php(488): CodeIgniter\CodeIgniter->createController()
 3 SYSTEMPATH\CodeIgniter.php(366): CodeIgniter\CodeIgniter->handleRequest(null, Object(Config\Cache), false)
 4 FCPATH\index.php(67): CodeIgniter\CodeIgniter->run()
INFO - 2023-08-13 23:29:44 --> Session: Class initialized using 'CodeIgniter\Session\Handlers\FileHandler' driver.
WARNING - 2023-08-13 23:29:44 --> [DEPRECATED] Creation of dynamic property App\Controllers\Data::$ModelData is deprecated in APPPATH\Controllers\Data.php on line 12.
 1 SYSTEMPATH\CodeIgniter.php(904): App\Controllers\Data->__construct()
 2 SYSTEMPATH\CodeIgniter.php(488): CodeIgniter\CodeIgniter->createController()
 3 SYSTEMPATH\CodeIgniter.php(366): CodeIgniter\CodeIgniter->handleRequest(null, Object(Config\Cache), false)
 4 FCPATH\index.php(67): CodeIgniter\CodeIgniter->run()
WARNING - 2023-08-13 23:29:44 --> [DEPRECATED] Creation of dynamic property App\Controllers\Data::$ModelData is deprecated in APPPATH\Controllers\Data.php on line 12.
 1 SYSTEMPATH\CodeIgniter.php(904): App\Controllers\Data->__construct()
 2 SYSTEMPATH\CodeIgniter.php(488): CodeIgniter\CodeIgniter->createController()
 3 SYSTEMPATH\CodeIgniter.php(366): CodeIgniter\CodeIgniter->handleRequest(null, Object(Config\Cache), false)
 4 FCPATH\index.php(67): CodeIgniter\CodeIgniter->run()
INFO - 2023-08-13 23:29:45 --> Session: Class initialized using 'CodeIgniter\Session\Handlers\FileHandler' driver.
WARNING - 2023-08-13 23:29:45 --> [DEPRECATED] Creation of dynamic property App\Controllers\Data::$ModelData is deprecated in APPPATH\Controllers\Data.php on line 12.
 1 SYSTEMPATH\CodeIgniter.php(904): App\Controllers\Data->__construct()
 2 SYSTEMPATH\CodeIgniter.php(488): CodeIgniter\CodeIgniter->createController()
 3 SYSTEMPATH\CodeIgniter.php(366): CodeIgniter\CodeIgniter->handleRequest(null, Object(Config\Cache), false)
 4 FCPATH\index.php(67): CodeIgniter\CodeIgniter->run()
WARNING - 2023-08-13 23:29:45 --> [DEPRECATED] Creation of dynamic property App\Controllers\Data::$ModelData is deprecated in APPPATH\Controllers\Data.php on line 12.
 1 SYSTEMPATH\CodeIgniter.php(904): App\Controllers\Data->__construct()
 2 SYSTEMPATH\CodeIgniter.php(488): CodeIgniter\CodeIgniter->createController()
 3 SYSTEMPATH\CodeIgniter.php(366): CodeIgniter\CodeIgniter->handleRequest(null, Object(Config\Cache), false)
 4 FCPATH\index.php(67): CodeIgniter\CodeIgniter->run()
INFO - 2023-08-13 23:29:46 --> Session: Class initialized using 'CodeIgniter\Session\Handlers\FileHandler' driver.
WARNING - 2023-08-13 23:29:46 --> [DEPRECATED] Creation of dynamic property App\Controllers\Data::$ModelData is deprecated in APPPATH\Controllers\Data.php on line 12.
 1 SYSTEMPATH\CodeIgniter.php(904): App\Controllers\Data->__construct()
 2 SYSTEMPATH\CodeIgniter.php(488): CodeIgniter\CodeIgniter->createController()
 3 SYSTEMPATH\CodeIgniter.php(366): CodeIgniter\CodeIgniter->handleRequest(null, Object(Config\Cache), false)
 4 FCPATH\index.php(67): CodeIgniter\CodeIgniter->run()
WARNING - 2023-08-13 23:29:47 --> [DEPRECATED] Creation of dynamic property App\Controllers\Data::$ModelData is deprecated in APPPATH\Controllers\Data.php on line 12.
 1 SYSTEMPATH\CodeIgniter.php(904): App\Controllers\Data->__construct()
 2 SYSTEMPATH\CodeIgniter.php(488): CodeIgniter\CodeIgniter->createController()
 3 SYSTEMPATH\CodeIgniter.php(366): CodeIgniter\CodeIgniter->handleRequest(null, Object(Config\Cache), false)
 4 FCPATH\index.php(67): CodeIgniter\CodeIgniter->run()
